<?xml version="1.0" encoding="UTF-8"?>
<!-- Generated by org.testng.reporters.JUnitXMLReporter -->
<testsuite ignored="0" hostname="DESKTOP-FU6EMRP" failures="0" tests="3" name="LinkedInTests_myConnectionsTest" time="59.697" errors="0" timestamp="23 Aug 2021 08:26:34 GMT">
  <testcase classname="iiitd.nrl.evalapp.TrakBytesData" name="copyTrakBytes" time="3.932"/>
  <testcase classname="iiitd.nrl.evalapp.LinkedInTests_myConnections" name="myConnections" time="11.671"/>
  <testcase classname="iiitd.nrl.evalapp.TrakBytesUpload" name="copyTrakBytes" time="3.873"/>
</testsuite> <!-- LinkedInTests_myConnectionsTest -->
