<?xml version="1.0" encoding="UTF-8"?>
<!-- Generated by org.testng.reporters.JUnitXMLReporter -->
<testsuite ignored="0" hostname="DESKTOP-FU6EMRP" failures="0" tests="3" name="LinkedInTests_myConnectionsTest" time="63.261" errors="0" timestamp="20 Aug 2021 10:30:33 GMT">
  <testcase classname="iiitd.nrl.evalapp.TrakBytesData" name="copyTrakBytes" time="3.933"/>
  <testcase classname="iiitd.nrl.evalapp.LinkedInTests_myConnections" name="myConnections" time="12.726"/>
  <testcase classname="iiitd.nrl.evalapp.TrakBytesUpload" name="copyTrakBytes" time="3.874"/>
</testsuite> <!-- LinkedInTests_myConnectionsTest -->
