<?xml version="1.0" encoding="UTF-8"?>
<!-- Generated by org.testng.reporters.JUnitXMLReporter -->
<testsuite ignored="0" hostname="DESKTOP-FU6EMRP" failures="0" tests="3" name="HotstarTests_trendingTest" time="71.859" errors="0" timestamp="20 Aug 2021 10:29:29 GMT">
  <testcase classname="iiitd.nrl.evalapp.HotstarTests_trending" name="@BeforeMethod launchCap" time="0.0">
    <failure type="java.lang.NullPointerException">
      <![CDATA[java.lang.NullPointerException
	at iiitd.nrl.evalapp.MyDatabase.addTestResult(MyDatabase.java:138)
	at iiitd.nrl.evalapp.HotstarTests_trending.launchCap(HotstarTests_trending.java:62)
	at iiitd.nrl.evalapp.MainLauncher.main(MainLauncher.java:237)
... Removed 24 stack frames]]>
    </failure>
  </testcase> <!-- @BeforeMethod launchCap -->
  <testcase classname="iiitd.nrl.evalapp.HotstarTests_trending" name="@AfterMethod restart" time="0.0">
    <skipped/>
  </testcase> <!-- @AfterMethod restart -->
  <testcase classname="iiitd.nrl.evalapp.TrakBytesData" name="copyTrakBytes" time="3.917"/>
  <testcase classname="iiitd.nrl.evalapp.HotstarTests_trending" name="trendingTest" time="0.001">
    <skipped/>
  </testcase> <!-- trendingTest -->
  <testcase classname="iiitd.nrl.evalapp.TrakBytesUpload" name="copyTrakBytes" time="3.9"/>
</testsuite> <!-- HotstarTests_trendingTest -->
