<?xml version="1.0" encoding="UTF-8"?>
<!-- Generated by org.testng.reporters.JUnitXMLReporter -->
<testsuite ignored="0" hostname="DESKTOP-FU6EMRP" failures="0" tests="3" name="HotstarTests_searchTest" time="74.211" errors="0" timestamp="20 Aug 2021 10:28:18 GMT">
  <testcase classname="iiitd.nrl.evalapp.TrakBytesData" name="copyTrakBytes" time="3.864"/>
  <testcase classname="iiitd.nrl.evalapp.HotstarTests_search" name="searchTest" time="20.815"/>
  <testcase classname="iiitd.nrl.evalapp.TrakBytesUpload" name="copyTrakBytes" time="3.897"/>
</testsuite> <!-- HotstarTests_searchTest -->
