<?xml version="1.0" encoding="UTF-8"?>
<!-- Generated by org.testng.reporters.JUnitXMLReporter -->
<testsuite ignored="0" hostname="DESKTOP-FU6EMRP" failures="0" tests="3" name="HotstarTests_searchTest" time="71.035" errors="0" timestamp="23 Aug 2021 08:22:29 GMT">
  <testcase classname="iiitd.nrl.evalapp.TrakBytesData" name="copyTrakBytes" time="3.956"/>
  <testcase classname="iiitd.nrl.evalapp.HotstarTests_search" name="searchTest" time="18.036"/>
  <testcase classname="iiitd.nrl.evalapp.TrakBytesUpload" name="copyTrakBytes" time="4.197"/>
</testsuite> <!-- HotstarTests_searchTest -->
