<?xml version="1.0" encoding="UTF-8"?>
<!-- Generated by org.testng.reporters.JUnitXMLReporter -->
<testsuite ignored="0" hostname="DESKTOP-FU6EMRP" failures="0" tests="3" name="Youtube_PlayVideo2Test" time="78.851" errors="0" timestamp="06 Sep 2021 17:00:29 GMT">
  <testcase classname="iiitd.nrl.evalapp.TrakBytesData" name="copyTrakBytes" time="3.88"/>
  <testcase classname="iiitd.nrl.evalapp.Youtube_PlayVid" name="playTest" time="21.325"/>
  <testcase classname="iiitd.nrl.evalapp.TrakBytesUpload" name="copyTrakBytes" time="3.769"/>
</testsuite> <!-- Youtube_PlayVideo2Test -->
