<?xml version="1.0" encoding="UTF-8"?>
<!-- Generated by org.testng.reporters.JUnitXMLReporter -->
<testsuite ignored="0" hostname="DESKTOP-FU6EMRP" failures="0" tests="3" name="GooglenewsTestsTest" time="79.357" errors="0" timestamp="06 Sep 2021 14:23:51 GMT">
  <testcase classname="iiitd.nrl.evalapp.TrakBytesData" name="copyTrakBytes" time="3.872"/>
  <testcase classname="iiitd.nrl.evalapp.GooglenewsTests" name="searchTest" time="23.295"/>
  <testcase classname="iiitd.nrl.evalapp.TrakBytesUpload" name="copyTrakBytes" time="3.858"/>
</testsuite> <!-- GooglenewsTestsTest -->
