<?xml version="1.0" encoding="UTF-8"?>
<!-- Generated by org.testng.reporters.JUnitXMLReporter -->
<testsuite ignored="0" hostname="DESKTOP-FU6EMRP" failures="0" tests="3" name="GooglenewsTestsTest" time="73.978" errors="0" timestamp="23 Aug 2021 08:21:18 GMT">
  <testcase classname="iiitd.nrl.evalapp.TrakBytesData" name="copyTrakBytes" time="4.261"/>
  <testcase classname="iiitd.nrl.evalapp.GooglenewsTests" name="searchTest" time="26.787"/>
  <testcase classname="iiitd.nrl.evalapp.TrakBytesUpload" name="copyTrakBytes" time="3.936"/>
</testsuite> <!-- GooglenewsTestsTest -->
