<?xml version="1.0" encoding="UTF-8"?>
<!-- Generated by org.testng.reporters.JUnitXMLReporter -->
<testsuite ignored="0" hostname="DESKTOP-FU6EMRP" failures="0" tests="3" name="Flipkart_Test5Test" time="107.566" errors="0" timestamp="14 Nov 2021 15:18:02 GMT">
  <testcase classname="iiitd.nrl.evalapp.TrakBytesData" name="copyTrakBytes" time="3.959"/>
  <testcase classname="iiitd.nrl.evalapp.Flipkart_action5" name="getProduct" time="58.837"/>
  <testcase classname="iiitd.nrl.evalapp.TrakBytesUpload" name="copyTrakBytes" time="3.891"/>
</testsuite> <!-- Flipkart_Test5Test -->
