<?xml version="1.0" encoding="UTF-8"?>
<!-- Generated by org.testng.reporters.JUnitXMLReporter -->
<testsuite ignored="0" hostname="DESKTOP-FU6EMRP" failures="0" tests="3" name="HotstarTests_search2Test" time="79.934" errors="0" timestamp="06 Sep 2021 16:52:17 GMT">
  <testcase classname="iiitd.nrl.evalapp.TrakBytesData" name="copyTrakBytes" time="3.867"/>
  <testcase classname="iiitd.nrl.evalapp.Hotstar_PlayVid" name="playTest" time="22.444"/>
  <testcase classname="iiitd.nrl.evalapp.TrakBytesUpload" name="copyTrakBytes" time="4.545"/>
</testsuite> <!-- HotstarTests_search2Test -->
