<?xml version="1.0" encoding="UTF-8"?>
<!-- Generated by org.testng.reporters.JUnitXMLReporter -->
<testsuite ignored="0" hostname="LAPTOP-GLU95BCM" failures="1" tests="5" name="AppiumTests" time="105.197" errors="0" timestamp="21 Mar 2021 03:53:27 GMT">
  <testcase classname="iiitd.nrl.evalapp.YouTubeTest_PlayVideo" name="@BeforeMethod launchCap" time="0.0">
    <failure type="org.openqa.selenium.WebDriverException" message="An unknown server-side error occurred while processing the command. Original error: Cannot start the &amp;apos;com.google.android.youtube&amp;apos; application. Visit https://github.com/appium/appium/blob/master/docs/en/writing-running-appium/android/activity-startup.md for troubleshooting. Original error: &amp;apos;com.google.android.youtube.HomeActivity&amp;apos; or &amp;apos;com.google.android.youtube.com.google.android.youtube.HomeActivity&amp;apos; never started. Visit https://github.com/appium/appium/blob/master/docs/en/writing-running-appium/android/activity-startup.md for troubleshooting
Build info: version: &amp;apos;3.141.59&amp;apos;, revision: &amp;apos;e82be7d358&amp;apos;, time: &amp;apos;2018-11-14T08:17:03&amp;apos;
System info: host: &amp;apos;LAPTOP-GLU95BCM&amp;apos;, ip: &amp;apos;192.168.1.3&amp;apos;, os.name: &amp;apos;Windows 10&amp;apos;, os.arch: &amp;apos;amd64&amp;apos;, os.version: &amp;apos;10.0&amp;apos;, java.version: &amp;apos;15&amp;apos;
Driver info: io.appium.java_client.android.AndroidDriver
Capabilities {autoAcceptAlerts: true, autoGrantPermissions: true, databaseEnabled: false, desired: {autoAcceptAlerts: true, autoGrantPermissions: true, fullReset: false, noReset: true, platformName: android, uiautomator2ServerInstallTimeout: 60000}, deviceApiLevel: 22, deviceManufacturer: LENOVO, deviceModel: Lenovo A6020a40, deviceName: c989fa9d, deviceScreenDensity: 320, deviceScreenSize: 720x1280, deviceUDID: c989fa9d, fullReset: false, javascriptEnabled: true, locationContextEnabled: false, networkConnectionEnabled: true, noReset: true, pixelRatio: 2, platform: LINUX, platformName: Android, platformVersion: 5.1.1, statBarHeight: 50, takesScreenshot: true, uiautomator2ServerInstallTimeout: 60000, viewportRect: {height: 1230, left: 0, top: 50, width: 720}, warnings: {}, webStorageEnabled: false}
Session ID: 1b30a617-d0cf-45be-8968-e7c5c348f430">
      <![CDATA[org.openqa.selenium.WebDriverException: An unknown server-side error occurred while processing the command. Original error: Cannot start the 'com.google.android.youtube' application. Visit https://github.com/appium/appium/blob/master/docs/en/writing-running-appium/android/activity-startup.md for troubleshooting. Original error: 'com.google.android.youtube.HomeActivity' or 'com.google.android.youtube.com.google.android.youtube.HomeActivity' never started. Visit https://github.com/appium/appium/blob/master/docs/en/writing-running-appium/android/activity-startup.md for troubleshooting
Build info: version: '3.141.59', revision: 'e82be7d358', time: '2018-11-14T08:17:03'
System info: host: 'LAPTOP-GLU95BCM', ip: '192.168.1.3', os.name: 'Windows 10', os.arch: 'amd64', os.version: '10.0', java.version: '15'
Driver info: io.appium.java_client.android.AndroidDriver
Capabilities {autoAcceptAlerts: true, autoGrantPermissions: true, databaseEnabled: false, desired: {autoAcceptAlerts: true, autoGrantPermissions: true, fullReset: false, noReset: true, platformName: android, uiautomator2ServerInstallTimeout: 60000}, deviceApiLevel: 22, deviceManufacturer: LENOVO, deviceModel: Lenovo A6020a40, deviceName: c989fa9d, deviceScreenDensity: 320, deviceScreenSize: 720x1280, deviceUDID: c989fa9d, fullReset: false, javascriptEnabled: true, locationContextEnabled: false, networkConnectionEnabled: true, noReset: true, pixelRatio: 2, platform: LINUX, platformName: Android, platformVersion: 5.1.1, statBarHeight: 50, takesScreenshot: true, uiautomator2ServerInstallTimeout: 60000, viewportRect: {height: 1230, left: 0, top: 50, width: 720}, warnings: {}, webStorageEnabled: false}
Session ID: 1b30a617-d0cf-45be-8968-e7c5c348f430
	at org.openqa.selenium.remote.http.W3CHttpResponseCodec.createException(W3CHttpResponseCodec.java:187)
	at org.openqa.selenium.remote.http.W3CHttpResponseCodec.decode(W3CHttpResponseCodec.java:122)
	at org.openqa.selenium.remote.http.W3CHttpResponseCodec.decode(W3CHttpResponseCodec.java:49)
	at org.openqa.selenium.remote.HttpCommandExecutor.execute(HttpCommandExecutor.java:158)
	at io.appium.java_client.remote.AppiumCommandExecutor.execute(AppiumCommandExecutor.java:239)
	at org.openqa.selenium.remote.RemoteWebDriver.execute(RemoteWebDriver.java:552)
	at io.appium.java_client.DefaultGenericMobileDriver.execute(DefaultGenericMobileDriver.java:41)
	at io.appium.java_client.AppiumDriver.execute(AppiumDriver.java:1)
	at io.appium.java_client.android.AndroidDriver.execute(AndroidDriver.java:1)
	at io.appium.java_client.CommandExecutionHelper.execute(CommandExecutionHelper.java:27)
	at io.appium.java_client.android.StartsActivity.startActivity(StartsActivity.java:45)
	at iiitd.nrl.evalapp.YouTubeTest_PlayVideo.launchCap(YouTubeTest_PlayVideo.java:45)
	at iiitd.nrl.evalapp.MainLauncher.main(MainLauncher.java:111)
... Removed 29 stack frames]]>
    </failure>
  </testcase> <!-- @BeforeMethod launchCap -->
  <testcase classname="iiitd.nrl.evalapp.YouTubeTest_PlayVideo" name="@AfterMethod restart" time="0.0">
    <skipped/>
  </testcase> <!-- @AfterMethod restart -->
  <testcase classname="iiitd.nrl.evalapp.GoogleMapsTest" name="@AfterMethod restart" time="0.0">
    <failure type="java.lang.NullPointerException" message="Cannot invoke &amp;quot;com.mongodb.client.MongoCollection.insertOne(Object)&amp;quot; because &amp;quot;iiitd.nrl.evalapp.MyDatabase.student_collection&amp;quot; is null">
      <![CDATA[java.lang.NullPointerException: Cannot invoke "com.mongodb.client.MongoCollection.insertOne(Object)" because "iiitd.nrl.evalapp.MyDatabase.student_collection" is null
	at iiitd.nrl.evalapp.MyDatabase.addTestResult(MyDatabase.java:124)
	at iiitd.nrl.evalapp.GoogleMapsTest.restart(GoogleMapsTest.java:94)
	at iiitd.nrl.evalapp.MainLauncher.main(MainLauncher.java:111)
... Removed 24 stack frames]]>
    </failure>
  </testcase> <!-- @AfterMethod restart -->
  <testcase classname="iiitd.nrl.evalapp.DailyhuntTests" name="@AfterMethod restart" time="0.0">
    <failure type="java.lang.NullPointerException" message="Cannot invoke &amp;quot;com.mongodb.client.MongoCollection.insertOne(Object)&amp;quot; because &amp;quot;iiitd.nrl.evalapp.MyDatabase.student_collection&amp;quot; is null">
      <![CDATA[java.lang.NullPointerException: Cannot invoke "com.mongodb.client.MongoCollection.insertOne(Object)" because "iiitd.nrl.evalapp.MyDatabase.student_collection" is null
	at iiitd.nrl.evalapp.MyDatabase.addTestResult(MyDatabase.java:124)
	at iiitd.nrl.evalapp.DailyhuntTests.restart(DailyhuntTests.java:131)
	at iiitd.nrl.evalapp.MainLauncher.main(MainLauncher.java:111)
... Removed 24 stack frames]]>
    </failure>
  </testcase> <!-- @AfterMethod restart -->
  <testcase classname="iiitd.nrl.evalapp.TrakBytesUpload" name="@AfterMethod restart" time="0.0">
    <failure type="java.lang.NullPointerException" message="Cannot invoke &amp;quot;com.mongodb.client.MongoCollection.insertOne(Object)&amp;quot; because &amp;quot;iiitd.nrl.evalapp.MyDatabase.student_collection&amp;quot; is null">
      <![CDATA[java.lang.NullPointerException: Cannot invoke "com.mongodb.client.MongoCollection.insertOne(Object)" because "iiitd.nrl.evalapp.MyDatabase.student_collection" is null
	at iiitd.nrl.evalapp.MyDatabase.uploadPacketsData(MyDatabase.java:135)
	at iiitd.nrl.evalapp.TrakBytesUpload.restart(TrakBytesUpload.java:68)
	at iiitd.nrl.evalapp.MainLauncher.main(MainLauncher.java:111)
... Removed 24 stack frames]]>
    </failure>
  </testcase> <!-- @AfterMethod restart -->
  <testcase classname="iiitd.nrl.evalapp.TrakBytesData" name="copyTrakBytes" time="3.294"/>
  <testcase classname="iiitd.nrl.evalapp.YouTubeTest_PlayVideo" name="playTest" time="0.0">
    <skipped/>
  </testcase> <!-- playTest -->
  <testcase classname="iiitd.nrl.evalapp.GoogleMapsTest" name="searchPlace" time="50.05">
    <failure type="org.openqa.selenium.TimeoutException" message="Expected condition failed: waiting for visibility of element located by By.xpath: /hierarchy/android.widget.FrameLayout/android.widget.LinearLayout/android.widget.FrameLayout/android.widget.LinearLayout/android.widget.FrameLayout/android.widget.FrameLayout/androidx.drawerlayout.widget.DrawerLayout/android.widget.LinearLayout/android.view.ViewGroup/android.widget.FrameLayout[3]/android.widget.FrameLayout/android.widget.FrameLayout/android.widget.LinearLayout/android.widget.FrameLayout/android.widget.LinearLayout/android.widget.FrameLayout/android.widget.LinearLayout/android.widget.EditText/android.widget.TextView (tried for 50 second(s) with 500 milliseconds interval)">
      <![CDATA[org.openqa.selenium.TimeoutException: Expected condition failed: waiting for visibility of element located by By.xpath: /hierarchy/android.widget.FrameLayout/android.widget.LinearLayout/android.widget.FrameLayout/android.widget.LinearLayout/android.widget.FrameLayout/android.widget.FrameLayout/androidx.drawerlayout.widget.DrawerLayout/android.widget.LinearLayout/android.view.ViewGroup/android.widget.FrameLayout[3]/android.widget.FrameLayout/android.widget.FrameLayout/android.widget.LinearLayout/android.widget.FrameLayout/android.widget.LinearLayout/android.widget.FrameLayout/android.widget.LinearLayout/android.widget.EditText/android.widget.TextView (tried for 50 second(s) with 500 milliseconds interval)
	at org.openqa.selenium.support.ui.WebDriverWait.timeoutException(WebDriverWait.java:95)
	at org.openqa.selenium.support.ui.FluentWait.until(FluentWait.java:272)
	at iiitd.nrl.evalapp.GoogleMapsTest.searchPlace(GoogleMapsTest.java:145)
	at iiitd.nrl.evalapp.MainLauncher.main(MainLauncher.java:111)
Caused by: org.openqa.selenium.NoSuchElementException: An element could not be located on the page using the given search parameters.
For documentation on this error, please visit: https://www.seleniumhq.org/exceptions/no_such_element.html
Build info: version: '3.141.59', revision: 'e82be7d358', time: '2018-11-14T08:17:03'
System info: host: 'LAPTOP-GLU95BCM', ip: '192.168.1.3', os.name: 'Windows 10', os.arch: 'amd64', os.version: '10.0', java.version: '15'
Driver info: io.appium.java_client.android.AndroidDriver
Capabilities {autoAcceptAlerts: true, autoGrantPermissions: true, databaseEnabled: false, desired: {autoAcceptAlerts: true, autoGrantPermissions: true, fullReset: false, noReset: true, platformName: android, uiautomator2ServerInstallTimeout: 60000}, deviceApiLevel: 22, deviceManufacturer: LENOVO, deviceModel: Lenovo A6020a40, deviceName: c989fa9d, deviceScreenDensity: 320, deviceScreenSize: 720x1280, deviceUDID: c989fa9d, fullReset: false, javascriptEnabled: true, locationContextEnabled: false, networkConnectionEnabled: true, noReset: true, pixelRatio: 2, platform: LINUX, platformName: Android, platformVersion: 5.1.1, statBarHeight: 50, takesScreenshot: true, uiautomator2ServerInstallTimeout: 60000, viewportRect: {height: 1230, left: 0, top: 50, width: 720}, warnings: {}, webStorageEnabled: false}
Session ID: 1b30a617-d0cf-45be-8968-e7c5c348f430
*** Element info: {Using=xpath, value=/hierarchy/android.widget.FrameLayout/android.widget.LinearLayout/android.widget.FrameLayout/android.widget.LinearLayout/android.widget.FrameLayout/android.widget.FrameLayout/androidx.drawerlayout.widget.DrawerLayout/android.widget.LinearLayout/android.view.ViewGroup/android.widget.FrameLayout[3]/android.widget.FrameLayout/android.widget.FrameLayout/android.widget.LinearLayout/android.widget.FrameLayout/android.widget.LinearLayout/android.widget.FrameLayout/android.widget.LinearLayout/android.widget.EditText/android.widget.TextView}
	at org.openqa.selenium.remote.http.W3CHttpResponseCodec.createException(W3CHttpResponseCodec.java:187)
	at org.openqa.selenium.remote.http.W3CHttpResponseCodec.decode(W3CHttpResponseCodec.java:122)
	at org.openqa.selenium.remote.http.W3CHttpResponseCodec.decode(W3CHttpResponseCodec.java:49)
	at org.openqa.selenium.remote.HttpCommandExecutor.execute(HttpCommandExecutor.java:158)
	at io.appium.java_client.remote.AppiumCommandExecutor.execute(AppiumCommandExecutor.java:239)
	at org.openqa.selenium.remote.RemoteWebDriver.execute(RemoteWebDriver.java:552)
	at io.appium.java_client.DefaultGenericMobileDriver.execute(DefaultGenericMobileDriver.java:41)
	at io.appium.java_client.AppiumDriver.execute(AppiumDriver.java:1)
	at io.appium.java_client.android.AndroidDriver.execute(AndroidDriver.java:1)
	at org.openqa.selenium.remote.RemoteWebDriver.findElement(RemoteWebDriver.java:323)
	at io.appium.java_client.DefaultGenericMobileDriver.findElement(DefaultGenericMobileDriver.java:61)
	at io.appium.java_client.AppiumDriver.findElement(AppiumDriver.java:1)
	at io.appium.java_client.android.AndroidDriver.findElement(AndroidDriver.java:1)
	at org.openqa.selenium.remote.RemoteWebDriver.findElementByXPath(RemoteWebDriver.java:428)
	at io.appium.java_client.DefaultGenericMobileDriver.findElementByXPath(DefaultGenericMobileDriver.java:151)
	at io.appium.java_client.AppiumDriver.findElementByXPath(AppiumDriver.java:1)
	at io.appium.java_client.android.AndroidDriver.findElementByXPath(AndroidDriver.java:1)
	at org.openqa.selenium.By$ByXPath.findElement(By.java:353)
	at org.openqa.selenium.remote.RemoteWebDriver.findElement(RemoteWebDriver.java:315)
	at io.appium.java_client.DefaultGenericMobileDriver.findElement(DefaultGenericMobileDriver.java:57)
	at io.appium.java_client.AppiumDriver.findElement(AppiumDriver.java:1)
	at io.appium.java_client.android.AndroidDriver.findElement(AndroidDriver.java:1)
	at org.openqa.selenium.support.ui.ExpectedConditions$7.apply(ExpectedConditions.java:205)
	at org.openqa.selenium.support.ui.ExpectedConditions$7.apply(ExpectedConditions.java:201)
	at org.openqa.selenium.support.ui.FluentWait.until(FluentWait.java:249)
	... 24 more
... Removed 26 stack frames]]>
    </failure>
  </testcase> <!-- searchPlace -->
  <testcase classname="iiitd.nrl.evalapp.DailyhuntTests" name="searchNews" time="0.0"/>
  <testcase classname="iiitd.nrl.evalapp.TrakBytesUpload" name="copyTrakBytes" time="3.278"/>
</testsuite> <!-- AppiumTests -->
