<?xml version="1.0" encoding="UTF-8"?>
<!-- Generated by org.testng.reporters.JUnitXMLReporter -->
<testsuite ignored="0" hostname="DESKTOP-FU6EMRP" failures="0" tests="3" name="LinkedInTests_profileTest" time="76.569" errors="0" timestamp="06 Sep 2021 14:32:55 GMT">
  <testcase classname="iiitd.nrl.evalapp.TrakBytesData" name="copyTrakBytes" time="3.872"/>
  <testcase classname="iiitd.nrl.evalapp.LinkedInTests_profile" name="viewProfile" time="18.142"/>
  <testcase classname="iiitd.nrl.evalapp.TrakBytesUpload" name="copyTrakBytes" time="3.831"/>
</testsuite> <!-- LinkedInTests_profileTest -->
