<?xml version="1.0" encoding="UTF-8"?>
<!-- Generated by org.testng.reporters.JUnitXMLReporter -->
<testsuite ignored="0" hostname="DESKTOP-FU6EMRP" failures="0" tests="3" name="LinkedInTests_profileTest" time="69.742" errors="0" timestamp="06 Sep 2021 16:54:39 GMT">
  <testcase classname="iiitd.nrl.evalapp.TrakBytesData" name="copyTrakBytes" time="3.846"/>
  <testcase classname="iiitd.nrl.evalapp.LinkedInTests_profile" name="viewProfile" time="13.953"/>
  <testcase classname="iiitd.nrl.evalapp.TrakBytesUpload" name="copyTrakBytes" time="3.803"/>
</testsuite> <!-- LinkedInTests_profileTest -->
