<?xml version="1.0" encoding="UTF-8"?>
<!-- Generated by org.testng.reporters.JUnitXMLReporter -->
<testsuite ignored="0" hostname="DESKTOP-F75ER2M" failures="0" tests="3" name="Amazon_TestTest" time="4.63" errors="0" timestamp="18 Oct 2021 07:13:09 GMT">
  <testcase classname="iiitd.nrl.evalapp.TrakBytesData" name="@BeforeMethod launchCap" time="0.0">
    <failure type="java.lang.NullPointerException" message="Cannot invoke &amp;quot;java.util.HashMap.toString()&amp;quot; because &amp;quot;main_events&amp;quot; is null">
      <![CDATA[java.lang.NullPointerException: Cannot invoke "java.util.HashMap.toString()" because "main_events" is null
	at iiitd.nrl.evalapp.MyDatabase.addTestResult(MyDatabase.java:144)
	at iiitd.nrl.evalapp.TrakBytesData.launchCap(TrakBytesData.java:55)
	at iiitd.nrl.evalapp.MainLauncher.main(MainLauncher.java:324)
... Removed 24 stack frames]]>
    </failure>
  </testcase> <!-- @BeforeMethod launchCap -->
  <testcase classname="iiitd.nrl.evalapp.TrakBytesData" name="@AfterMethod restart" time="0.0">
    <skipped/>
  </testcase> <!-- @AfterMethod restart -->
  <testcase classname="iiitd.nrl.evalapp.Amazon_Remove" name="@BeforeMethod launchCap" time="0.0">
    <failure type="java.lang.ArrayIndexOutOfBoundsException" message="Index 5 out of bounds for length 1">
      <![CDATA[java.lang.ArrayIndexOutOfBoundsException: Index 5 out of bounds for length 1
	at iiitd.nrl.evalapp.NetStats.getstats(NetStats.java:33)
	at iiitd.nrl.evalapp.Amazon_Remove.launchCap(Amazon_Remove.java:48)
	at iiitd.nrl.evalapp.MainLauncher.main(MainLauncher.java:324)
... Removed 24 stack frames]]>
    </failure>
  </testcase> <!-- @BeforeMethod launchCap -->
  <testcase classname="iiitd.nrl.evalapp.Amazon_Remove" name="@AfterMethod restart" time="0.0">
    <skipped/>
  </testcase> <!-- @AfterMethod restart -->
  <testcase classname="iiitd.nrl.evalapp.Amazon_Remove" name="@AfterClass update" time="0.0">
    <skipped/>
  </testcase> <!-- @AfterClass update -->
  <testcase classname="iiitd.nrl.evalapp.TrakBytesUpload" name="@BeforeMethod launchCap" time="0.0">
    <failure type="java.lang.NullPointerException" message="Cannot invoke &amp;quot;java.util.HashMap.toString()&amp;quot; because &amp;quot;main_events&amp;quot; is null">
      <![CDATA[java.lang.NullPointerException: Cannot invoke "java.util.HashMap.toString()" because "main_events" is null
	at iiitd.nrl.evalapp.MyDatabase.addTestResult(MyDatabase.java:144)
	at iiitd.nrl.evalapp.TrakBytesUpload.launchCap(TrakBytesUpload.java:50)
	at iiitd.nrl.evalapp.MainLauncher.main(MainLauncher.java:324)
... Removed 24 stack frames]]>
    </failure>
  </testcase> <!-- @BeforeMethod launchCap -->
  <testcase classname="iiitd.nrl.evalapp.TrakBytesUpload" name="@AfterMethod restart" time="0.0">
    <skipped/>
  </testcase> <!-- @AfterMethod restart -->
  <testcase classname="iiitd.nrl.evalapp.TrakBytesData" name="copyTrakBytes" time="0.0">
    <skipped/>
  </testcase> <!-- copyTrakBytes -->
  <testcase classname="iiitd.nrl.evalapp.Amazon_Remove" name="searchProduct" time="0.0">
    <skipped/>
  </testcase> <!-- searchProduct -->
  <testcase classname="iiitd.nrl.evalapp.TrakBytesUpload" name="copyTrakBytes" time="0.0">
    <skipped/>
  </testcase> <!-- copyTrakBytes -->
</testsuite> <!-- Amazon_TestTest -->
