<?xml version="1.0" encoding="UTF-8"?>
<!-- Generated by org.testng.reporters.JUnitXMLReporter -->
<testsuite ignored="0" hostname="DESKTOP-FU6EMRP" failures="0" tests="3" name="Dailyhunt_TestTest" time="65.803" errors="0" timestamp="06 Sep 2021 14:18:32 GMT">
  <testcase classname="iiitd.nrl.evalapp.TrakBytesData" name="copyTrakBytes" time="3.772"/>
  <testcase classname="iiitd.nrl.evalapp.DailyhuntTests" name="searchNews" time="12.574"/>
  <testcase classname="iiitd.nrl.evalapp.TrakBytesUpload" name="copyTrakBytes" time="3.827"/>
</testsuite> <!-- Dailyhunt_TestTest -->
