<?xml version="1.0" encoding="UTF-8"?>
<!-- Generated by org.testng.reporters.JUnitXMLReporter -->
<testsuite ignored="0" hostname="DESKTOP-FU6EMRP" failures="0" tests="3" name="FacebookTests_search2Test" time="83.673" errors="0" timestamp="14 Nov 2021 15:33:18 GMT">
  <testcase classname="iiitd.nrl.evalapp.TrakBytesData" name="copyTrakBytes" time="4.465"/>
  <testcase classname="iiitd.nrl.evalapp.Facebook_PersonProfile" name="searchPerson" time="30.665"/>
  <testcase classname="iiitd.nrl.evalapp.TrakBytesUpload" name="copyTrakBytes" time="3.91"/>
</testsuite> <!-- FacebookTests_search2Test -->
