<?xml version="1.0" encoding="UTF-8"?>
<!-- Generated by org.testng.reporters.JUnitXMLReporter -->
<testsuite ignored="0" hostname="DESKTOP-FU6EMRP" failures="0" tests="3" name="FacebookTests_search2Test" time="81.466" errors="0" timestamp="06 Sep 2021 14:42:19 GMT">
  <testcase classname="iiitd.nrl.evalapp.TrakBytesData" name="copyTrakBytes" time="3.981"/>
  <testcase classname="iiitd.nrl.evalapp.Facebook_PersonProfile" name="searchPerson" time="26.216"/>
  <testcase classname="iiitd.nrl.evalapp.TrakBytesUpload" name="copyTrakBytes" time="3.883"/>
</testsuite> <!-- FacebookTests_search2Test -->
