<?xml version="1.0" encoding="UTF-8"?>
<!-- Generated by org.testng.reporters.JUnitXMLReporter -->
<testsuite ignored="0" hostname="DESKTOP-FU6EMRP" failures="0" tests="3" name="TelegramTestsTest" time="65.815" errors="0" timestamp="06 Sep 2021 15:55:11 GMT">
  <testcase classname="iiitd.nrl.evalapp.TrakBytesData" name="copyTrakBytes" time="3.821"/>
  <testcase classname="iiitd.nrl.evalapp.TelegramTests" name="sendMessage" time="10.536"/>
  <testcase classname="iiitd.nrl.evalapp.TrakBytesUpload" name="copyTrakBytes" time="3.84"/>
</testsuite> <!-- TelegramTestsTest -->
