<?xml version="1.0" encoding="UTF-8"?>
<!-- Generated by org.testng.reporters.JUnitXMLReporter -->
<testsuite ignored="0" hostname="DESKTOP-FU6EMRP" failures="0" tests="3" name="TelegramTestsTest" time="59.732" errors="0" timestamp="14 Nov 2021 15:26:34 GMT">
  <testcase classname="iiitd.nrl.evalapp.TrakBytesData" name="copyTrakBytes" time="3.951"/>
  <testcase classname="iiitd.nrl.evalapp.TelegramTests" name="sendMessage" time="11.512"/>
  <testcase classname="iiitd.nrl.evalapp.TrakBytesUpload" name="copyTrakBytes" time="3.933"/>
</testsuite> <!-- TelegramTestsTest -->
