<?xml version="1.0" encoding="UTF-8"?>
<!-- Generated by org.testng.reporters.JUnitXMLReporter -->
<testsuite ignored="0" hostname="DESKTOP-FU6EMRP" failures="0" tests="3" name="FacebookTests_postTest" time="91.947" errors="0" timestamp="20 Aug 2021 10:14:32 GMT">
  <testcase classname="iiitd.nrl.evalapp.TrakBytesData" name="copyTrakBytes" time="3.648"/>
  <testcase classname="iiitd.nrl.evalapp.FacebookTestsP" name="postGroup" time="29.721"/>
  <testcase classname="iiitd.nrl.evalapp.TrakBytesUpload" name="copyTrakBytes" time="3.801"/>
</testsuite> <!-- FacebookTests_postTest -->
