<?xml version="1.0" encoding="UTF-8"?>
<!-- Generated by org.testng.reporters.JUnitXMLReporter -->
<testsuite ignored="0" hostname="DESKTOP-FU6EMRP" failures="0" tests="3" name="FacebookTests_postTest" time="100.958" errors="0" timestamp="06 Sep 2021 17:02:10 GMT">
  <testcase classname="iiitd.nrl.evalapp.TrakBytesData" name="copyTrakBytes" time="4.462"/>
  <testcase classname="iiitd.nrl.evalapp.FacebookTestsP" name="postGroup" time="44.787"/>
  <testcase classname="iiitd.nrl.evalapp.TrakBytesUpload" name="copyTrakBytes" time="3.843"/>
</testsuite> <!-- FacebookTests_postTest -->
