<?xml version="1.0" encoding="UTF-8"?>
<!-- Generated by org.testng.reporters.JUnitXMLReporter -->
<testsuite ignored="0" hostname="DESKTOP-FU6EMRP" failures="0" tests="2" name="HotstarTests_search1Test" time="68.262" errors="0" timestamp="27 Aug 2021 12:09:23 GMT">
  <testcase classname="iiitd.nrl.evalapp.TrakBytesData" name="copyTrakBytes" time="3.905"/>
  <testcase classname="iiitd.nrl.evalapp.Hotstar_SearchVid" name="searchTest" time="21.625"/>
</testsuite> <!-- HotstarTests_search1Test -->
