<?xml version="1.0" encoding="UTF-8"?>
<testng-results ignored="0" total="4" passed="4" failed="0" skipped="0">
  <reporter-output>
  </reporter-output>
  <suite started-at="2021-09-05T18:52:59Z" name="PingSuite" finished-at="2021-09-05T18:52:59Z" duration-ms="2">
    <groups>
    </groups>
    <test started-at="2021-09-05T18:52:59Z" name="PingTest" finished-at="2021-09-05T18:52:59Z" duration-ms="2">
      <class name="iiitd.nrl.evalapp.PingUpload">
        <test-method is-config="true" signature="launchCap()[pri:0, instance:iiitd.nrl.evalapp.PingUpload@68e965f5]" started-at="2021-09-06T00:22:59Z" name="launchCap" finished-at="2021-09-06T00:22:59Z" duration-ms="0" status="PASS">
          <reporter-output>
          </reporter-output>
        </test-method> <!-- launchCap -->
        <test-method signature="dummyTest()[pri:0, instance:iiitd.nrl.evalapp.PingUpload@68e965f5]" started-at="2021-09-06T00:22:59Z" name="dummyTest" finished-at="2021-09-06T00:22:59Z" duration-ms="1" status="PASS">
          <reporter-output>
          </reporter-output>
        </test-method> <!-- dummyTest -->
      </class> <!-- iiitd.nrl.evalapp.PingUpload -->
    </test> <!-- PingTest -->
  </suite> <!-- PingSuite -->
  <suite started-at="2021-09-05T18:51:43Z" name="FacebookTests_search2Suite" finished-at="2021-09-05T18:52:59Z" duration-ms="75633">
    <groups>
    </groups>
    <test started-at="2021-09-05T18:51:43Z" name="FacebookTests_search2Test" finished-at="2021-09-05T18:52:59Z" duration-ms="75633">
      <class name="iiitd.nrl.evalapp.TrakBytesUpload">
        <test-method is-config="true" signature="launchCap()[pri:0, instance:iiitd.nrl.evalapp.TrakBytesUpload@568ff82]" started-at="2021-09-06T00:22:41Z" name="launchCap" finished-at="2021-09-06T00:22:54Z" duration-ms="12549" status="PASS">
          <reporter-output>
          </reporter-output>
        </test-method> <!-- launchCap -->
        <test-method signature="copyTrakBytes()[pri:0, instance:iiitd.nrl.evalapp.TrakBytesUpload@568ff82]" started-at="2021-09-06T00:22:54Z" name="copyTrakBytes" finished-at="2021-09-06T00:22:58Z" duration-ms="3987" status="PASS">
          <reporter-output>
          </reporter-output>
        </test-method> <!-- copyTrakBytes -->
        <test-method is-config="true" signature="restart(org.testng.ITestResult)[pri:0, instance:iiitd.nrl.evalapp.TrakBytesUpload@568ff82]" started-at="2021-09-06T00:22:58Z" name="restart" finished-at="2021-09-06T00:22:59Z" duration-ms="995" status="PASS">
          <params>
            <param index="0">
              <value>
                <![CDATA[[TestResult name=copyTrakBytes status=SUCCESS method=TrakBytesUpload.copyTrakBytes()[pri:0, instance:iiitd.nrl.evalapp.TrakBytesUpload@568ff82] output={null}]]]>
              </value>
            </param>
          </params>
          <reporter-output>
          </reporter-output>
        </test-method> <!-- restart -->
      </class> <!-- iiitd.nrl.evalapp.TrakBytesUpload -->
      <class name="iiitd.nrl.evalapp.Facebook_PersonProfile">
        <test-method is-config="true" signature="launchCap()[pri:0, instance:iiitd.nrl.evalapp.Facebook_PersonProfile@f2ff811]" started-at="2021-09-06T00:22:02Z" name="launchCap" finished-at="2021-09-06T00:22:14Z" duration-ms="12364" status="PASS">
          <reporter-output>
          </reporter-output>
        </test-method> <!-- launchCap -->
        <test-method signature="searchPerson()[pri:0, instance:iiitd.nrl.evalapp.Facebook_PersonProfile@f2ff811]" started-at="2021-09-06T00:22:14Z" name="searchPerson" finished-at="2021-09-06T00:22:40Z" duration-ms="25918" status="PASS">
          <reporter-output>
          </reporter-output>
        </test-method> <!-- searchPerson -->
        <test-method is-config="true" signature="restart(org.testng.ITestResult)[pri:0, instance:iiitd.nrl.evalapp.Facebook_PersonProfile@f2ff811]" started-at="2021-09-06T00:22:40Z" name="restart" finished-at="2021-09-06T00:22:41Z" duration-ms="1083" status="PASS">
          <params>
            <param index="0">
              <value>
                <![CDATA[[TestResult name=searchPerson status=SUCCESS method=Facebook_PersonProfile.searchPerson()[pri:0, instance:iiitd.nrl.evalapp.Facebook_PersonProfile@f2ff811] output={null}]]]>
              </value>
            </param>
          </params>
          <reporter-output>
          </reporter-output>
        </test-method> <!-- restart -->
      </class> <!-- iiitd.nrl.evalapp.Facebook_PersonProfile -->
      <class name="iiitd.nrl.evalapp.TrakBytesData">
        <test-method is-config="true" signature="launchCap()[pri:0, instance:iiitd.nrl.evalapp.TrakBytesData@65b3f4a4]" started-at="2021-09-06T00:21:43Z" name="launchCap" finished-at="2021-09-06T00:21:58Z" duration-ms="14940" status="PASS">
          <reporter-output>
          </reporter-output>
        </test-method> <!-- launchCap -->
        <test-method signature="copyTrakBytes()[pri:0, instance:iiitd.nrl.evalapp.TrakBytesData@65b3f4a4]" started-at="2021-09-06T00:21:58Z" name="copyTrakBytes" finished-at="2021-09-06T00:22:02Z" duration-ms="3703" status="PASS">
          <reporter-output>
          </reporter-output>
        </test-method> <!-- copyTrakBytes -->
        <test-method is-config="true" signature="restart(org.testng.ITestResult)[pri:0, instance:iiitd.nrl.evalapp.TrakBytesData@65b3f4a4]" started-at="2021-09-06T00:22:02Z" name="restart" finished-at="2021-09-06T00:22:02Z" duration-ms="1" status="PASS">
          <params>
            <param index="0">
              <value>
                <![CDATA[[TestResult name=copyTrakBytes status=SUCCESS method=TrakBytesData.copyTrakBytes()[pri:0, instance:iiitd.nrl.evalapp.TrakBytesData@65b3f4a4] output={null}]]]>
              </value>
            </param>
          </params>
          <reporter-output>
          </reporter-output>
        </test-method> <!-- restart -->
      </class> <!-- iiitd.nrl.evalapp.TrakBytesData -->
    </test> <!-- FacebookTests_search2Test -->
  </suite> <!-- FacebookTests_search2Suite -->
</testng-results>
