<?xml version="1.0" encoding="UTF-8"?>
<testng-results ignored="0" total="1" passed="0" failed="1" skipped="0">
  <reporter-output>
  </reporter-output>
  <suite started-at="2020-12-23T17:00:23Z" name="AppSuite" finished-at="2020-12-23T17:01:13Z" duration-ms="50245">
    <groups>
    </groups>
    <test started-at="2020-12-23T17:00:23Z" name="AppiumTests" finished-at="2020-12-23T17:01:13Z" duration-ms="50245">
      <class name="iiitd.nrl.evalapp.AmazonTests">
        <test-method is-config="true" signature="launchCap()[pri:0, instance:iiitd.nrl.evalapp.AmazonTests@3f05039f]" started-at="2020-12-23T22:30:23Z" name="launchCap" finished-at="2020-12-23T22:30:31Z" duration-ms="7612" status="PASS">
          <reporter-output>
          </reporter-output>
        </test-method> <!-- launchCap -->
        <test-method signature="searchProduct()[pri:0, instance:iiitd.nrl.evalapp.AmazonTests@3f05039f]" started-at="2020-12-23T22:30:31Z" name="searchProduct" finished-at="2020-12-23T22:31:13Z" duration-ms="41911" status="FAIL">
          <exception class="org.openqa.selenium.StaleElementReferenceException">
            <message>
              <![CDATA[The referenced element is no longer attached to the DOM
For documentation on this error, please visit: https://www.seleniumhq.org/exceptions/stale_element_reference.html
Build info: version: '3.141.59', revision: 'e82be7d358', time: '2018-11-14T08:17:03'
System info: host: 'prince-Lenovo-Legion', ip: '127.0.1.1', os.name: 'Linux', os.arch: 'amd64', os.version: '5.4.0-58-generic', java.version: '11.0.9.1'
Driver info: io.appium.java_client.android.AndroidDriver
Capabilities {appActivity: com.amazon.mShop.android.ho..., appPackage: in.amazon.mShop.android.sho..., autoAcceptAlerts: true, autoGrantPermissions: true, databaseEnabled: false, desired: {appActivity: com.amazon.mShop.android.ho..., appPackage: in.amazon.mShop.android.sho..., autoAcceptAlerts: true, autoGrantPermissions: true, fullReset: false, noReset: true, platformName: android, uiautomator2ServerInstallTimeout: 60000}, deviceApiLevel: 30, deviceManufacturer: Google, deviceModel: Pixel 3a, deviceName: 95TAY0VNB4, deviceScreenDensity: 490, deviceScreenSize: 1080x2220, deviceUDID: 95TAY0VNB4, fullReset: false, javascriptEnabled: true, locationContextEnabled: false, networkConnectionEnabled: true, noReset: true, pixelRatio: 3.0625, platform: LINUX, platformName: Android, platformVersion: 11, statBarHeight: 74, takesScreenshot: true, uiautomator2ServerInstallTimeout: 60000, viewportRect: {height: 1999, left: 0, top: 74, width: 1080}, warnings: {}, webStorageEnabled: false}
Session ID: 9bbe7488-525d-4305-8477-8adb608b8e74]]>
            </message>
            <full-stacktrace>
              <![CDATA[org.openqa.selenium.StaleElementReferenceException: The referenced element is no longer attached to the DOM
For documentation on this error, please visit: https://www.seleniumhq.org/exceptions/stale_element_reference.html
Build info: version: '3.141.59', revision: 'e82be7d358', time: '2018-11-14T08:17:03'
System info: host: 'prince-Lenovo-Legion', ip: '127.0.1.1', os.name: 'Linux', os.arch: 'amd64', os.version: '5.4.0-58-generic', java.version: '11.0.9.1'
Driver info: io.appium.java_client.android.AndroidDriver
Capabilities {appActivity: com.amazon.mShop.android.ho..., appPackage: in.amazon.mShop.android.sho..., autoAcceptAlerts: true, autoGrantPermissions: true, databaseEnabled: false, desired: {appActivity: com.amazon.mShop.android.ho..., appPackage: in.amazon.mShop.android.sho..., autoAcceptAlerts: true, autoGrantPermissions: true, fullReset: false, noReset: true, platformName: android, uiautomator2ServerInstallTimeout: 60000}, deviceApiLevel: 30, deviceManufacturer: Google, deviceModel: Pixel 3a, deviceName: 95TAY0VNB4, deviceScreenDensity: 490, deviceScreenSize: 1080x2220, deviceUDID: 95TAY0VNB4, fullReset: false, javascriptEnabled: true, locationContextEnabled: false, networkConnectionEnabled: true, noReset: true, pixelRatio: 3.0625, platform: LINUX, platformName: Android, platformVersion: 11, statBarHeight: 74, takesScreenshot: true, uiautomator2ServerInstallTimeout: 60000, viewportRect: {height: 1999, left: 0, top: 74, width: 1080}, warnings: {}, webStorageEnabled: false}
Session ID: 9bbe7488-525d-4305-8477-8adb608b8e74
	at java.base/jdk.internal.reflect.NativeConstructorAccessorImpl.newInstance0(Native Method)
	at java.base/jdk.internal.reflect.NativeConstructorAccessorImpl.newInstance(NativeConstructorAccessorImpl.java:62)
	at java.base/jdk.internal.reflect.DelegatingConstructorAccessorImpl.newInstance(DelegatingConstructorAccessorImpl.java:45)
	at java.base/java.lang.reflect.Constructor.newInstance(Constructor.java:490)
	at org.openqa.selenium.remote.http.W3CHttpResponseCodec.createException(W3CHttpResponseCodec.java:187)
	at org.openqa.selenium.remote.http.W3CHttpResponseCodec.decode(W3CHttpResponseCodec.java:122)
	at org.openqa.selenium.remote.http.W3CHttpResponseCodec.decode(W3CHttpResponseCodec.java:49)
	at org.openqa.selenium.remote.HttpCommandExecutor.execute(HttpCommandExecutor.java:158)
	at io.appium.java_client.remote.AppiumCommandExecutor.execute(AppiumCommandExecutor.java:239)
	at org.openqa.selenium.remote.RemoteWebDriver.execute(RemoteWebDriver.java:552)
	at io.appium.java_client.DefaultGenericMobileDriver.execute(DefaultGenericMobileDriver.java:41)
	at io.appium.java_client.AppiumDriver.execute(AppiumDriver.java:1)
	at io.appium.java_client.android.AndroidDriver.execute(AndroidDriver.java:1)
	at org.openqa.selenium.remote.RemoteWebElement.execute(RemoteWebElement.java:285)
	at io.appium.java_client.DefaultGenericMobileElement.execute(DefaultGenericMobileElement.java:45)
	at io.appium.java_client.MobileElement.execute(MobileElement.java:1)
	at io.appium.java_client.android.AndroidElement.execute(AndroidElement.java:1)
	at org.openqa.selenium.remote.RemoteWebElement.isDisplayed(RemoteWebElement.java:326)
	at iiitd.nrl.evalapp.AmazonTests.searchProduct(AmazonTests.java:125)
	at java.base/jdk.internal.reflect.NativeMethodAccessorImpl.invoke0(Native Method)
	at java.base/jdk.internal.reflect.NativeMethodAccessorImpl.invoke(NativeMethodAccessorImpl.java:62)
	at java.base/jdk.internal.reflect.DelegatingMethodAccessorImpl.invoke(DelegatingMethodAccessorImpl.java:43)
	at java.base/java.lang.reflect.Method.invoke(Method.java:566)
	at org.testng.internal.MethodInvocationHelper.invokeMethod(MethodInvocationHelper.java:104)
	at org.testng.internal.Invoker.invokeMethod(Invoker.java:645)
	at org.testng.internal.Invoker.invokeTestMethod(Invoker.java:851)
	at org.testng.internal.Invoker.invokeTestMethods(Invoker.java:1177)
	at org.testng.internal.TestMethodWorker.invokeTestMethods(TestMethodWorker.java:129)
	at org.testng.internal.TestMethodWorker.run(TestMethodWorker.java:112)
	at org.testng.TestRunner.privateRun(TestRunner.java:756)
	at org.testng.TestRunner.run(TestRunner.java:610)
	at org.testng.SuiteRunner.runTest(SuiteRunner.java:387)
	at org.testng.SuiteRunner.runSequentially(SuiteRunner.java:382)
	at org.testng.SuiteRunner.privateRun(SuiteRunner.java:340)
	at org.testng.SuiteRunner.run(SuiteRunner.java:289)
	at org.testng.SuiteRunnerWorker.runSuite(SuiteRunnerWorker.java:52)
	at org.testng.SuiteRunnerWorker.run(SuiteRunnerWorker.java:86)
	at org.testng.TestNG.runSuitesSequentially(TestNG.java:1293)
	at org.testng.TestNG.runSuitesLocally(TestNG.java:1218)
	at org.testng.TestNG.runSuites(TestNG.java:1133)
	at org.testng.TestNG.run(TestNG.java:1104)
	at iiitd.nrl.evalapp.MainAppLauncher$1$1$1.run(MainAppLauncher.java:74)
	at java.base/java.lang.Thread.run(Thread.java:834)
]]>
            </full-stacktrace>
          </exception> <!-- org.openqa.selenium.StaleElementReferenceException -->
          <reporter-output>
          </reporter-output>
        </test-method> <!-- searchProduct -->
        <test-method is-config="true" signature="restart(org.testng.ITestResult)[pri:0, instance:iiitd.nrl.evalapp.AmazonTests@3f05039f]" started-at="2020-12-23T22:31:13Z" name="restart" finished-at="2020-12-23T22:31:13Z" duration-ms="715" status="PASS">
          <params>
            <param index="0">
              <value>
                <![CDATA[[TestResult name=searchProduct status=FAILURE method=AmazonTests.searchProduct()[pri:0, instance:iiitd.nrl.evalapp.AmazonTests@3f05039f] output={null}]]]>
              </value>
            </param>
          </params>
          <reporter-output>
          </reporter-output>
        </test-method> <!-- restart -->
        <test-method is-config="true" signature="update()[pri:0, instance:iiitd.nrl.evalapp.AmazonTests@3f05039f]" started-at="2020-12-23T22:31:13Z" name="update" finished-at="2020-12-23T22:31:13Z" duration-ms="0" status="PASS">
          <reporter-output>
          </reporter-output>
        </test-method> <!-- update -->
      </class> <!-- iiitd.nrl.evalapp.AmazonTests -->
    </test> <!-- AppiumTests -->
  </suite> <!-- AppSuite -->
</testng-results>
