<?xml version="1.0" encoding="UTF-8"?>
<testng-results ignored="0" total="43" passed="43" failed="0" skipped="0">
  <reporter-output>
  </reporter-output>
  <suite started-at="2021-09-06T16:52:17Z" name="LinkedInTests_myConnectionsSuite" finished-at="2021-09-06T16:53:30Z" duration-ms="72673">
    <groups>
    </groups>
    <test started-at="2021-09-06T16:52:17Z" name="LinkedInTests_myConnectionsTest" finished-at="2021-09-06T16:53:30Z" duration-ms="72673">
      <class name="iiitd.nrl.evalapp.TrakBytesUpload">
        <test-method is-config="true" signature="launchCap()[pri:0, instance:iiitd.nrl.evalapp.TrakBytesUpload@1f97cf0d]" started-at="2021-09-06T22:23:10Z" name="launchCap" finished-at="2021-09-06T22:23:25Z" duration-ms="14830" status="PASS">
          <reporter-output>
          </reporter-output>
        </test-method> <!-- launchCap -->
        <test-method signature="copyTrakBytes()[pri:0, instance:iiitd.nrl.evalapp.TrakBytesUpload@1f97cf0d]" started-at="2021-09-06T22:23:25Z" name="copyTrakBytes" finished-at="2021-09-06T22:23:29Z" duration-ms="4297" status="PASS">
          <reporter-output>
          </reporter-output>
        </test-method> <!-- copyTrakBytes -->
        <test-method is-config="true" signature="restart(org.testng.ITestResult)[pri:0, instance:iiitd.nrl.evalapp.TrakBytesUpload@1f97cf0d]" started-at="2021-09-06T22:23:29Z" name="restart" finished-at="2021-09-06T22:23:30Z" duration-ms="530" status="PASS">
          <params>
            <param index="0">
              <value>
                <![CDATA[[TestResult name=copyTrakBytes status=SUCCESS method=TrakBytesUpload.copyTrakBytes()[pri:0, instance:iiitd.nrl.evalapp.TrakBytesUpload@1f97cf0d] output={null}]]]>
              </value>
            </param>
          </params>
          <reporter-output>
          </reporter-output>
        </test-method> <!-- restart -->
      </class> <!-- iiitd.nrl.evalapp.TrakBytesUpload -->
      <class name="iiitd.nrl.evalapp.TrakBytesData">
        <test-method is-config="true" signature="launchCap()[pri:0, instance:iiitd.nrl.evalapp.TrakBytesData@51f116b8]" started-at="2021-09-06T22:22:17Z" name="launchCap" finished-at="2021-09-06T22:22:31Z" duration-ms="14433" status="PASS">
          <reporter-output>
          </reporter-output>
        </test-method> <!-- launchCap -->
        <test-method signature="copyTrakBytes()[pri:0, instance:iiitd.nrl.evalapp.TrakBytesData@51f116b8]" started-at="2021-09-06T22:22:31Z" name="copyTrakBytes" finished-at="2021-09-06T22:22:35Z" duration-ms="3846" status="PASS">
          <reporter-output>
          </reporter-output>
        </test-method> <!-- copyTrakBytes -->
        <test-method is-config="true" signature="restart(org.testng.ITestResult)[pri:0, instance:iiitd.nrl.evalapp.TrakBytesData@51f116b8]" started-at="2021-09-06T22:22:35Z" name="restart" finished-at="2021-09-06T22:22:36Z" duration-ms="448" status="PASS">
          <params>
            <param index="0">
              <value>
                <![CDATA[[TestResult name=copyTrakBytes status=SUCCESS method=TrakBytesData.copyTrakBytes()[pri:0, instance:iiitd.nrl.evalapp.TrakBytesData@51f116b8] output={null}]]]>
              </value>
            </param>
          </params>
          <reporter-output>
          </reporter-output>
        </test-method> <!-- restart -->
      </class> <!-- iiitd.nrl.evalapp.TrakBytesData -->
      <class name="iiitd.nrl.evalapp.LinkedInTests_myConnections">
        <test-method is-config="true" signature="launchCap()[pri:0, instance:iiitd.nrl.evalapp.LinkedInTests_myConnections@19d481b]" started-at="2021-09-06T22:22:36Z" name="launchCap" finished-at="2021-09-06T22:22:55Z" duration-ms="18959" status="PASS">
          <reporter-output>
          </reporter-output>
        </test-method> <!-- launchCap -->
        <test-method signature="myConnections()[pri:0, instance:iiitd.nrl.evalapp.LinkedInTests_myConnections@19d481b]" started-at="2021-09-06T22:22:55Z" name="myConnections" finished-at="2021-09-06T22:23:09Z" duration-ms="14189" status="PASS">
          <reporter-output>
          </reporter-output>
        </test-method> <!-- myConnections -->
        <test-method is-config="true" signature="restart(org.testng.ITestResult)[pri:0, instance:iiitd.nrl.evalapp.LinkedInTests_myConnections@19d481b]" started-at="2021-09-06T22:23:09Z" name="restart" finished-at="2021-09-06T22:23:10Z" duration-ms="1140" status="PASS">
          <params>
            <param index="0">
              <value>
                <![CDATA[[TestResult name=myConnections status=SUCCESS method=LinkedInTests_myConnections.myConnections()[pri:0, instance:iiitd.nrl.evalapp.LinkedInTests_myConnections@19d481b] output={null}]]]>
              </value>
            </param>
          </params>
          <reporter-output>
          </reporter-output>
        </test-method> <!-- restart -->
      </class> <!-- iiitd.nrl.evalapp.LinkedInTests_myConnections -->
    </test> <!-- LinkedInTests_myConnectionsTest -->
  </suite> <!-- LinkedInTests_myConnectionsSuite -->
  <suite started-at="2021-09-06T16:47:23Z" name="GoogleMapsSuite" finished-at="2021-09-06T16:48:37Z" duration-ms="74263">
    <groups>
    </groups>
    <test started-at="2021-09-06T16:47:23Z" name="GoogleMapsTest" finished-at="2021-09-06T16:48:37Z" duration-ms="74263">
      <class name="iiitd.nrl.evalapp.TrakBytesUpload">
        <test-method is-config="true" signature="launchCap()[pri:0, instance:iiitd.nrl.evalapp.TrakBytesUpload@2525ff7e]" started-at="2021-09-06T22:18:18Z" name="launchCap" finished-at="2021-09-06T22:18:32Z" duration-ms="14425" status="PASS">
          <reporter-output>
          </reporter-output>
        </test-method> <!-- launchCap -->
        <test-method signature="copyTrakBytes()[pri:0, instance:iiitd.nrl.evalapp.TrakBytesUpload@2525ff7e]" started-at="2021-09-06T22:18:32Z" name="copyTrakBytes" finished-at="2021-09-06T22:18:36Z" duration-ms="3935" status="PASS">
          <reporter-output>
          </reporter-output>
        </test-method> <!-- copyTrakBytes -->
        <test-method is-config="true" signature="restart(org.testng.ITestResult)[pri:0, instance:iiitd.nrl.evalapp.TrakBytesUpload@2525ff7e]" started-at="2021-09-06T22:18:36Z" name="restart" finished-at="2021-09-06T22:18:37Z" duration-ms="537" status="PASS">
          <params>
            <param index="0">
              <value>
                <![CDATA[[TestResult name=copyTrakBytes status=SUCCESS method=TrakBytesUpload.copyTrakBytes()[pri:0, instance:iiitd.nrl.evalapp.TrakBytesUpload@2525ff7e] output={null}]]]>
              </value>
            </param>
          </params>
          <reporter-output>
          </reporter-output>
        </test-method> <!-- restart -->
      </class> <!-- iiitd.nrl.evalapp.TrakBytesUpload -->
      <class name="iiitd.nrl.evalapp.GoogleMapsTest">
        <test-method is-config="true" signature="launchCap()[pri:0, instance:iiitd.nrl.evalapp.GoogleMapsTest@61d6015a]" started-at="2021-09-06T22:17:40Z" name="launchCap" finished-at="2021-09-06T22:17:56Z" duration-ms="16113" status="PASS">
          <reporter-output>
          </reporter-output>
        </test-method> <!-- launchCap -->
        <test-method signature="searchPlace()[pri:0, instance:iiitd.nrl.evalapp.GoogleMapsTest@61d6015a]" started-at="2021-09-06T22:17:56Z" name="searchPlace" finished-at="2021-09-06T22:18:17Z" duration-ms="21183" status="PASS">
          <reporter-output>
          </reporter-output>
        </test-method> <!-- searchPlace -->
        <test-method is-config="true" signature="restart(org.testng.ITestResult)[pri:0, instance:iiitd.nrl.evalapp.GoogleMapsTest@61d6015a]" started-at="2021-09-06T22:18:17Z" name="restart" finished-at="2021-09-06T22:18:18Z" duration-ms="976" status="PASS">
          <params>
            <param index="0">
              <value>
                <![CDATA[[TestResult name=searchPlace status=SUCCESS method=GoogleMapsTest.searchPlace()[pri:0, instance:iiitd.nrl.evalapp.GoogleMapsTest@61d6015a] output={null}]]]>
              </value>
            </param>
          </params>
          <reporter-output>
          </reporter-output>
        </test-method> <!-- restart -->
      </class> <!-- iiitd.nrl.evalapp.GoogleMapsTest -->
      <class name="iiitd.nrl.evalapp.TrakBytesData">
        <test-method is-config="true" signature="launchCap()[pri:0, instance:iiitd.nrl.evalapp.TrakBytesData@2e1d27ba]" started-at="2021-09-06T22:17:23Z" name="launchCap" finished-at="2021-09-06T22:17:36Z" duration-ms="12877" status="PASS">
          <reporter-output>
          </reporter-output>
        </test-method> <!-- launchCap -->
        <test-method signature="copyTrakBytes()[pri:0, instance:iiitd.nrl.evalapp.TrakBytesData@2e1d27ba]" started-at="2021-09-06T22:17:36Z" name="copyTrakBytes" finished-at="2021-09-06T22:17:39Z" duration-ms="3767" status="PASS">
          <reporter-output>
          </reporter-output>
        </test-method> <!-- copyTrakBytes -->
        <test-method is-config="true" signature="restart(org.testng.ITestResult)[pri:0, instance:iiitd.nrl.evalapp.TrakBytesData@2e1d27ba]" started-at="2021-09-06T22:17:39Z" name="restart" finished-at="2021-09-06T22:17:40Z" duration-ms="446" status="PASS">
          <params>
            <param index="0">
              <value>
                <![CDATA[[TestResult name=copyTrakBytes status=SUCCESS method=TrakBytesData.copyTrakBytes()[pri:0, instance:iiitd.nrl.evalapp.TrakBytesData@2e1d27ba] output={null}]]]>
              </value>
            </param>
          </params>
          <reporter-output>
          </reporter-output>
        </test-method> <!-- restart -->
      </class> <!-- iiitd.nrl.evalapp.TrakBytesData -->
    </test> <!-- GoogleMapsTest -->
  </suite> <!-- GoogleMapsSuite -->
  <suite started-at="2021-09-06T16:55:54Z" name="TelegramTestsSuite" finished-at="2021-09-06T16:56:57Z" duration-ms="63179">
    <groups>
    </groups>
    <test started-at="2021-09-06T16:55:54Z" name="TelegramTestsTest" finished-at="2021-09-06T16:56:57Z" duration-ms="63179">
      <class name="iiitd.nrl.evalapp.TelegramTests">
        <test-method is-config="true" signature="launchCap()[pri:0, instance:iiitd.nrl.evalapp.TelegramTests@11bd0f3b]" started-at="2021-09-06T22:26:12Z" name="launchCap" finished-at="2021-09-06T22:26:28Z" duration-ms="15329" status="PASS">
          <reporter-output>
          </reporter-output>
        </test-method> <!-- launchCap -->
        <test-method signature="sendMessage()[pri:0, instance:iiitd.nrl.evalapp.TelegramTests@11bd0f3b]" started-at="2021-09-06T22:26:28Z" name="sendMessage" finished-at="2021-09-06T22:26:38Z" duration-ms="10357" status="PASS">
          <reporter-output>
          </reporter-output>
        </test-method> <!-- sendMessage -->
        <test-method is-config="true" signature="restart(org.testng.ITestResult)[pri:0, instance:iiitd.nrl.evalapp.TelegramTests@11bd0f3b]" started-at="2021-09-06T22:26:38Z" name="restart" finished-at="2021-09-06T22:26:39Z" duration-ms="1054" status="PASS">
          <params>
            <param index="0">
              <value>
                <![CDATA[[TestResult name=sendMessage status=SUCCESS method=TelegramTests.sendMessage()[pri:0, instance:iiitd.nrl.evalapp.TelegramTests@11bd0f3b] output={null}]]]>
              </value>
            </param>
          </params>
          <reporter-output>
          </reporter-output>
        </test-method> <!-- restart -->
      </class> <!-- iiitd.nrl.evalapp.TelegramTests -->
      <class name="iiitd.nrl.evalapp.TrakBytesUpload">
        <test-method is-config="true" signature="launchCap()[pri:0, instance:iiitd.nrl.evalapp.TrakBytesUpload@c333c60]" started-at="2021-09-06T22:26:39Z" name="launchCap" finished-at="2021-09-06T22:26:53Z" duration-ms="13886" status="PASS">
          <reporter-output>
          </reporter-output>
        </test-method> <!-- launchCap -->
        <test-method signature="copyTrakBytes()[pri:0, instance:iiitd.nrl.evalapp.TrakBytesUpload@c333c60]" started-at="2021-09-06T22:26:53Z" name="copyTrakBytes" finished-at="2021-09-06T22:26:57Z" duration-ms="3858" status="PASS">
          <reporter-output>
          </reporter-output>
        </test-method> <!-- copyTrakBytes -->
        <test-method is-config="true" signature="restart(org.testng.ITestResult)[pri:0, instance:iiitd.nrl.evalapp.TrakBytesUpload@c333c60]" started-at="2021-09-06T22:26:57Z" name="restart" finished-at="2021-09-06T22:26:57Z" duration-ms="528" status="PASS">
          <params>
            <param index="0">
              <value>
                <![CDATA[[TestResult name=copyTrakBytes status=SUCCESS method=TrakBytesUpload.copyTrakBytes()[pri:0, instance:iiitd.nrl.evalapp.TrakBytesUpload@c333c60] output={null}]]]>
              </value>
            </param>
          </params>
          <reporter-output>
          </reporter-output>
        </test-method> <!-- restart -->
      </class> <!-- iiitd.nrl.evalapp.TrakBytesUpload -->
      <class name="iiitd.nrl.evalapp.TrakBytesData">
        <test-method is-config="true" signature="launchCap()[pri:0, instance:iiitd.nrl.evalapp.TrakBytesData@69e1dd28]" started-at="2021-09-06T22:25:54Z" name="launchCap" finished-at="2021-09-06T22:26:08Z" duration-ms="13868" status="PASS">
          <reporter-output>
          </reporter-output>
        </test-method> <!-- launchCap -->
        <test-method signature="copyTrakBytes()[pri:0, instance:iiitd.nrl.evalapp.TrakBytesData@69e1dd28]" started-at="2021-09-06T22:26:08Z" name="copyTrakBytes" finished-at="2021-09-06T22:26:12Z" duration-ms="3829" status="PASS">
          <reporter-output>
          </reporter-output>
        </test-method> <!-- copyTrakBytes -->
        <test-method is-config="true" signature="restart(org.testng.ITestResult)[pri:0, instance:iiitd.nrl.evalapp.TrakBytesData@69e1dd28]" started-at="2021-09-06T22:26:12Z" name="restart" finished-at="2021-09-06T22:26:12Z" duration-ms="468" status="PASS">
          <params>
            <param index="0">
              <value>
                <![CDATA[[TestResult name=copyTrakBytes status=SUCCESS method=TrakBytesData.copyTrakBytes()[pri:0, instance:iiitd.nrl.evalapp.TrakBytesData@69e1dd28] output={null}]]]>
              </value>
            </param>
          </params>
          <reporter-output>
          </reporter-output>
        </test-method> <!-- restart -->
      </class> <!-- iiitd.nrl.evalapp.TrakBytesData -->
    </test> <!-- TelegramTestsTest -->
  </suite> <!-- TelegramTestsSuite -->
  <suite started-at="2021-09-06T16:56:57Z" name="WhatsappTestsSuite" finished-at="2021-09-06T16:57:57Z" duration-ms="59261">
    <groups>
    </groups>
    <test started-at="2021-09-06T16:56:57Z" name="WhatsappTestsTest" finished-at="2021-09-06T16:57:57Z" duration-ms="59261">
      <class name="iiitd.nrl.evalapp.TrakBytesUpload">
        <test-method is-config="true" signature="launchCap()[pri:0, instance:iiitd.nrl.evalapp.TrakBytesUpload@2f8dad04]" started-at="2021-09-06T22:27:39Z" name="launchCap" finished-at="2021-09-06T22:27:52Z" duration-ms="13012" status="PASS">
          <reporter-output>
          </reporter-output>
        </test-method> <!-- launchCap -->
        <test-method signature="copyTrakBytes()[pri:0, instance:iiitd.nrl.evalapp.TrakBytesUpload@2f8dad04]" started-at="2021-09-06T22:27:52Z" name="copyTrakBytes" finished-at="2021-09-06T22:27:56Z" duration-ms="4275" status="PASS">
          <reporter-output>
          </reporter-output>
        </test-method> <!-- copyTrakBytes -->
        <test-method is-config="true" signature="restart(org.testng.ITestResult)[pri:0, instance:iiitd.nrl.evalapp.TrakBytesUpload@2f8dad04]" started-at="2021-09-06T22:27:56Z" name="restart" finished-at="2021-09-06T22:27:57Z" duration-ms="465" status="PASS">
          <params>
            <param index="0">
              <value>
                <![CDATA[[TestResult name=copyTrakBytes status=SUCCESS method=TrakBytesUpload.copyTrakBytes()[pri:0, instance:iiitd.nrl.evalapp.TrakBytesUpload@2f8dad04] output={null}]]]>
              </value>
            </param>
          </params>
          <reporter-output>
          </reporter-output>
        </test-method> <!-- restart -->
      </class> <!-- iiitd.nrl.evalapp.TrakBytesUpload -->
      <class name="iiitd.nrl.evalapp.WhatsappTests">
        <test-method is-config="true" signature="launchCap()[pri:0, instance:iiitd.nrl.evalapp.WhatsappTests@2bfc268b]" started-at="2021-09-06T22:27:14Z" name="launchCap" finished-at="2021-09-06T22:27:29Z" duration-ms="14389" status="PASS">
          <reporter-output>
          </reporter-output>
        </test-method> <!-- launchCap -->
        <test-method signature="sendMessage()[pri:0, instance:iiitd.nrl.evalapp.WhatsappTests@2bfc268b]" started-at="2021-09-06T22:27:29Z" name="sendMessage" finished-at="2021-09-06T22:27:38Z" duration-ms="8798" status="PASS">
          <reporter-output>
          </reporter-output>
        </test-method> <!-- sendMessage -->
        <test-method is-config="true" signature="restart(org.testng.ITestResult)[pri:0, instance:iiitd.nrl.evalapp.WhatsappTests@2bfc268b]" started-at="2021-09-06T22:27:38Z" name="restart" finished-at="2021-09-06T22:27:39Z" duration-ms="1117" status="PASS">
          <params>
            <param index="0">
              <value>
                <![CDATA[[TestResult name=sendMessage status=SUCCESS method=WhatsappTests.sendMessage()[pri:0, instance:iiitd.nrl.evalapp.WhatsappTests@2bfc268b] output={null}]]]>
              </value>
            </param>
          </params>
          <reporter-output>
          </reporter-output>
        </test-method> <!-- restart -->
      </class> <!-- iiitd.nrl.evalapp.WhatsappTests -->
      <class name="iiitd.nrl.evalapp.TrakBytesData">
        <test-method is-config="true" signature="launchCap()[pri:0, instance:iiitd.nrl.evalapp.TrakBytesData@53976f5c]" started-at="2021-09-06T22:26:57Z" name="launchCap" finished-at="2021-09-06T22:27:10Z" duration-ms="12900" status="PASS">
          <reporter-output>
          </reporter-output>
        </test-method> <!-- launchCap -->
        <test-method signature="copyTrakBytes()[pri:0, instance:iiitd.nrl.evalapp.TrakBytesData@53976f5c]" started-at="2021-09-06T22:27:10Z" name="copyTrakBytes" finished-at="2021-09-06T22:27:14Z" duration-ms="3849" status="PASS">
          <reporter-output>
          </reporter-output>
        </test-method> <!-- copyTrakBytes -->
        <test-method is-config="true" signature="restart(org.testng.ITestResult)[pri:0, instance:iiitd.nrl.evalapp.TrakBytesData@53976f5c]" started-at="2021-09-06T22:27:14Z" name="restart" finished-at="2021-09-06T22:27:14Z" duration-ms="453" status="PASS">
          <params>
            <param index="0">
              <value>
                <![CDATA[[TestResult name=copyTrakBytes status=SUCCESS method=TrakBytesData.copyTrakBytes()[pri:0, instance:iiitd.nrl.evalapp.TrakBytesData@53976f5c] output={null}]]]>
              </value>
            </param>
          </params>
          <reporter-output>
          </reporter-output>
        </test-method> <!-- restart -->
      </class> <!-- iiitd.nrl.evalapp.TrakBytesData -->
    </test> <!-- WhatsappTestsTest -->
  </suite> <!-- WhatsappTestsSuite -->
  <suite started-at="2021-09-06T16:44:47Z" name="Dailyhunt_TestSuite" finished-at="2021-09-06T16:45:58Z" duration-ms="70941">
    <groups>
    </groups>
    <test started-at="2021-09-06T16:44:47Z" name="Dailyhunt_TestTest" finished-at="2021-09-06T16:45:58Z" duration-ms="70941">
      <class name="iiitd.nrl.evalapp.DailyhuntTests">
        <test-method is-config="true" signature="launchCap()[pri:0, instance:iiitd.nrl.evalapp.DailyhuntTests@55740540]" started-at="2021-09-06T22:15:04Z" name="launchCap" finished-at="2021-09-06T22:15:19Z" duration-ms="14771" status="PASS">
          <reporter-output>
          </reporter-output>
        </test-method> <!-- launchCap -->
        <test-method signature="searchNews()[pri:0, instance:iiitd.nrl.evalapp.DailyhuntTests@55740540]" started-at="2021-09-06T22:15:19Z" name="searchNews" finished-at="2021-09-06T22:15:36Z" duration-ms="17035" status="PASS">
          <reporter-output>
          </reporter-output>
        </test-method> <!-- searchNews -->
        <test-method is-config="true" signature="restart(org.testng.ITestResult)[pri:0, instance:iiitd.nrl.evalapp.DailyhuntTests@55740540]" started-at="2021-09-06T22:15:36Z" name="restart" finished-at="2021-09-06T22:15:37Z" duration-ms="1128" status="PASS">
          <params>
            <param index="0">
              <value>
                <![CDATA[[TestResult name=searchNews status=SUCCESS method=DailyhuntTests.searchNews()[pri:0, instance:iiitd.nrl.evalapp.DailyhuntTests@55740540] output={null}]]]>
              </value>
            </param>
          </params>
          <reporter-output>
          </reporter-output>
        </test-method> <!-- restart -->
      </class> <!-- iiitd.nrl.evalapp.DailyhuntTests -->
      <class name="iiitd.nrl.evalapp.TrakBytesUpload">
        <test-method is-config="true" signature="launchCap()[pri:0, instance:iiitd.nrl.evalapp.TrakBytesUpload@60015ef5]" started-at="2021-09-06T22:15:37Z" name="launchCap" finished-at="2021-09-06T22:15:53Z" duration-ms="15979" status="PASS">
          <reporter-output>
          </reporter-output>
        </test-method> <!-- launchCap -->
        <test-method signature="copyTrakBytes()[pri:0, instance:iiitd.nrl.evalapp.TrakBytesUpload@60015ef5]" started-at="2021-09-06T22:15:53Z" name="copyTrakBytes" finished-at="2021-09-06T22:15:57Z" duration-ms="3835" status="PASS">
          <reporter-output>
          </reporter-output>
        </test-method> <!-- copyTrakBytes -->
        <test-method is-config="true" signature="restart(org.testng.ITestResult)[pri:0, instance:iiitd.nrl.evalapp.TrakBytesUpload@60015ef5]" started-at="2021-09-06T22:15:57Z" name="restart" finished-at="2021-09-06T22:15:58Z" duration-ms="1026" status="PASS">
          <params>
            <param index="0">
              <value>
                <![CDATA[[TestResult name=copyTrakBytes status=SUCCESS method=TrakBytesUpload.copyTrakBytes()[pri:0, instance:iiitd.nrl.evalapp.TrakBytesUpload@60015ef5] output={null}]]]>
              </value>
            </param>
          </params>
          <reporter-output>
          </reporter-output>
        </test-method> <!-- restart -->
      </class> <!-- iiitd.nrl.evalapp.TrakBytesUpload -->
      <class name="iiitd.nrl.evalapp.TrakBytesData">
        <test-method is-config="true" signature="launchCap()[pri:0, instance:iiitd.nrl.evalapp.TrakBytesData@37f1104d]" started-at="2021-09-06T22:14:47Z" name="launchCap" finished-at="2021-09-06T22:15:00Z" duration-ms="12850" status="PASS">
          <reporter-output>
          </reporter-output>
        </test-method> <!-- launchCap -->
        <test-method signature="copyTrakBytes()[pri:0, instance:iiitd.nrl.evalapp.TrakBytesData@37f1104d]" started-at="2021-09-06T22:15:00Z" name="copyTrakBytes" finished-at="2021-09-06T22:15:04Z" duration-ms="3730" status="PASS">
          <reporter-output>
          </reporter-output>
        </test-method> <!-- copyTrakBytes -->
        <test-method is-config="true" signature="restart(org.testng.ITestResult)[pri:0, instance:iiitd.nrl.evalapp.TrakBytesData@37f1104d]" started-at="2021-09-06T22:15:04Z" name="restart" finished-at="2021-09-06T22:15:04Z" duration-ms="476" status="PASS">
          <params>
            <param index="0">
              <value>
                <![CDATA[[TestResult name=copyTrakBytes status=SUCCESS method=TrakBytesData.copyTrakBytes()[pri:0, instance:iiitd.nrl.evalapp.TrakBytesData@37f1104d] output={null}]]]>
              </value>
            </param>
          </params>
          <reporter-output>
          </reporter-output>
        </test-method> <!-- restart -->
      </class> <!-- iiitd.nrl.evalapp.TrakBytesData -->
    </test> <!-- Dailyhunt_TestTest -->
  </suite> <!-- Dailyhunt_TestSuite -->
  <suite started-at="2021-09-06T16:54:39Z" name="LinkedInTests_searchSuite" finished-at="2021-09-06T16:55:54Z" duration-ms="74711">
    <groups>
    </groups>
    <test started-at="2021-09-06T16:54:39Z" name="LinkedInTests_searchTest" finished-at="2021-09-06T16:55:54Z" duration-ms="74711">
      <class name="iiitd.nrl.evalapp.LinkedInTests_search">
        <test-method is-config="true" signature="launchCap()[pri:0, instance:iiitd.nrl.evalapp.LinkedInTests_search@55536d9e]" started-at="2021-09-06T22:24:57Z" name="launchCap" finished-at="2021-09-06T22:25:14Z" duration-ms="16975" status="PASS">
          <reporter-output>
          </reporter-output>
        </test-method> <!-- launchCap -->
        <test-method signature="searchPerson()[pri:0, instance:iiitd.nrl.evalapp.LinkedInTests_search@55536d9e]" started-at="2021-09-06T22:25:14Z" name="searchPerson" finished-at="2021-09-06T22:25:34Z" duration-ms="20172" status="PASS">
          <reporter-output>
          </reporter-output>
        </test-method> <!-- searchPerson -->
        <test-method is-config="true" signature="restart(org.testng.ITestResult)[pri:0, instance:iiitd.nrl.evalapp.LinkedInTests_search@55536d9e]" started-at="2021-09-06T22:25:34Z" name="restart" finished-at="2021-09-06T22:25:35Z" duration-ms="1242" status="PASS">
          <params>
            <param index="0">
              <value>
                <![CDATA[[TestResult name=searchPerson status=SUCCESS method=LinkedInTests_search.searchPerson()[pri:0, instance:iiitd.nrl.evalapp.LinkedInTests_search@55536d9e] output={null}]]]>
              </value>
            </param>
          </params>
          <reporter-output>
          </reporter-output>
        </test-method> <!-- restart -->
      </class> <!-- iiitd.nrl.evalapp.LinkedInTests_search -->
      <class name="iiitd.nrl.evalapp.TrakBytesUpload">
        <test-method is-config="true" signature="launchCap()[pri:0, instance:iiitd.nrl.evalapp.TrakBytesUpload@747edf66]" started-at="2021-09-06T22:25:35Z" name="launchCap" finished-at="2021-09-06T22:25:50Z" duration-ms="14352" status="PASS">
          <reporter-output>
          </reporter-output>
        </test-method> <!-- launchCap -->
        <test-method signature="copyTrakBytes()[pri:0, instance:iiitd.nrl.evalapp.TrakBytesUpload@747edf66]" started-at="2021-09-06T22:25:50Z" name="copyTrakBytes" finished-at="2021-09-06T22:25:54Z" duration-ms="3845" status="PASS">
          <reporter-output>
          </reporter-output>
        </test-method> <!-- copyTrakBytes -->
        <test-method is-config="true" signature="restart(org.testng.ITestResult)[pri:0, instance:iiitd.nrl.evalapp.TrakBytesUpload@747edf66]" started-at="2021-09-06T22:25:54Z" name="restart" finished-at="2021-09-06T22:25:54Z" duration-ms="534" status="PASS">
          <params>
            <param index="0">
              <value>
                <![CDATA[[TestResult name=copyTrakBytes status=SUCCESS method=TrakBytesUpload.copyTrakBytes()[pri:0, instance:iiitd.nrl.evalapp.TrakBytesUpload@747edf66] output={null}]]]>
              </value>
            </param>
          </params>
          <reporter-output>
          </reporter-output>
        </test-method> <!-- restart -->
      </class> <!-- iiitd.nrl.evalapp.TrakBytesUpload -->
      <class name="iiitd.nrl.evalapp.TrakBytesData">
        <test-method is-config="true" signature="launchCap()[pri:0, instance:iiitd.nrl.evalapp.TrakBytesData@346d61be]" started-at="2021-09-06T22:24:39Z" name="launchCap" finished-at="2021-09-06T22:24:53Z" duration-ms="13267" status="PASS">
          <reporter-output>
          </reporter-output>
        </test-method> <!-- launchCap -->
        <test-method signature="copyTrakBytes()[pri:0, instance:iiitd.nrl.evalapp.TrakBytesData@346d61be]" started-at="2021-09-06T22:24:53Z" name="copyTrakBytes" finished-at="2021-09-06T22:24:56Z" duration-ms="3857" status="PASS">
          <reporter-output>
          </reporter-output>
        </test-method> <!-- copyTrakBytes -->
        <test-method is-config="true" signature="restart(org.testng.ITestResult)[pri:0, instance:iiitd.nrl.evalapp.TrakBytesData@346d61be]" started-at="2021-09-06T22:24:56Z" name="restart" finished-at="2021-09-06T22:24:57Z" duration-ms="465" status="PASS">
          <params>
            <param index="0">
              <value>
                <![CDATA[[TestResult name=copyTrakBytes status=SUCCESS method=TrakBytesData.copyTrakBytes()[pri:0, instance:iiitd.nrl.evalapp.TrakBytesData@346d61be] output={null}]]]>
              </value>
            </param>
          </params>
          <reporter-output>
          </reporter-output>
        </test-method> <!-- restart -->
      </class> <!-- iiitd.nrl.evalapp.TrakBytesData -->
    </test> <!-- LinkedInTests_searchTest -->
  </suite> <!-- LinkedInTests_searchSuite -->
  <suite started-at="2021-09-06T16:45:58Z" name="Flipkart_Test5Suite" finished-at="2021-09-06T16:47:23Z" duration-ms="84530">
    <groups>
    </groups>
    <test started-at="2021-09-06T16:45:58Z" name="Flipkart_Test5Test" finished-at="2021-09-06T16:47:23Z" duration-ms="84530">
      <class name="iiitd.nrl.evalapp.Flipkart_action5">
        <test-method is-config="true" signature="launchCap()[pri:0, instance:iiitd.nrl.evalapp.Flipkart_action5@5f683daf]" started-at="2021-09-06T22:16:15Z" name="launchCap" finished-at="2021-09-06T22:16:27Z" duration-ms="12255" status="PASS">
          <reporter-output>
          </reporter-output>
        </test-method> <!-- launchCap -->
        <test-method signature="getProduct()[pri:0, instance:iiitd.nrl.evalapp.Flipkart_action5@5f683daf]" started-at="2021-09-06T22:16:27Z" name="getProduct" finished-at="2021-09-06T22:17:04Z" duration-ms="36939" status="PASS">
          <reporter-output>
          </reporter-output>
        </test-method> <!-- getProduct -->
        <test-method is-config="true" signature="restart(org.testng.ITestResult)[pri:0, instance:iiitd.nrl.evalapp.Flipkart_action5@5f683daf]" started-at="2021-09-06T22:17:04Z" name="restart" finished-at="2021-09-06T22:17:05Z" duration-ms="1044" status="PASS">
          <params>
            <param index="0">
              <value>
                <![CDATA[[TestResult name=getProduct status=SUCCESS method=Flipkart_action5.getProduct()[pri:0, instance:iiitd.nrl.evalapp.Flipkart_action5@5f683daf] output={null}]]]>
              </value>
            </param>
          </params>
          <reporter-output>
          </reporter-output>
        </test-method> <!-- restart -->
      </class> <!-- iiitd.nrl.evalapp.Flipkart_action5 -->
      <class name="iiitd.nrl.evalapp.TrakBytesUpload">
        <test-method is-config="true" signature="launchCap()[pri:0, instance:iiitd.nrl.evalapp.TrakBytesUpload@78ffe6dc]" started-at="2021-09-06T22:17:05Z" name="launchCap" finished-at="2021-09-06T22:17:18Z" duration-ms="13121" status="PASS">
          <reporter-output>
          </reporter-output>
        </test-method> <!-- launchCap -->
        <test-method signature="copyTrakBytes()[pri:0, instance:iiitd.nrl.evalapp.TrakBytesUpload@78ffe6dc]" started-at="2021-09-06T22:17:18Z" name="copyTrakBytes" finished-at="2021-09-06T22:17:22Z" duration-ms="3848" status="PASS">
          <reporter-output>
          </reporter-output>
        </test-method> <!-- copyTrakBytes -->
        <test-method is-config="true" signature="restart(org.testng.ITestResult)[pri:0, instance:iiitd.nrl.evalapp.TrakBytesUpload@78ffe6dc]" started-at="2021-09-06T22:17:22Z" name="restart" finished-at="2021-09-06T22:17:23Z" duration-ms="483" status="PASS">
          <params>
            <param index="0">
              <value>
                <![CDATA[[TestResult name=copyTrakBytes status=SUCCESS method=TrakBytesUpload.copyTrakBytes()[pri:0, instance:iiitd.nrl.evalapp.TrakBytesUpload@78ffe6dc] output={null}]]]>
              </value>
            </param>
          </params>
          <reporter-output>
          </reporter-output>
        </test-method> <!-- restart -->
      </class> <!-- iiitd.nrl.evalapp.TrakBytesUpload -->
      <class name="iiitd.nrl.evalapp.TrakBytesData">
        <test-method is-config="true" signature="launchCap()[pri:0, instance:iiitd.nrl.evalapp.TrakBytesData@4a668b6e]" started-at="2021-09-06T22:15:58Z" name="launchCap" finished-at="2021-09-06T22:16:11Z" duration-ms="12582" status="PASS">
          <reporter-output>
          </reporter-output>
        </test-method> <!-- launchCap -->
        <test-method signature="copyTrakBytes()[pri:0, instance:iiitd.nrl.evalapp.TrakBytesData@4a668b6e]" started-at="2021-09-06T22:16:11Z" name="copyTrakBytes" finished-at="2021-09-06T22:16:15Z" duration-ms="3796" status="PASS">
          <reporter-output>
          </reporter-output>
        </test-method> <!-- copyTrakBytes -->
        <test-method is-config="true" signature="restart(org.testng.ITestResult)[pri:0, instance:iiitd.nrl.evalapp.TrakBytesData@4a668b6e]" started-at="2021-09-06T22:16:15Z" name="restart" finished-at="2021-09-06T22:16:15Z" duration-ms="456" status="PASS">
          <params>
            <param index="0">
              <value>
                <![CDATA[[TestResult name=copyTrakBytes status=SUCCESS method=TrakBytesData.copyTrakBytes()[pri:0, instance:iiitd.nrl.evalapp.TrakBytesData@4a668b6e] output={null}]]]>
              </value>
            </param>
          </params>
          <reporter-output>
          </reporter-output>
        </test-method> <!-- restart -->
      </class> <!-- iiitd.nrl.evalapp.TrakBytesData -->
    </test> <!-- Flipkart_Test5Test -->
  </suite> <!-- Flipkart_Test5Suite -->
  <suite started-at="2021-09-06T16:53:30Z" name="LinkedInTests_profileSuite" finished-at="2021-09-06T16:54:39Z" duration-ms="69742">
    <groups>
    </groups>
    <test started-at="2021-09-06T16:53:30Z" name="LinkedInTests_profileTest" finished-at="2021-09-06T16:54:39Z" duration-ms="69742">
      <class name="iiitd.nrl.evalapp.TrakBytesUpload">
        <test-method is-config="true" signature="launchCap()[pri:0, instance:iiitd.nrl.evalapp.TrakBytesUpload@49dc7102]" started-at="2021-09-06T22:24:20Z" name="launchCap" finished-at="2021-09-06T22:24:35Z" duration-ms="14645" status="PASS">
          <reporter-output>
          </reporter-output>
        </test-method> <!-- launchCap -->
        <test-method signature="copyTrakBytes()[pri:0, instance:iiitd.nrl.evalapp.TrakBytesUpload@49dc7102]" started-at="2021-09-06T22:24:35Z" name="copyTrakBytes" finished-at="2021-09-06T22:24:39Z" duration-ms="3803" status="PASS">
          <reporter-output>
          </reporter-output>
        </test-method> <!-- copyTrakBytes -->
        <test-method is-config="true" signature="restart(org.testng.ITestResult)[pri:0, instance:iiitd.nrl.evalapp.TrakBytesUpload@49dc7102]" started-at="2021-09-06T22:24:39Z" name="restart" finished-at="2021-09-06T22:24:39Z" duration-ms="489" status="PASS">
          <params>
            <param index="0">
              <value>
                <![CDATA[[TestResult name=copyTrakBytes status=SUCCESS method=TrakBytesUpload.copyTrakBytes()[pri:0, instance:iiitd.nrl.evalapp.TrakBytesUpload@49dc7102] output={null}]]]>
              </value>
            </param>
          </params>
          <reporter-output>
          </reporter-output>
        </test-method> <!-- restart -->
      </class> <!-- iiitd.nrl.evalapp.TrakBytesUpload -->
      <class name="iiitd.nrl.evalapp.TrakBytesData">
        <test-method is-config="true" signature="launchCap()[pri:0, instance:iiitd.nrl.evalapp.TrakBytesData@73ee04c8]" started-at="2021-09-06T22:23:30Z" name="launchCap" finished-at="2021-09-06T22:23:44Z" duration-ms="14114" status="PASS">
          <reporter-output>
          </reporter-output>
        </test-method> <!-- launchCap -->
        <test-method signature="copyTrakBytes()[pri:0, instance:iiitd.nrl.evalapp.TrakBytesData@73ee04c8]" started-at="2021-09-06T22:23:44Z" name="copyTrakBytes" finished-at="2021-09-06T22:23:48Z" duration-ms="3846" status="PASS">
          <reporter-output>
          </reporter-output>
        </test-method> <!-- copyTrakBytes -->
        <test-method is-config="true" signature="restart(org.testng.ITestResult)[pri:0, instance:iiitd.nrl.evalapp.TrakBytesData@73ee04c8]" started-at="2021-09-06T22:23:48Z" name="restart" finished-at="2021-09-06T22:23:48Z" duration-ms="458" status="PASS">
          <params>
            <param index="0">
              <value>
                <![CDATA[[TestResult name=copyTrakBytes status=SUCCESS method=TrakBytesData.copyTrakBytes()[pri:0, instance:iiitd.nrl.evalapp.TrakBytesData@73ee04c8] output={null}]]]>
              </value>
            </param>
          </params>
          <reporter-output>
          </reporter-output>
        </test-method> <!-- restart -->
      </class> <!-- iiitd.nrl.evalapp.TrakBytesData -->
      <class name="iiitd.nrl.evalapp.LinkedInTests_profile">
        <test-method is-config="true" signature="launchCap()[pri:0, instance:iiitd.nrl.evalapp.LinkedInTests_profile@7671cb68]" started-at="2021-09-06T22:23:48Z" name="launchCap" finished-at="2021-09-06T22:24:05Z" duration-ms="17295" status="PASS">
          <reporter-output>
          </reporter-output>
        </test-method> <!-- launchCap -->
        <test-method signature="viewProfile()[pri:0, instance:iiitd.nrl.evalapp.LinkedInTests_profile@7671cb68]" started-at="2021-09-06T22:24:05Z" name="viewProfile" finished-at="2021-09-06T22:24:19Z" duration-ms="13953" status="PASS">
          <reporter-output>
          </reporter-output>
        </test-method> <!-- viewProfile -->
        <test-method is-config="true" signature="restart(org.testng.ITestResult)[pri:0, instance:iiitd.nrl.evalapp.LinkedInTests_profile@7671cb68]" started-at="2021-09-06T22:24:19Z" name="restart" finished-at="2021-09-06T22:24:20Z" duration-ms="1136" status="PASS">
          <params>
            <param index="0">
              <value>
                <![CDATA[[TestResult name=viewProfile status=SUCCESS method=LinkedInTests_profile.viewProfile()[pri:0, instance:iiitd.nrl.evalapp.LinkedInTests_profile@7671cb68] output={null}]]]>
              </value>
            </param>
          </params>
          <reporter-output>
          </reporter-output>
        </test-method> <!-- restart -->
      </class> <!-- iiitd.nrl.evalapp.LinkedInTests_profile -->
    </test> <!-- LinkedInTests_profileTest -->
  </suite> <!-- LinkedInTests_profileSuite -->
  <suite started-at="2021-09-06T17:03:35Z" name="PingSuite" finished-at="2021-09-06T17:03:35Z" duration-ms="1">
    <groups>
    </groups>
    <test started-at="2021-09-06T17:03:35Z" name="PingTest" finished-at="2021-09-06T17:03:35Z" duration-ms="1">
      <class name="iiitd.nrl.evalapp.PingUpload">
        <test-method is-config="true" signature="launchCap()[pri:0, instance:iiitd.nrl.evalapp.PingUpload@6bedbc4d]" started-at="2021-09-06T22:33:35Z" name="launchCap" finished-at="2021-09-06T22:33:35Z" duration-ms="1" status="PASS">
          <reporter-output>
          </reporter-output>
        </test-method> <!-- launchCap -->
        <test-method signature="dummyTest()[pri:0, instance:iiitd.nrl.evalapp.PingUpload@6bedbc4d]" started-at="2021-09-06T22:33:35Z" name="dummyTest" finished-at="2021-09-06T22:33:35Z" duration-ms="0" status="PASS">
          <reporter-output>
          </reporter-output>
        </test-method> <!-- dummyTest -->
      </class> <!-- iiitd.nrl.evalapp.PingUpload -->
    </test> <!-- PingTest -->
  </suite> <!-- PingSuite -->
  <suite started-at="2021-09-06T17:00:29Z" name="FacebookTests_postSuite" finished-at="2021-09-06T17:02:10Z" duration-ms="100958">
    <groups>
    </groups>
    <test started-at="2021-09-06T17:00:29Z" name="FacebookTests_postTest" finished-at="2021-09-06T17:02:10Z" duration-ms="100958">
      <class name="iiitd.nrl.evalapp.TrakBytesUpload">
        <test-method is-config="true" signature="launchCap()[pri:0, instance:iiitd.nrl.evalapp.TrakBytesUpload@306f16f3]" started-at="2021-09-06T22:31:49Z" name="launchCap" finished-at="2021-09-06T22:32:05Z" duration-ms="15893" status="PASS">
          <reporter-output>
          </reporter-output>
        </test-method> <!-- launchCap -->
        <test-method signature="copyTrakBytes()[pri:0, instance:iiitd.nrl.evalapp.TrakBytesUpload@306f16f3]" started-at="2021-09-06T22:32:05Z" name="copyTrakBytes" finished-at="2021-09-06T22:32:09Z" duration-ms="3843" status="PASS">
          <reporter-output>
          </reporter-output>
        </test-method> <!-- copyTrakBytes -->
        <test-method is-config="true" signature="restart(org.testng.ITestResult)[pri:0, instance:iiitd.nrl.evalapp.TrakBytesUpload@306f16f3]" started-at="2021-09-06T22:32:09Z" name="restart" finished-at="2021-09-06T22:32:10Z" duration-ms="557" status="PASS">
          <params>
            <param index="0">
              <value>
                <![CDATA[[TestResult name=copyTrakBytes status=SUCCESS method=TrakBytesUpload.copyTrakBytes()[pri:0, instance:iiitd.nrl.evalapp.TrakBytesUpload@306f16f3] output={null}]]]>
              </value>
            </param>
          </params>
          <reporter-output>
          </reporter-output>
        </test-method> <!-- restart -->
      </class> <!-- iiitd.nrl.evalapp.TrakBytesUpload -->
      <class name="iiitd.nrl.evalapp.TrakBytesData">
        <test-method is-config="true" signature="launchCap()[pri:0, instance:iiitd.nrl.evalapp.TrakBytesData@1a4013]" started-at="2021-09-06T22:30:29Z" name="launchCap" finished-at="2021-09-06T22:30:44Z" duration-ms="14898" status="PASS">
          <reporter-output>
          </reporter-output>
        </test-method> <!-- launchCap -->
        <test-method signature="copyTrakBytes()[pri:0, instance:iiitd.nrl.evalapp.TrakBytesData@1a4013]" started-at="2021-09-06T22:30:44Z" name="copyTrakBytes" finished-at="2021-09-06T22:30:48Z" duration-ms="4462" status="PASS">
          <reporter-output>
          </reporter-output>
        </test-method> <!-- copyTrakBytes -->
        <test-method is-config="true" signature="restart(org.testng.ITestResult)[pri:0, instance:iiitd.nrl.evalapp.TrakBytesData@1a4013]" started-at="2021-09-06T22:30:48Z" name="restart" finished-at="2021-09-06T22:30:49Z" duration-ms="429" status="PASS">
          <params>
            <param index="0">
              <value>
                <![CDATA[[TestResult name=copyTrakBytes status=SUCCESS method=TrakBytesData.copyTrakBytes()[pri:0, instance:iiitd.nrl.evalapp.TrakBytesData@1a4013] output={null}]]]>
              </value>
            </param>
          </params>
          <reporter-output>
          </reporter-output>
        </test-method> <!-- restart -->
      </class> <!-- iiitd.nrl.evalapp.TrakBytesData -->
      <class name="iiitd.nrl.evalapp.FacebookTestsP">
        <test-method is-config="true" signature="launchCap()[pri:0, instance:iiitd.nrl.evalapp.FacebookTestsP@1b6e1eff]" started-at="2021-09-06T22:30:49Z" name="launchCap" finished-at="2021-09-06T22:31:03Z" duration-ms="14809" status="PASS">
          <reporter-output>
          </reporter-output>
        </test-method> <!-- launchCap -->
        <test-method signature="postGroup()[pri:0, instance:iiitd.nrl.evalapp.FacebookTestsP@1b6e1eff]" started-at="2021-09-06T22:31:03Z" name="postGroup" finished-at="2021-09-06T22:31:48Z" duration-ms="44787" status="PASS">
          <reporter-output>
          </reporter-output>
        </test-method> <!-- postGroup -->
        <test-method is-config="true" signature="restart(org.testng.ITestResult)[pri:0, instance:iiitd.nrl.evalapp.FacebookTestsP@1b6e1eff]" started-at="2021-09-06T22:31:48Z" name="restart" finished-at="2021-09-06T22:31:49Z" duration-ms="1278" status="PASS">
          <params>
            <param index="0">
              <value>
                <![CDATA[[TestResult name=postGroup status=SUCCESS method=FacebookTestsP.postGroup()[pri:0, instance:iiitd.nrl.evalapp.FacebookTestsP@1b6e1eff] output={null}]]]>
              </value>
            </param>
          </params>
          <reporter-output>
          </reporter-output>
        </test-method> <!-- restart -->
        <test-method is-config="true" signature="update()[pri:0, instance:iiitd.nrl.evalapp.FacebookTestsP@1b6e1eff]" started-at="2021-09-06T22:31:49Z" name="update" finished-at="2021-09-06T22:31:49Z" duration-ms="0" status="PASS">
          <reporter-output>
          </reporter-output>
        </test-method> <!-- update -->
      </class> <!-- iiitd.nrl.evalapp.FacebookTestsP -->
    </test> <!-- FacebookTests_postTest -->
  </suite> <!-- FacebookTests_postSuite -->
  <suite started-at="2021-09-06T16:57:57Z" name="Youtube_SearchSuite" finished-at="2021-09-06T16:59:10Z" duration-ms="73445">
    <groups>
    </groups>
    <test started-at="2021-09-06T16:57:57Z" name="Youtube_SearchTest" finished-at="2021-09-06T16:59:10Z" duration-ms="73445">
      <class name="iiitd.nrl.evalapp.TrakBytesUpload">
        <test-method is-config="true" signature="launchCap()[pri:0, instance:iiitd.nrl.evalapp.TrakBytesUpload@120f102b]" started-at="2021-09-06T22:28:51Z" name="launchCap" finished-at="2021-09-06T22:29:06Z" duration-ms="14513" status="PASS">
          <reporter-output>
          </reporter-output>
        </test-method> <!-- launchCap -->
        <test-method signature="copyTrakBytes()[pri:0, instance:iiitd.nrl.evalapp.TrakBytesUpload@120f102b]" started-at="2021-09-06T22:29:06Z" name="copyTrakBytes" finished-at="2021-09-06T22:29:09Z" duration-ms="3866" status="PASS">
          <reporter-output>
          </reporter-output>
        </test-method> <!-- copyTrakBytes -->
        <test-method is-config="true" signature="restart(org.testng.ITestResult)[pri:0, instance:iiitd.nrl.evalapp.TrakBytesUpload@120f102b]" started-at="2021-09-06T22:29:09Z" name="restart" finished-at="2021-09-06T22:29:10Z" duration-ms="490" status="PASS">
          <params>
            <param index="0">
              <value>
                <![CDATA[[TestResult name=copyTrakBytes status=SUCCESS method=TrakBytesUpload.copyTrakBytes()[pri:0, instance:iiitd.nrl.evalapp.TrakBytesUpload@120f102b] output={null}]]]>
              </value>
            </param>
          </params>
          <reporter-output>
          </reporter-output>
        </test-method> <!-- restart -->
      </class> <!-- iiitd.nrl.evalapp.TrakBytesUpload -->
      <class name="iiitd.nrl.evalapp.TrakBytesData">
        <test-method is-config="true" signature="launchCap()[pri:0, instance:iiitd.nrl.evalapp.TrakBytesData@272ed83b]" started-at="2021-09-06T22:27:57Z" name="launchCap" finished-at="2021-09-06T22:28:09Z" duration-ms="12669" status="PASS">
          <reporter-output>
          </reporter-output>
        </test-method> <!-- launchCap -->
        <test-method signature="copyTrakBytes()[pri:0, instance:iiitd.nrl.evalapp.TrakBytesData@272ed83b]" started-at="2021-09-06T22:28:09Z" name="copyTrakBytes" finished-at="2021-09-06T22:28:13Z" duration-ms="3834" status="PASS">
          <reporter-output>
          </reporter-output>
        </test-method> <!-- copyTrakBytes -->
        <test-method is-config="true" signature="restart(org.testng.ITestResult)[pri:0, instance:iiitd.nrl.evalapp.TrakBytesData@272ed83b]" started-at="2021-09-06T22:28:13Z" name="restart" finished-at="2021-09-06T22:28:14Z" duration-ms="503" status="PASS">
          <params>
            <param index="0">
              <value>
                <![CDATA[[TestResult name=copyTrakBytes status=SUCCESS method=TrakBytesData.copyTrakBytes()[pri:0, instance:iiitd.nrl.evalapp.TrakBytesData@272ed83b] output={null}]]]>
              </value>
            </param>
          </params>
          <reporter-output>
          </reporter-output>
        </test-method> <!-- restart -->
      </class> <!-- iiitd.nrl.evalapp.TrakBytesData -->
      <class name="iiitd.nrl.evalapp.YouTubeTest_SearchChannel">
        <test-method is-config="true" signature="launchCap()[pri:0, instance:iiitd.nrl.evalapp.YouTubeTest_SearchChannel@41fecb8b]" started-at="2021-09-06T22:28:14Z" name="launchCap" finished-at="2021-09-06T22:28:32Z" duration-ms="18831" status="PASS">
          <reporter-output>
          </reporter-output>
        </test-method> <!-- launchCap -->
        <test-method signature="channelTest()[pri:0, instance:iiitd.nrl.evalapp.YouTubeTest_SearchChannel@41fecb8b]" started-at="2021-09-06T22:28:32Z" name="channelTest" finished-at="2021-09-06T22:28:50Z" duration-ms="17779" status="PASS">
          <reporter-output>
          </reporter-output>
        </test-method> <!-- channelTest -->
        <test-method is-config="true" signature="restart(org.testng.ITestResult)[pri:0, instance:iiitd.nrl.evalapp.YouTubeTest_SearchChannel@41fecb8b]" started-at="2021-09-06T22:28:50Z" name="restart" finished-at="2021-09-06T22:28:51Z" duration-ms="956" status="PASS">
          <params>
            <param index="0">
              <value>
                <![CDATA[[TestResult name=channelTest status=SUCCESS method=YouTubeTest_SearchChannel.channelTest()[pri:0, instance:iiitd.nrl.evalapp.YouTubeTest_SearchChannel@41fecb8b] output={null}]]]>
              </value>
            </param>
          </params>
          <reporter-output>
          </reporter-output>
        </test-method> <!-- restart -->
      </class> <!-- iiitd.nrl.evalapp.YouTubeTest_SearchChannel -->
    </test> <!-- Youtube_SearchTest -->
  </suite> <!-- Youtube_SearchSuite -->
  <suite started-at="2021-09-06T16:59:10Z" name="Youtube_PlayVideo2Suite" finished-at="2021-09-06T17:00:29Z" duration-ms="78851">
    <groups>
    </groups>
    <test started-at="2021-09-06T16:59:10Z" name="Youtube_PlayVideo2Test" finished-at="2021-09-06T17:00:29Z" duration-ms="78851">
      <class name="iiitd.nrl.evalapp.TrakBytesUpload">
        <test-method is-config="true" signature="launchCap()[pri:0, instance:iiitd.nrl.evalapp.TrakBytesUpload@1613674b]" started-at="2021-09-06T22:30:09Z" name="launchCap" finished-at="2021-09-06T22:30:25Z" duration-ms="15317" status="PASS">
          <reporter-output>
          </reporter-output>
        </test-method> <!-- launchCap -->
        <test-method signature="copyTrakBytes()[pri:0, instance:iiitd.nrl.evalapp.TrakBytesUpload@1613674b]" started-at="2021-09-06T22:30:25Z" name="copyTrakBytes" finished-at="2021-09-06T22:30:28Z" duration-ms="3769" status="PASS">
          <reporter-output>
          </reporter-output>
        </test-method> <!-- copyTrakBytes -->
        <test-method is-config="true" signature="restart(org.testng.ITestResult)[pri:0, instance:iiitd.nrl.evalapp.TrakBytesUpload@1613674b]" started-at="2021-09-06T22:30:28Z" name="restart" finished-at="2021-09-06T22:30:29Z" duration-ms="520" status="PASS">
          <params>
            <param index="0">
              <value>
                <![CDATA[[TestResult name=copyTrakBytes status=SUCCESS method=TrakBytesUpload.copyTrakBytes()[pri:0, instance:iiitd.nrl.evalapp.TrakBytesUpload@1613674b] output={null}]]]>
              </value>
            </param>
          </params>
          <reporter-output>
          </reporter-output>
        </test-method> <!-- restart -->
      </class> <!-- iiitd.nrl.evalapp.TrakBytesUpload -->
      <class name="iiitd.nrl.evalapp.TrakBytesData">
        <test-method is-config="true" signature="launchCap()[pri:0, instance:iiitd.nrl.evalapp.TrakBytesData@6631f5ca]" started-at="2021-09-06T22:29:10Z" name="launchCap" finished-at="2021-09-06T22:29:24Z" duration-ms="14203" status="PASS">
          <reporter-output>
          </reporter-output>
        </test-method> <!-- launchCap -->
        <test-method signature="copyTrakBytes()[pri:0, instance:iiitd.nrl.evalapp.TrakBytesData@6631f5ca]" started-at="2021-09-06T22:29:24Z" name="copyTrakBytes" finished-at="2021-09-06T22:29:28Z" duration-ms="3880" status="PASS">
          <reporter-output>
          </reporter-output>
        </test-method> <!-- copyTrakBytes -->
        <test-method is-config="true" signature="restart(org.testng.ITestResult)[pri:0, instance:iiitd.nrl.evalapp.TrakBytesData@6631f5ca]" started-at="2021-09-06T22:29:28Z" name="restart" finished-at="2021-09-06T22:29:29Z" duration-ms="475" status="PASS">
          <params>
            <param index="0">
              <value>
                <![CDATA[[TestResult name=copyTrakBytes status=SUCCESS method=TrakBytesData.copyTrakBytes()[pri:0, instance:iiitd.nrl.evalapp.TrakBytesData@6631f5ca] output={null}]]]>
              </value>
            </param>
          </params>
          <reporter-output>
          </reporter-output>
        </test-method> <!-- restart -->
      </class> <!-- iiitd.nrl.evalapp.TrakBytesData -->
      <class name="iiitd.nrl.evalapp.Youtube_PlayVid">
        <test-method is-config="true" signature="launchCap()[pri:0, instance:iiitd.nrl.evalapp.Youtube_PlayVid@5ace1ed4]" started-at="2021-09-06T22:29:29Z" name="launchCap" finished-at="2021-09-06T22:29:47Z" duration-ms="18268" status="PASS">
          <reporter-output>
          </reporter-output>
        </test-method> <!-- launchCap -->
        <test-method signature="playTest()[pri:0, instance:iiitd.nrl.evalapp.Youtube_PlayVid@5ace1ed4]" started-at="2021-09-06T22:29:47Z" name="playTest" finished-at="2021-09-06T22:30:08Z" duration-ms="21325" status="PASS">
          <reporter-output>
          </reporter-output>
        </test-method> <!-- playTest -->
        <test-method is-config="true" signature="restart(org.testng.ITestResult)[pri:0, instance:iiitd.nrl.evalapp.Youtube_PlayVid@5ace1ed4]" started-at="2021-09-06T22:30:08Z" name="restart" finished-at="2021-09-06T22:30:09Z" duration-ms="1092" status="PASS">
          <params>
            <param index="0">
              <value>
                <![CDATA[[TestResult name=playTest status=SUCCESS method=Youtube_PlayVid.playTest()[pri:0, instance:iiitd.nrl.evalapp.Youtube_PlayVid@5ace1ed4] output={null}]]]>
              </value>
            </param>
          </params>
          <reporter-output>
          </reporter-output>
        </test-method> <!-- restart -->
      </class> <!-- iiitd.nrl.evalapp.Youtube_PlayVid -->
    </test> <!-- Youtube_PlayVideo2Test -->
  </suite> <!-- Youtube_PlayVideo2Suite -->
  <suite started-at="2021-09-06T16:50:57Z" name="HotstarTests_search2Suite" finished-at="2021-09-06T16:52:17Z" duration-ms="79934">
    <groups>
    </groups>
    <test started-at="2021-09-06T16:50:57Z" name="HotstarTests_search2Test" finished-at="2021-09-06T16:52:17Z" duration-ms="79934">
      <class name="iiitd.nrl.evalapp.Hotstar_PlayVid">
        <test-method is-config="true" signature="launchCap()[pri:0, instance:iiitd.nrl.evalapp.Hotstar_PlayVid@d6e7bab]" started-at="2021-09-06T22:21:16Z" name="launchCap" finished-at="2021-09-06T22:21:32Z" duration-ms="16005" status="PASS">
          <reporter-output>
          </reporter-output>
        </test-method> <!-- launchCap -->
        <test-method signature="playTest()[pri:0, instance:iiitd.nrl.evalapp.Hotstar_PlayVid@d6e7bab]" started-at="2021-09-06T22:21:32Z" name="playTest" finished-at="2021-09-06T22:21:54Z" duration-ms="22444" status="PASS">
          <reporter-output>
          </reporter-output>
        </test-method> <!-- playTest -->
        <test-method is-config="true" signature="restart(org.testng.ITestResult)[pri:0, instance:iiitd.nrl.evalapp.Hotstar_PlayVid@d6e7bab]" started-at="2021-09-06T22:21:54Z" name="restart" finished-at="2021-09-06T22:21:56Z" duration-ms="1440" status="PASS">
          <params>
            <param index="0">
              <value>
                <![CDATA[[TestResult name=playTest status=SUCCESS method=Hotstar_PlayVid.playTest()[pri:0, instance:iiitd.nrl.evalapp.Hotstar_PlayVid@d6e7bab] output={null}]]]>
              </value>
            </param>
          </params>
          <reporter-output>
          </reporter-output>
        </test-method> <!-- restart -->
      </class> <!-- iiitd.nrl.evalapp.Hotstar_PlayVid -->
      <class name="iiitd.nrl.evalapp.TrakBytesUpload">
        <test-method is-config="true" signature="launchCap()[pri:0, instance:iiitd.nrl.evalapp.TrakBytesUpload@5fa07e12]" started-at="2021-09-06T22:21:56Z" name="launchCap" finished-at="2021-09-06T22:22:12Z" duration-ms="16022" status="PASS">
          <reporter-output>
          </reporter-output>
        </test-method> <!-- launchCap -->
        <test-method signature="copyTrakBytes()[pri:0, instance:iiitd.nrl.evalapp.TrakBytesUpload@5fa07e12]" started-at="2021-09-06T22:22:12Z" name="copyTrakBytes" finished-at="2021-09-06T22:22:16Z" duration-ms="4545" status="PASS">
          <reporter-output>
          </reporter-output>
        </test-method> <!-- copyTrakBytes -->
        <test-method is-config="true" signature="restart(org.testng.ITestResult)[pri:0, instance:iiitd.nrl.evalapp.TrakBytesUpload@5fa07e12]" started-at="2021-09-06T22:22:16Z" name="restart" finished-at="2021-09-06T22:22:17Z" duration-ms="513" status="PASS">
          <params>
            <param index="0">
              <value>
                <![CDATA[[TestResult name=copyTrakBytes status=SUCCESS method=TrakBytesUpload.copyTrakBytes()[pri:0, instance:iiitd.nrl.evalapp.TrakBytesUpload@5fa07e12] output={null}]]]>
              </value>
            </param>
          </params>
          <reporter-output>
          </reporter-output>
        </test-method> <!-- restart -->
      </class> <!-- iiitd.nrl.evalapp.TrakBytesUpload -->
      <class name="iiitd.nrl.evalapp.TrakBytesData">
        <test-method is-config="true" signature="launchCap()[pri:0, instance:iiitd.nrl.evalapp.TrakBytesData@3315d2d7]" started-at="2021-09-06T22:20:57Z" name="launchCap" finished-at="2021-09-06T22:21:12Z" duration-ms="14579" status="PASS">
          <reporter-output>
          </reporter-output>
        </test-method> <!-- launchCap -->
        <test-method signature="copyTrakBytes()[pri:0, instance:iiitd.nrl.evalapp.TrakBytesData@3315d2d7]" started-at="2021-09-06T22:21:12Z" name="copyTrakBytes" finished-at="2021-09-06T22:21:15Z" duration-ms="3867" status="PASS">
          <reporter-output>
          </reporter-output>
        </test-method> <!-- copyTrakBytes -->
        <test-method is-config="true" signature="restart(org.testng.ITestResult)[pri:0, instance:iiitd.nrl.evalapp.TrakBytesData@3315d2d7]" started-at="2021-09-06T22:21:15Z" name="restart" finished-at="2021-09-06T22:21:16Z" duration-ms="517" status="PASS">
          <params>
            <param index="0">
              <value>
                <![CDATA[[TestResult name=copyTrakBytes status=SUCCESS method=TrakBytesData.copyTrakBytes()[pri:0, instance:iiitd.nrl.evalapp.TrakBytesData@3315d2d7] output={null}]]]>
              </value>
            </param>
          </params>
          <reporter-output>
          </reporter-output>
        </test-method> <!-- restart -->
      </class> <!-- iiitd.nrl.evalapp.TrakBytesData -->
    </test> <!-- HotstarTests_search2Test -->
  </suite> <!-- HotstarTests_search2Suite -->
  <suite started-at="2021-09-06T17:02:10Z" name="FacebookTests_search2Suite" finished-at="2021-09-06T17:03:35Z" duration-ms="85461">
    <groups>
    </groups>
    <test started-at="2021-09-06T17:02:10Z" name="FacebookTests_search2Test" finished-at="2021-09-06T17:03:35Z" duration-ms="85461">
      <class name="iiitd.nrl.evalapp.TrakBytesUpload">
        <test-method is-config="true" signature="launchCap()[pri:0, instance:iiitd.nrl.evalapp.TrakBytesUpload@48974e45]" started-at="2021-09-06T22:33:16Z" name="launchCap" finished-at="2021-09-06T22:33:31Z" duration-ms="14641" status="PASS">
          <reporter-output>
          </reporter-output>
        </test-method> <!-- launchCap -->
        <test-method signature="copyTrakBytes()[pri:0, instance:iiitd.nrl.evalapp.TrakBytesUpload@48974e45]" started-at="2021-09-06T22:33:31Z" name="copyTrakBytes" finished-at="2021-09-06T22:33:35Z" duration-ms="3856" status="PASS">
          <reporter-output>
          </reporter-output>
        </test-method> <!-- copyTrakBytes -->
        <test-method is-config="true" signature="restart(org.testng.ITestResult)[pri:0, instance:iiitd.nrl.evalapp.TrakBytesUpload@48974e45]" started-at="2021-09-06T22:33:35Z" name="restart" finished-at="2021-09-06T22:33:35Z" duration-ms="524" status="PASS">
          <params>
            <param index="0">
              <value>
                <![CDATA[[TestResult name=copyTrakBytes status=SUCCESS method=TrakBytesUpload.copyTrakBytes()[pri:0, instance:iiitd.nrl.evalapp.TrakBytesUpload@48974e45] output={null}]]]>
              </value>
            </param>
          </params>
          <reporter-output>
          </reporter-output>
        </test-method> <!-- restart -->
      </class> <!-- iiitd.nrl.evalapp.TrakBytesUpload -->
      <class name="iiitd.nrl.evalapp.Facebook_PersonProfile">
        <test-method is-config="true" signature="launchCap()[pri:0, instance:iiitd.nrl.evalapp.Facebook_PersonProfile@247d8ae]" started-at="2021-09-06T22:32:29Z" name="launchCap" finished-at="2021-09-06T22:32:44Z" duration-ms="15026" status="PASS">
          <reporter-output>
          </reporter-output>
        </test-method> <!-- launchCap -->
        <test-method signature="searchPerson()[pri:0, instance:iiitd.nrl.evalapp.Facebook_PersonProfile@247d8ae]" started-at="2021-09-06T22:32:44Z" name="searchPerson" finished-at="2021-09-06T22:33:15Z" duration-ms="31168" status="PASS">
          <reporter-output>
          </reporter-output>
        </test-method> <!-- searchPerson -->
        <test-method is-config="true" signature="restart(org.testng.ITestResult)[pri:0, instance:iiitd.nrl.evalapp.Facebook_PersonProfile@247d8ae]" started-at="2021-09-06T22:33:15Z" name="restart" finished-at="2021-09-06T22:33:16Z" duration-ms="1208" status="PASS">
          <params>
            <param index="0">
              <value>
                <![CDATA[[TestResult name=searchPerson status=SUCCESS method=Facebook_PersonProfile.searchPerson()[pri:0, instance:iiitd.nrl.evalapp.Facebook_PersonProfile@247d8ae] output={null}]]]>
              </value>
            </param>
          </params>
          <reporter-output>
          </reporter-output>
        </test-method> <!-- restart -->
      </class> <!-- iiitd.nrl.evalapp.Facebook_PersonProfile -->
      <class name="iiitd.nrl.evalapp.TrakBytesData">
        <test-method is-config="true" signature="launchCap()[pri:0, instance:iiitd.nrl.evalapp.TrakBytesData@5f9b2141]" started-at="2021-09-06T22:32:10Z" name="launchCap" finished-at="2021-09-06T22:32:24Z" duration-ms="14634" status="PASS">
          <reporter-output>
          </reporter-output>
        </test-method> <!-- launchCap -->
        <test-method signature="copyTrakBytes()[pri:0, instance:iiitd.nrl.evalapp.TrakBytesData@5f9b2141]" started-at="2021-09-06T22:32:24Z" name="copyTrakBytes" finished-at="2021-09-06T22:32:28Z" duration-ms="3884" status="PASS">
          <reporter-output>
          </reporter-output>
        </test-method> <!-- copyTrakBytes -->
        <test-method is-config="true" signature="restart(org.testng.ITestResult)[pri:0, instance:iiitd.nrl.evalapp.TrakBytesData@5f9b2141]" started-at="2021-09-06T22:32:28Z" name="restart" finished-at="2021-09-06T22:32:29Z" duration-ms="516" status="PASS">
          <params>
            <param index="0">
              <value>
                <![CDATA[[TestResult name=copyTrakBytes status=SUCCESS method=TrakBytesData.copyTrakBytes()[pri:0, instance:iiitd.nrl.evalapp.TrakBytesData@5f9b2141] output={null}]]]>
              </value>
            </param>
          </params>
          <reporter-output>
          </reporter-output>
        </test-method> <!-- restart -->
      </class> <!-- iiitd.nrl.evalapp.TrakBytesData -->
    </test> <!-- FacebookTests_search2Test -->
  </suite> <!-- FacebookTests_search2Suite -->
  <suite started-at="2021-09-06T16:48:37Z" name="GooglenewsTestsSuite" finished-at="2021-09-06T16:50:57Z" duration-ms="140025">
    <groups>
    </groups>
    <test started-at="2021-09-06T16:48:37Z" name="GooglenewsTestsTest" finished-at="2021-09-06T16:50:57Z" duration-ms="140025">
      <class name="iiitd.nrl.evalapp.TrakBytesUpload">
        <test-method is-config="true" signature="launchCap()[pri:0, instance:iiitd.nrl.evalapp.TrakBytesUpload@e1de817]" started-at="2021-09-06T22:20:37Z" name="launchCap" finished-at="2021-09-06T22:20:53Z" duration-ms="15135" status="PASS">
          <reporter-output>
          </reporter-output>
        </test-method> <!-- launchCap -->
        <test-method signature="copyTrakBytes()[pri:0, instance:iiitd.nrl.evalapp.TrakBytesUpload@e1de817]" started-at="2021-09-06T22:20:53Z" name="copyTrakBytes" finished-at="2021-09-06T22:20:56Z" duration-ms="3823" status="PASS">
          <reporter-output>
          </reporter-output>
        </test-method> <!-- copyTrakBytes -->
        <test-method is-config="true" signature="restart(org.testng.ITestResult)[pri:0, instance:iiitd.nrl.evalapp.TrakBytesUpload@e1de817]" started-at="2021-09-06T22:20:56Z" name="restart" finished-at="2021-09-06T22:20:57Z" duration-ms="513" status="PASS">
          <params>
            <param index="0">
              <value>
                <![CDATA[[TestResult name=copyTrakBytes status=SUCCESS method=TrakBytesUpload.copyTrakBytes()[pri:0, instance:iiitd.nrl.evalapp.TrakBytesUpload@e1de817] output={null}]]]>
              </value>
            </param>
          </params>
          <reporter-output>
          </reporter-output>
        </test-method> <!-- restart -->
      </class> <!-- iiitd.nrl.evalapp.TrakBytesUpload -->
      <class name="iiitd.nrl.evalapp.GooglenewsTests">
        <test-method is-config="true" signature="launchCap()[pri:0, instance:iiitd.nrl.evalapp.GooglenewsTests@5939a379]" started-at="2021-09-06T22:18:55Z" name="launchCap" finished-at="2021-09-06T22:19:09Z" duration-ms="14255" status="PASS">
          <reporter-output>
          </reporter-output>
        </test-method> <!-- launchCap -->
        <test-method signature="searchTest()[pri:0, instance:iiitd.nrl.evalapp.GooglenewsTests@5939a379]" started-at="2021-09-06T22:19:09Z" name="searchTest" finished-at="2021-09-06T22:20:37Z" duration-ms="87682" status="PASS">
          <reporter-output>
          </reporter-output>
        </test-method> <!-- searchTest -->
        <test-method is-config="true" signature="restart(org.testng.ITestResult)[pri:0, instance:iiitd.nrl.evalapp.GooglenewsTests@5939a379]" started-at="2021-09-06T22:20:37Z" name="restart" finished-at="2021-09-06T22:20:37Z" duration-ms="884" status="PASS">
          <params>
            <param index="0">
              <value>
                <![CDATA[[TestResult name=searchTest status=SUCCESS method=GooglenewsTests.searchTest()[pri:0, instance:iiitd.nrl.evalapp.GooglenewsTests@5939a379] output={null}]]]>
              </value>
            </param>
          </params>
          <reporter-output>
          </reporter-output>
        </test-method> <!-- restart -->
        <test-method is-config="true" signature="update()[pri:0, instance:iiitd.nrl.evalapp.GooglenewsTests@5939a379]" started-at="2021-09-06T22:20:37Z" name="update" finished-at="2021-09-06T22:20:37Z" duration-ms="0" status="PASS">
          <reporter-output>
          </reporter-output>
        </test-method> <!-- update -->
      </class> <!-- iiitd.nrl.evalapp.GooglenewsTests -->
      <class name="iiitd.nrl.evalapp.TrakBytesData">
        <test-method is-config="true" signature="launchCap()[pri:0, instance:iiitd.nrl.evalapp.TrakBytesData@5136d012]" started-at="2021-09-06T22:18:37Z" name="launchCap" finished-at="2021-09-06T22:18:50Z" duration-ms="13142" status="PASS">
          <reporter-output>
          </reporter-output>
        </test-method> <!-- launchCap -->
        <test-method signature="copyTrakBytes()[pri:0, instance:iiitd.nrl.evalapp.TrakBytesData@5136d012]" started-at="2021-09-06T22:18:50Z" name="copyTrakBytes" finished-at="2021-09-06T22:18:54Z" duration-ms="4064" status="PASS">
          <reporter-output>
          </reporter-output>
        </test-method> <!-- copyTrakBytes -->
        <test-method is-config="true" signature="restart(org.testng.ITestResult)[pri:0, instance:iiitd.nrl.evalapp.TrakBytesData@5136d012]" started-at="2021-09-06T22:18:54Z" name="restart" finished-at="2021-09-06T22:18:55Z" duration-ms="525" status="PASS">
          <params>
            <param index="0">
              <value>
                <![CDATA[[TestResult name=copyTrakBytes status=SUCCESS method=TrakBytesData.copyTrakBytes()[pri:0, instance:iiitd.nrl.evalapp.TrakBytesData@5136d012] output={null}]]]>
              </value>
            </param>
          </params>
          <reporter-output>
          </reporter-output>
        </test-method> <!-- restart -->
      </class> <!-- iiitd.nrl.evalapp.TrakBytesData -->
    </test> <!-- GooglenewsTestsTest -->
  </suite> <!-- GooglenewsTestsSuite -->
</testng-results>
