<?xml version="1.0" encoding="UTF-8"?>
<testng-results ignored="0" total="4" passed="4" failed="0" skipped="0">
  <reporter-output>
  </reporter-output>
  <suite started-at="2021-09-06T16:16:09Z" name="PingSuite" finished-at="2021-09-06T16:16:09Z" duration-ms="3">
    <groups>
    </groups>
    <test started-at="2021-09-06T16:16:09Z" name="PingTest" finished-at="2021-09-06T16:16:09Z" duration-ms="3">
      <class name="iiitd.nrl.evalapp.PingUpload">
        <test-method is-config="true" signature="launchCap()[pri:0, instance:iiitd.nrl.evalapp.PingUpload@78ffe6dc]" started-at="2021-09-06T21:46:09Z" name="launchCap" finished-at="2021-09-06T21:46:09Z" duration-ms="1" status="PASS">
          <reporter-output>
          </reporter-output>
        </test-method> <!-- launchCap -->
        <test-method signature="dummyTest()[pri:0, instance:iiitd.nrl.evalapp.PingUpload@78ffe6dc]" started-at="2021-09-06T21:46:09Z" name="dummyTest" finished-at="2021-09-06T21:46:09Z" duration-ms="1" status="PASS">
          <reporter-output>
          </reporter-output>
        </test-method> <!-- dummyTest -->
      </class> <!-- iiitd.nrl.evalapp.PingUpload -->
    </test> <!-- PingTest -->
  </suite> <!-- PingSuite -->
  <suite started-at="2021-09-06T16:14:35Z" name="Flipkart_Test5Suite" finished-at="2021-09-06T16:16:09Z" duration-ms="93935">
    <groups>
    </groups>
    <test started-at="2021-09-06T16:14:35Z" name="Flipkart_Test5Test" finished-at="2021-09-06T16:16:09Z" duration-ms="93935">
      <class name="iiitd.nrl.evalapp.Flipkart_action5">
        <test-method is-config="true" signature="launchCap()[pri:0, instance:iiitd.nrl.evalapp.Flipkart_action5@2f54a33d]" started-at="2021-09-06T21:44:54Z" name="launchCap" finished-at="2021-09-06T21:45:08Z" duration-ms="13945" status="PASS">
          <reporter-output>
          </reporter-output>
        </test-method> <!-- launchCap -->
        <test-method signature="getProduct()[pri:0, instance:iiitd.nrl.evalapp.Flipkart_action5@2f54a33d]" started-at="2021-09-06T21:45:08Z" name="getProduct" finished-at="2021-09-06T21:45:49Z" duration-ms="40717" status="PASS">
          <reporter-output>
          </reporter-output>
        </test-method> <!-- getProduct -->
        <test-method is-config="true" signature="restart(org.testng.ITestResult)[pri:0, instance:iiitd.nrl.evalapp.Flipkart_action5@2f54a33d]" started-at="2021-09-06T21:45:49Z" name="restart" finished-at="2021-09-06T21:45:50Z" duration-ms="1003" status="PASS">
          <params>
            <param index="0">
              <value>
                <![CDATA[[TestResult name=getProduct status=SUCCESS method=Flipkart_action5.getProduct()[pri:0, instance:iiitd.nrl.evalapp.Flipkart_action5@2f54a33d] output={null}]]]>
              </value>
            </param>
          </params>
          <reporter-output>
          </reporter-output>
        </test-method> <!-- restart -->
      </class> <!-- iiitd.nrl.evalapp.Flipkart_action5 -->
      <class name="iiitd.nrl.evalapp.TrakBytesUpload">
        <test-method is-config="true" signature="launchCap()[pri:0, instance:iiitd.nrl.evalapp.TrakBytesUpload@1018bde2]" started-at="2021-09-06T21:45:50Z" name="launchCap" finished-at="2021-09-06T21:46:04Z" duration-ms="13599" status="PASS">
          <reporter-output>
          </reporter-output>
        </test-method> <!-- launchCap -->
        <test-method signature="copyTrakBytes()[pri:0, instance:iiitd.nrl.evalapp.TrakBytesUpload@1018bde2]" started-at="2021-09-06T21:46:04Z" name="copyTrakBytes" finished-at="2021-09-06T21:46:08Z" duration-ms="4359" status="PASS">
          <reporter-output>
          </reporter-output>
        </test-method> <!-- copyTrakBytes -->
        <test-method is-config="true" signature="restart(org.testng.ITestResult)[pri:0, instance:iiitd.nrl.evalapp.TrakBytesUpload@1018bde2]" started-at="2021-09-06T21:46:08Z" name="restart" finished-at="2021-09-06T21:46:09Z" duration-ms="1062" status="PASS">
          <params>
            <param index="0">
              <value>
                <![CDATA[[TestResult name=copyTrakBytes status=SUCCESS method=TrakBytesUpload.copyTrakBytes()[pri:0, instance:iiitd.nrl.evalapp.TrakBytesUpload@1018bde2] output={null}]]]>
              </value>
            </param>
          </params>
          <reporter-output>
          </reporter-output>
        </test-method> <!-- restart -->
      </class> <!-- iiitd.nrl.evalapp.TrakBytesUpload -->
      <class name="iiitd.nrl.evalapp.TrakBytesData">
        <test-method is-config="true" signature="launchCap()[pri:0, instance:iiitd.nrl.evalapp.TrakBytesData@60015ef5]" started-at="2021-09-06T21:44:35Z" name="launchCap" finished-at="2021-09-06T21:44:50Z" duration-ms="15009" status="PASS">
          <reporter-output>
          </reporter-output>
        </test-method> <!-- launchCap -->
        <test-method signature="copyTrakBytes()[pri:0, instance:iiitd.nrl.evalapp.TrakBytesData@60015ef5]" started-at="2021-09-06T21:44:50Z" name="copyTrakBytes" finished-at="2021-09-06T21:44:54Z" duration-ms="3719" status="PASS">
          <reporter-output>
          </reporter-output>
        </test-method> <!-- copyTrakBytes -->
        <test-method is-config="true" signature="restart(org.testng.ITestResult)[pri:0, instance:iiitd.nrl.evalapp.TrakBytesData@60015ef5]" started-at="2021-09-06T21:44:54Z" name="restart" finished-at="2021-09-06T21:44:54Z" duration-ms="444" status="PASS">
          <params>
            <param index="0">
              <value>
                <![CDATA[[TestResult name=copyTrakBytes status=SUCCESS method=TrakBytesData.copyTrakBytes()[pri:0, instance:iiitd.nrl.evalapp.TrakBytesData@60015ef5] output={null}]]]>
              </value>
            </param>
          </params>
          <reporter-output>
          </reporter-output>
        </test-method> <!-- restart -->
      </class> <!-- iiitd.nrl.evalapp.TrakBytesData -->
    </test> <!-- Flipkart_Test5Test -->
  </suite> <!-- Flipkart_Test5Suite -->
</testng-results>
