<?xml version="1.0" encoding="UTF-8"?>
<testng-results ignored="0" total="4" passed="1" failed="2" skipped="1">
  <reporter-output>
  </reporter-output>
  <suite started-at="2021-05-03T12:53:58Z" name="YtsSuite" finished-at="2021-05-03T12:54:03Z" duration-ms="5872">
    <groups>
    </groups>
    <test started-at="2021-05-03T12:53:58Z" name="YtsTest" finished-at="2021-05-03T12:54:03Z" duration-ms="5872">
      <class name="iiitd.nrl.evalapp.TrakBytesData">
        <test-method is-config="true" signature="launchCap()[pri:0, instance:iiitd.nrl.evalapp.TrakBytesData@319988b0]" started-at="2021-05-03T18:23:58Z" name="launchCap" finished-at="2021-05-03T18:23:59Z" duration-ms="1148" status="PASS">
          <reporter-output>
          </reporter-output>
        </test-method> <!-- launchCap -->
        <test-method signature="copyTrakBytes()[pri:0, instance:iiitd.nrl.evalapp.TrakBytesData@319988b0]" started-at="2021-05-03T18:23:59Z" name="copyTrakBytes" finished-at="2021-05-03T18:24:03Z" duration-ms="4708" status="PASS">
          <reporter-output>
          </reporter-output>
        </test-method> <!-- copyTrakBytes -->
        <test-method is-config="true" signature="restart(org.testng.ITestResult)[pri:0, instance:iiitd.nrl.evalapp.TrakBytesData@319988b0]" started-at="2021-05-03T18:24:03Z" name="restart" finished-at="2021-05-03T18:24:03Z" duration-ms="1" status="PASS">
          <params>
            <param index="0">
              <value>
                <![CDATA[[TestResult name=copyTrakBytes status=SUCCESS method=TrakBytesData.copyTrakBytes()[pri:0, instance:iiitd.nrl.evalapp.TrakBytesData@319988b0] output={null}]]]>
              </value>
            </param>
          </params>
          <reporter-output>
          </reporter-output>
        </test-method> <!-- restart -->
      </class> <!-- iiitd.nrl.evalapp.TrakBytesData -->
    </test> <!-- YtsTest -->
  </suite> <!-- YtsSuite -->
  <suite started-at="2021-05-03T12:54:03Z" name="FpSuite" finished-at="2021-05-03T12:54:15Z" duration-ms="11828">
    <groups>
    </groups>
    <test started-at="2021-05-03T12:54:03Z" name="FpTest" finished-at="2021-05-03T12:54:15Z" duration-ms="11828">
      <class name="iiitd.nrl.evalapp.TrakBytesUpload">
        <test-method is-config="true" signature="launchCap()[pri:0, instance:iiitd.nrl.evalapp.TrakBytesUpload@2cf92cc7]" started-at="2021-05-03T18:24:13Z" name="launchCap" finished-at="2021-05-03T18:24:14Z" duration-ms="1117" status="PASS">
          <reporter-output>
          </reporter-output>
        </test-method> <!-- launchCap -->
        <test-method signature="copyTrakBytes()[pri:0, instance:iiitd.nrl.evalapp.TrakBytesUpload@2cf92cc7]" started-at="2021-05-03T18:24:14Z" name="copyTrakBytes" finished-at="2021-05-03T18:24:14Z" duration-ms="22" status="FAIL">
          <exception class="org.openqa.selenium.WebDriverException">
            <message>
              <![CDATA[An unknown server-side error occurred while processing the command. Original error: Could not proxy command to the remote server. Original error: socket hang up
Build info: version: '3.141.59', revision: 'e82be7d358', time: '2018-11-14T08:17:03'
System info: host: 'DESKTOP-L1GP92O', ip: '192.168.0.101', os.name: 'Windows 10', os.arch: 'amd64', os.version: '10.0', java.version: '11.0.10'
Driver info: io.appium.java_client.android.AndroidDriver
Capabilities {autoAcceptAlerts: true, autoGrantPermissions: true, databaseEnabled: false, desired: {autoAcceptAlerts: true, autoGrantPermissions: true, fullReset: false, noReset: true, platformName: android, uiautomator2ServerInstallTimeout: 60000}, deviceApiLevel: 26, deviceManufacturer: Lenovo, deviceModel: A6020a40, deviceName: 1578fc7b, deviceScreenDensity: 320, deviceScreenSize: 720x1280, deviceUDID: 1578fc7b, fullReset: false, javascriptEnabled: true, locationContextEnabled: false, networkConnectionEnabled: true, noReset: true, pixelRatio: 2, platform: LINUX, platformName: Android, platformVersion: 8.0.0, statBarHeight: 48, takesScreenshot: true, uiautomator2ServerInstallTimeout: 60000, viewportRect: {height: 1232, left: 0, top: 48, width: 720}, warnings: {}, webStorageEnabled: false}
Session ID: b8c2503c-5a0f-404e-895d-61b2d3c0d50f
*** Element info: {Using=id, value=com.hawk.trakbytes:id/upload_stats}]]>
            </message>
            <full-stacktrace>
              <![CDATA[org.openqa.selenium.WebDriverException: An unknown server-side error occurred while processing the command. Original error: Could not proxy command to the remote server. Original error: socket hang up
Build info: version: '3.141.59', revision: 'e82be7d358', time: '2018-11-14T08:17:03'
System info: host: 'DESKTOP-L1GP92O', ip: '192.168.0.101', os.name: 'Windows 10', os.arch: 'amd64', os.version: '10.0', java.version: '11.0.10'
Driver info: io.appium.java_client.android.AndroidDriver
Capabilities {autoAcceptAlerts: true, autoGrantPermissions: true, databaseEnabled: false, desired: {autoAcceptAlerts: true, autoGrantPermissions: true, fullReset: false, noReset: true, platformName: android, uiautomator2ServerInstallTimeout: 60000}, deviceApiLevel: 26, deviceManufacturer: Lenovo, deviceModel: A6020a40, deviceName: 1578fc7b, deviceScreenDensity: 320, deviceScreenSize: 720x1280, deviceUDID: 1578fc7b, fullReset: false, javascriptEnabled: true, locationContextEnabled: false, networkConnectionEnabled: true, noReset: true, pixelRatio: 2, platform: LINUX, platformName: Android, platformVersion: 8.0.0, statBarHeight: 48, takesScreenshot: true, uiautomator2ServerInstallTimeout: 60000, viewportRect: {height: 1232, left: 0, top: 48, width: 720}, warnings: {}, webStorageEnabled: false}
Session ID: b8c2503c-5a0f-404e-895d-61b2d3c0d50f
*** Element info: {Using=id, value=com.hawk.trakbytes:id/upload_stats}
	at java.base/jdk.internal.reflect.NativeConstructorAccessorImpl.newInstance0(Native Method)
	at java.base/jdk.internal.reflect.NativeConstructorAccessorImpl.newInstance(NativeConstructorAccessorImpl.java:62)
	at java.base/jdk.internal.reflect.DelegatingConstructorAccessorImpl.newInstance(DelegatingConstructorAccessorImpl.java:45)
	at java.base/java.lang.reflect.Constructor.newInstance(Constructor.java:490)
	at org.openqa.selenium.remote.http.W3CHttpResponseCodec.createException(W3CHttpResponseCodec.java:187)
	at org.openqa.selenium.remote.http.W3CHttpResponseCodec.decode(W3CHttpResponseCodec.java:122)
	at org.openqa.selenium.remote.http.W3CHttpResponseCodec.decode(W3CHttpResponseCodec.java:49)
	at org.openqa.selenium.remote.HttpCommandExecutor.execute(HttpCommandExecutor.java:158)
	at io.appium.java_client.remote.AppiumCommandExecutor.execute(AppiumCommandExecutor.java:239)
	at org.openqa.selenium.remote.RemoteWebDriver.execute(RemoteWebDriver.java:552)
	at io.appium.java_client.DefaultGenericMobileDriver.execute(DefaultGenericMobileDriver.java:41)
	at io.appium.java_client.AppiumDriver.execute(AppiumDriver.java:1)
	at io.appium.java_client.android.AndroidDriver.execute(AndroidDriver.java:1)
	at org.openqa.selenium.remote.RemoteWebDriver.findElement(RemoteWebDriver.java:323)
	at io.appium.java_client.DefaultGenericMobileDriver.findElement(DefaultGenericMobileDriver.java:61)
	at io.appium.java_client.AppiumDriver.findElement(AppiumDriver.java:1)
	at io.appium.java_client.android.AndroidDriver.findElement(AndroidDriver.java:1)
	at org.openqa.selenium.remote.RemoteWebDriver.findElementById(RemoteWebDriver.java:372)
	at io.appium.java_client.DefaultGenericMobileDriver.findElementById(DefaultGenericMobileDriver.java:69)
	at io.appium.java_client.AppiumDriver.findElementById(AppiumDriver.java:1)
	at io.appium.java_client.android.AndroidDriver.findElementById(AndroidDriver.java:1)
	at org.openqa.selenium.By$ById.findElement(By.java:188)
	at org.openqa.selenium.remote.RemoteWebDriver.findElement(RemoteWebDriver.java:315)
	at io.appium.java_client.DefaultGenericMobileDriver.findElement(DefaultGenericMobileDriver.java:57)
	at io.appium.java_client.AppiumDriver.findElement(AppiumDriver.java:1)
	at io.appium.java_client.android.AndroidDriver.findElement(AndroidDriver.java:1)
	at org.openqa.selenium.support.ui.ExpectedConditions$7.apply(ExpectedConditions.java:205)
	at org.openqa.selenium.support.ui.ExpectedConditions$7.apply(ExpectedConditions.java:201)
	at org.openqa.selenium.support.ui.FluentWait.until(FluentWait.java:249)
	at iiitd.nrl.evalapp.TrakBytesUpload.copyTrakBytes(TrakBytesUpload.java:79)
	at java.base/jdk.internal.reflect.NativeMethodAccessorImpl.invoke0(Native Method)
	at java.base/jdk.internal.reflect.NativeMethodAccessorImpl.invoke(NativeMethodAccessorImpl.java:62)
	at java.base/jdk.internal.reflect.DelegatingMethodAccessorImpl.invoke(DelegatingMethodAccessorImpl.java:43)
	at java.base/java.lang.reflect.Method.invoke(Method.java:566)
	at org.testng.internal.MethodInvocationHelper.invokeMethod(MethodInvocationHelper.java:104)
	at org.testng.internal.Invoker.invokeMethod(Invoker.java:645)
	at org.testng.internal.Invoker.invokeTestMethod(Invoker.java:851)
	at org.testng.internal.Invoker.invokeTestMethods(Invoker.java:1177)
	at org.testng.internal.TestMethodWorker.invokeTestMethods(TestMethodWorker.java:129)
	at org.testng.internal.TestMethodWorker.run(TestMethodWorker.java:112)
	at org.testng.TestRunner.privateRun(TestRunner.java:756)
	at org.testng.TestRunner.run(TestRunner.java:610)
	at org.testng.SuiteRunner.runTest(SuiteRunner.java:387)
	at org.testng.SuiteRunner.runSequentially(SuiteRunner.java:382)
	at org.testng.SuiteRunner.privateRun(SuiteRunner.java:340)
	at org.testng.SuiteRunner.run(SuiteRunner.java:289)
	at org.testng.SuiteRunnerWorker.runSuite(SuiteRunnerWorker.java:52)
	at org.testng.SuiteRunnerWorker.run(SuiteRunnerWorker.java:86)
	at org.testng.TestNG.runSuitesSequentially(TestNG.java:1293)
	at org.testng.TestNG.runSuitesLocally(TestNG.java:1218)
	at org.testng.TestNG.runSuites(TestNG.java:1133)
	at org.testng.TestNG.run(TestNG.java:1104)
	at iiitd.nrl.evalapp.MainLauncher.main(MainLauncher.java:278)
]]>
            </full-stacktrace>
          </exception> <!-- org.openqa.selenium.WebDriverException -->
          <reporter-output>
          </reporter-output>
        </test-method> <!-- copyTrakBytes -->
        <test-method is-config="true" signature="restart(org.testng.ITestResult)[pri:0, instance:iiitd.nrl.evalapp.TrakBytesUpload@2cf92cc7]" started-at="2021-05-03T18:24:14Z" name="restart" finished-at="2021-05-03T18:24:15Z" duration-ms="776" status="PASS">
          <params>
            <param index="0">
              <value>
                <![CDATA[[TestResult name=copyTrakBytes status=FAILURE method=TrakBytesUpload.copyTrakBytes()[pri:0, instance:iiitd.nrl.evalapp.TrakBytesUpload@2cf92cc7] output={null}]]]>
              </value>
            </param>
          </params>
          <reporter-output>
          </reporter-output>
        </test-method> <!-- restart -->
      </class> <!-- iiitd.nrl.evalapp.TrakBytesUpload -->
      <class name="iiitd.nrl.evalapp.FacebookTestsP">
        <test-method is-config="true" signature="setUp()[pri:0, instance:iiitd.nrl.evalapp.FacebookTestsP@64337702]" started-at="2021-05-03T18:24:03Z" name="setUp" finished-at="2021-05-03T18:24:03Z" duration-ms="5" status="PASS">
          <reporter-output>
          </reporter-output>
        </test-method> <!-- setUp -->
        <test-method is-config="true" signature="launchCap()[pri:0, instance:iiitd.nrl.evalapp.FacebookTestsP@64337702]" started-at="2021-05-03T18:24:03Z" name="launchCap" finished-at="2021-05-03T18:24:13Z" duration-ms="9905" status="PASS">
          <reporter-output>
          </reporter-output>
        </test-method> <!-- launchCap -->
        <test-method signature="postGroup()[pri:0, instance:iiitd.nrl.evalapp.FacebookTestsP@64337702]" started-at="2021-05-03T18:24:13Z" name="postGroup" finished-at="2021-05-03T18:24:13Z" duration-ms="0" status="FAIL">
          <exception class="java.lang.NullPointerException">
            <full-stacktrace>
              <![CDATA[java.lang.NullPointerException
	at java.base/java.util.Objects.requireNonNull(Objects.java:221)
	at org.openqa.selenium.support.ui.FluentWait.<init>(FluentWait.java:106)
	at org.openqa.selenium.support.ui.WebDriverWait.<init>(WebDriverWait.java:85)
	at org.openqa.selenium.support.ui.WebDriverWait.<init>(WebDriverWait.java:45)
	at iiitd.nrl.evalapp.FacebookTestsP.postGroup(FacebookTestsP.java:155)
	at java.base/jdk.internal.reflect.NativeMethodAccessorImpl.invoke0(Native Method)
	at java.base/jdk.internal.reflect.NativeMethodAccessorImpl.invoke(NativeMethodAccessorImpl.java:62)
	at java.base/jdk.internal.reflect.DelegatingMethodAccessorImpl.invoke(DelegatingMethodAccessorImpl.java:43)
	at java.base/java.lang.reflect.Method.invoke(Method.java:566)
	at org.testng.internal.MethodInvocationHelper.invokeMethod(MethodInvocationHelper.java:104)
	at org.testng.internal.Invoker.invokeMethod(Invoker.java:645)
	at org.testng.internal.Invoker.invokeTestMethod(Invoker.java:851)
	at org.testng.internal.Invoker.invokeTestMethods(Invoker.java:1177)
	at org.testng.internal.TestMethodWorker.invokeTestMethods(TestMethodWorker.java:129)
	at org.testng.internal.TestMethodWorker.run(TestMethodWorker.java:112)
	at org.testng.TestRunner.privateRun(TestRunner.java:756)
	at org.testng.TestRunner.run(TestRunner.java:610)
	at org.testng.SuiteRunner.runTest(SuiteRunner.java:387)
	at org.testng.SuiteRunner.runSequentially(SuiteRunner.java:382)
	at org.testng.SuiteRunner.privateRun(SuiteRunner.java:340)
	at org.testng.SuiteRunner.run(SuiteRunner.java:289)
	at org.testng.SuiteRunnerWorker.runSuite(SuiteRunnerWorker.java:52)
	at org.testng.SuiteRunnerWorker.run(SuiteRunnerWorker.java:86)
	at org.testng.TestNG.runSuitesSequentially(TestNG.java:1293)
	at org.testng.TestNG.runSuitesLocally(TestNG.java:1218)
	at org.testng.TestNG.runSuites(TestNG.java:1133)
	at org.testng.TestNG.run(TestNG.java:1104)
	at iiitd.nrl.evalapp.MainLauncher.main(MainLauncher.java:278)
]]>
            </full-stacktrace>
          </exception> <!-- java.lang.NullPointerException -->
          <reporter-output>
          </reporter-output>
        </test-method> <!-- postGroup -->
        <test-method signature="searchPerson()[pri:0, instance:iiitd.nrl.evalapp.FacebookTestsP@64337702]" started-at="2021-05-03T18:24:13Z" name="searchPerson" finished-at="2021-05-03T18:24:13Z" duration-ms="0" status="SKIP">
          <exception class="java.lang.NullPointerException">
            <full-stacktrace>
              <![CDATA[java.lang.NullPointerException
	at iiitd.nrl.evalapp.FacebookTestsP.restart(FacebookTestsP.java:95)
	at java.base/jdk.internal.reflect.NativeMethodAccessorImpl.invoke0(Native Method)
	at java.base/jdk.internal.reflect.NativeMethodAccessorImpl.invoke(NativeMethodAccessorImpl.java:62)
	at java.base/jdk.internal.reflect.DelegatingMethodAccessorImpl.invoke(DelegatingMethodAccessorImpl.java:43)
	at java.base/java.lang.reflect.Method.invoke(Method.java:566)
	at org.testng.internal.MethodInvocationHelper.invokeMethod(MethodInvocationHelper.java:104)
	at org.testng.internal.Invoker.invokeConfigurationMethod(Invoker.java:515)
	at org.testng.internal.Invoker.invokeConfigurations(Invoker.java:217)
	at org.testng.internal.Invoker.invokeMethod(Invoker.java:712)
	at org.testng.internal.Invoker.invokeTestMethod(Invoker.java:851)
	at org.testng.internal.Invoker.invokeTestMethods(Invoker.java:1177)
	at org.testng.internal.TestMethodWorker.invokeTestMethods(TestMethodWorker.java:129)
	at org.testng.internal.TestMethodWorker.run(TestMethodWorker.java:112)
	at org.testng.TestRunner.privateRun(TestRunner.java:756)
	at org.testng.TestRunner.run(TestRunner.java:610)
	at org.testng.SuiteRunner.runTest(SuiteRunner.java:387)
	at org.testng.SuiteRunner.runSequentially(SuiteRunner.java:382)
	at org.testng.SuiteRunner.privateRun(SuiteRunner.java:340)
	at org.testng.SuiteRunner.run(SuiteRunner.java:289)
	at org.testng.SuiteRunnerWorker.runSuite(SuiteRunnerWorker.java:52)
	at org.testng.SuiteRunnerWorker.run(SuiteRunnerWorker.java:86)
	at org.testng.TestNG.runSuitesSequentially(TestNG.java:1293)
	at org.testng.TestNG.runSuitesLocally(TestNG.java:1218)
	at org.testng.TestNG.runSuites(TestNG.java:1133)
	at org.testng.TestNG.run(TestNG.java:1104)
	at iiitd.nrl.evalapp.MainLauncher.main(MainLauncher.java:278)
]]>
            </full-stacktrace>
          </exception> <!-- java.lang.NullPointerException -->
          <reporter-output>
          </reporter-output>
        </test-method> <!-- searchPerson -->
        <test-method is-config="true" signature="restart(org.testng.ITestResult)[pri:0, instance:iiitd.nrl.evalapp.FacebookTestsP@64337702]" started-at="2021-05-03T18:24:13Z" name="restart" finished-at="2021-05-03T18:24:13Z" duration-ms="0" status="SKIP">
          <reporter-output>
          </reporter-output>
        </test-method> <!-- restart -->
        <test-method is-config="true" signature="launchCap()[pri:0, instance:iiitd.nrl.evalapp.FacebookTestsP@64337702]" started-at="2021-05-03T18:24:13Z" name="launchCap" finished-at="2021-05-03T18:24:13Z" duration-ms="0" status="SKIP">
          <reporter-output>
          </reporter-output>
        </test-method> <!-- launchCap -->
        <test-method is-config="true" signature="restart(org.testng.ITestResult)[pri:0, instance:iiitd.nrl.evalapp.FacebookTestsP@64337702]" started-at="2021-05-03T18:24:13Z" name="restart" finished-at="2021-05-03T18:24:13Z" duration-ms="0" status="FAIL">
          <params>
            <param index="0">
              <value>
                <![CDATA[[TestResult name=postGroup status=FAILURE method=FacebookTestsP.postGroup()[pri:0, instance:iiitd.nrl.evalapp.FacebookTestsP@64337702] output={null}]]]>
              </value>
            </param>
          </params>
          <exception class="java.lang.NullPointerException">
            <full-stacktrace>
              <![CDATA[java.lang.NullPointerException
	at iiitd.nrl.evalapp.FacebookTestsP.restart(FacebookTestsP.java:95)
	at java.base/jdk.internal.reflect.NativeMethodAccessorImpl.invoke0(Native Method)
	at java.base/jdk.internal.reflect.NativeMethodAccessorImpl.invoke(NativeMethodAccessorImpl.java:62)
	at java.base/jdk.internal.reflect.DelegatingMethodAccessorImpl.invoke(DelegatingMethodAccessorImpl.java:43)
	at java.base/java.lang.reflect.Method.invoke(Method.java:566)
	at org.testng.internal.MethodInvocationHelper.invokeMethod(MethodInvocationHelper.java:104)
	at org.testng.internal.Invoker.invokeConfigurationMethod(Invoker.java:515)
	at org.testng.internal.Invoker.invokeConfigurations(Invoker.java:217)
	at org.testng.internal.Invoker.invokeMethod(Invoker.java:712)
	at org.testng.internal.Invoker.invokeTestMethod(Invoker.java:851)
	at org.testng.internal.Invoker.invokeTestMethods(Invoker.java:1177)
	at org.testng.internal.TestMethodWorker.invokeTestMethods(TestMethodWorker.java:129)
	at org.testng.internal.TestMethodWorker.run(TestMethodWorker.java:112)
	at org.testng.TestRunner.privateRun(TestRunner.java:756)
	at org.testng.TestRunner.run(TestRunner.java:610)
	at org.testng.SuiteRunner.runTest(SuiteRunner.java:387)
	at org.testng.SuiteRunner.runSequentially(SuiteRunner.java:382)
	at org.testng.SuiteRunner.privateRun(SuiteRunner.java:340)
	at org.testng.SuiteRunner.run(SuiteRunner.java:289)
	at org.testng.SuiteRunnerWorker.runSuite(SuiteRunnerWorker.java:52)
	at org.testng.SuiteRunnerWorker.run(SuiteRunnerWorker.java:86)
	at org.testng.TestNG.runSuitesSequentially(TestNG.java:1293)
	at org.testng.TestNG.runSuitesLocally(TestNG.java:1218)
	at org.testng.TestNG.runSuites(TestNG.java:1133)
	at org.testng.TestNG.run(TestNG.java:1104)
	at iiitd.nrl.evalapp.MainLauncher.main(MainLauncher.java:278)
]]>
            </full-stacktrace>
          </exception> <!-- java.lang.NullPointerException -->
          <reporter-output>
          </reporter-output>
        </test-method> <!-- restart -->
      </class> <!-- iiitd.nrl.evalapp.FacebookTestsP -->
    </test> <!-- FpTest -->
  </suite> <!-- FpSuite -->
</testng-results>
