<?xml version="1.0" encoding="UTF-8"?>
<testng-results ignored="0" total="2" passed="2" failed="0" skipped="0">
  <reporter-output>
  </reporter-output>
  <suite started-at="2020-11-26T10:35:20Z" name="AppSuite" finished-at="2020-11-26T10:36:05Z" duration-ms="44609">
    <groups>
    </groups>
    <test started-at="2020-11-26T10:35:20Z" name="AppiumTests" finished-at="2020-11-26T10:36:05Z" duration-ms="44609">
      <class name="iiitd.nrl.evalapp.DailyhuntTests">
        <test-method is-config="true" signature="launchCap()[pri:0, instance:iiitd.nrl.evalapp.DailyhuntTests@4ccd295a]" started-at="2020-11-26T16:05:20Z" name="launchCap" finished-at="2020-11-26T16:05:32Z" duration-ms="11695" status="PASS">
          <reporter-output>
          </reporter-output>
        </test-method> <!-- launchCap -->
        <test-method signature="livetvTest()[pri:0, instance:iiitd.nrl.evalapp.DailyhuntTests@4ccd295a]" started-at="2020-11-26T16:05:32Z" name="livetvTest" finished-at="2020-11-26T16:05:43Z" duration-ms="10671" status="PASS">
          <reporter-output>
          </reporter-output>
        </test-method> <!-- livetvTest -->
        <test-method is-config="true" signature="restart(org.testng.ITestResult)[pri:0, instance:iiitd.nrl.evalapp.DailyhuntTests@4ccd295a]" started-at="2020-11-26T16:05:43Z" name="restart" finished-at="2020-11-26T16:05:44Z" duration-ms="1067" status="PASS">
          <params>
            <param index="0">
              <value>
                <![CDATA[[TestResult name=livetvTest status=SUCCESS method=DailyhuntTests.livetvTest()[pri:0, instance:iiitd.nrl.evalapp.DailyhuntTests@4ccd295a] output={null}]]]>
              </value>
            </param>
          </params>
          <reporter-output>
          </reporter-output>
        </test-method> <!-- restart -->
        <test-method is-config="true" signature="launchCap()[pri:0, instance:iiitd.nrl.evalapp.DailyhuntTests@4ccd295a]" started-at="2020-11-26T16:05:44Z" name="launchCap" finished-at="2020-11-26T16:05:54Z" duration-ms="9767" status="PASS">
          <reporter-output>
          </reporter-output>
        </test-method> <!-- launchCap -->
        <test-method signature="searchNews()[pri:0, instance:iiitd.nrl.evalapp.DailyhuntTests@4ccd295a]" started-at="2020-11-26T16:05:54Z" name="searchNews" finished-at="2020-11-26T16:06:04Z" duration-ms="10366" status="PASS">
          <reporter-output>
          </reporter-output>
        </test-method> <!-- searchNews -->
        <test-method is-config="true" signature="restart(org.testng.ITestResult)[pri:0, instance:iiitd.nrl.evalapp.DailyhuntTests@4ccd295a]" started-at="2020-11-26T16:06:04Z" name="restart" finished-at="2020-11-26T16:06:05Z" duration-ms="1027" status="PASS">
          <params>
            <param index="0">
              <value>
                <![CDATA[[TestResult name=searchNews status=SUCCESS method=DailyhuntTests.searchNews()[pri:0, instance:iiitd.nrl.evalapp.DailyhuntTests@4ccd295a] output={null}]]]>
              </value>
            </param>
          </params>
          <reporter-output>
          </reporter-output>
        </test-method> <!-- restart -->
        <test-method is-config="true" signature="update()[pri:0, instance:iiitd.nrl.evalapp.DailyhuntTests@4ccd295a]" started-at="2020-11-26T16:06:05Z" name="update" finished-at="2020-11-26T16:06:05Z" duration-ms="1" status="PASS">
          <reporter-output>
          </reporter-output>
        </test-method> <!-- update -->
      </class> <!-- iiitd.nrl.evalapp.DailyhuntTests -->
    </test> <!-- AppiumTests -->
  </suite> <!-- AppSuite -->
</testng-results>
