<?xml version="1.0" encoding="UTF-8"?>
<testng-results ignored="0" total="35" passed="33" failed="2" skipped="0">
  <reporter-output>
  </reporter-output>
  <suite started-at="2021-04-27T18:28:51Z" name="YtsSuite" finished-at="2021-04-27T18:29:06Z" duration-ms="15020">
    <groups>
    </groups>
    <test started-at="2021-04-27T18:28:51Z" name="YtsTest" finished-at="2021-04-27T18:29:06Z" duration-ms="15020">
      <class name="iiitd.nrl.evalapp.TrakBytesData">
        <test-method is-config="true" signature="launchCap()[pri:0, instance:iiitd.nrl.evalapp.TrakBytesData@1ba0e66e]" started-at="2021-04-27T23:58:51Z" name="launchCap" finished-at="2021-04-27T23:59:01Z" duration-ms="10413" status="PASS">
          <reporter-output>
          </reporter-output>
        </test-method> <!-- launchCap -->
        <test-method signature="copyTrakBytes()[pri:0, instance:iiitd.nrl.evalapp.TrakBytesData@1ba0e66e]" started-at="2021-04-27T23:59:01Z" name="copyTrakBytes" finished-at="2021-04-27T23:59:05Z" duration-ms="4046" status="PASS">
          <reporter-output>
          </reporter-output>
        </test-method> <!-- copyTrakBytes -->
        <test-method is-config="true" signature="restart(org.testng.ITestResult)[pri:0, instance:iiitd.nrl.evalapp.TrakBytesData@1ba0e66e]" started-at="2021-04-27T23:59:05Z" name="restart" finished-at="2021-04-27T23:59:06Z" duration-ms="548" status="PASS">
          <params>
            <param index="0">
              <value>
                <![CDATA[[TestResult name=copyTrakBytes status=SUCCESS method=TrakBytesData.copyTrakBytes()[pri:0, instance:iiitd.nrl.evalapp.TrakBytesData@1ba0e66e] output={null}]]]>
              </value>
            </param>
          </params>
          <reporter-output>
          </reporter-output>
        </test-method> <!-- restart -->
      </class> <!-- iiitd.nrl.evalapp.TrakBytesData -->
    </test> <!-- YtsTest -->
  </suite> <!-- YtsSuite -->
  <suite started-at="2021-04-27T18:29:39Z" name="YtpSuite" finished-at="2021-04-27T18:30:10Z" duration-ms="31480">
    <groups>
    </groups>
    <test started-at="2021-04-27T18:29:39Z" name="YtpTest" finished-at="2021-04-27T18:30:10Z" duration-ms="31480">
      <class name="iiitd.nrl.evalapp.TrakBytesUpload">
        <test-method is-config="true" signature="launchCap()[pri:0, instance:iiitd.nrl.evalapp.TrakBytesUpload@2ea26c52]" started-at="2021-04-27T23:59:57Z" name="launchCap" finished-at="2021-04-28T00:00:06Z" duration-ms="8442" status="PASS">
          <reporter-output>
          </reporter-output>
        </test-method> <!-- launchCap -->
        <test-method signature="copyTrakBytes()[pri:0, instance:iiitd.nrl.evalapp.TrakBytesUpload@2ea26c52]" started-at="2021-04-28T00:00:06Z" name="copyTrakBytes" finished-at="2021-04-28T00:00:10Z" duration-ms="3907" status="PASS">
          <reporter-output>
          </reporter-output>
        </test-method> <!-- copyTrakBytes -->
        <test-method is-config="true" signature="restart(org.testng.ITestResult)[pri:0, instance:iiitd.nrl.evalapp.TrakBytesUpload@2ea26c52]" started-at="2021-04-28T00:00:10Z" name="restart" finished-at="2021-04-28T00:00:10Z" duration-ms="666" status="PASS">
          <params>
            <param index="0">
              <value>
                <![CDATA[[TestResult name=copyTrakBytes status=SUCCESS method=TrakBytesUpload.copyTrakBytes()[pri:0, instance:iiitd.nrl.evalapp.TrakBytesUpload@2ea26c52] output={null}]]]>
              </value>
            </param>
          </params>
          <reporter-output>
          </reporter-output>
        </test-method> <!-- restart -->
      </class> <!-- iiitd.nrl.evalapp.TrakBytesUpload -->
      <class name="iiitd.nrl.evalapp.YouTubeTests_PlayVideo">
        <test-method is-config="true" signature="launchCap()[pri:0, instance:iiitd.nrl.evalapp.YouTubeTests_PlayVideo@3d0109bb]" started-at="2021-04-27T23:59:39Z" name="launchCap" finished-at="2021-04-27T23:59:48Z" duration-ms="9455" status="PASS">
          <reporter-output>
          </reporter-output>
        </test-method> <!-- launchCap -->
        <test-method signature="playTest()[pri:0, instance:iiitd.nrl.evalapp.YouTubeTests_PlayVideo@3d0109bb]" started-at="2021-04-27T23:59:48Z" name="playTest" finished-at="2021-04-27T23:59:56Z" duration-ms="8052" status="PASS">
          <reporter-output>
          </reporter-output>
        </test-method> <!-- playTest -->
        <test-method is-config="true" signature="restart(org.testng.ITestResult)[pri:0, instance:iiitd.nrl.evalapp.YouTubeTests_PlayVideo@3d0109bb]" started-at="2021-04-27T23:59:56Z" name="restart" finished-at="2021-04-27T23:59:57Z" duration-ms="953" status="PASS">
          <params>
            <param index="0">
              <value>
                <![CDATA[[TestResult name=playTest status=SUCCESS method=YouTubeTests_PlayVideo.playTest()[pri:0, instance:iiitd.nrl.evalapp.YouTubeTests_PlayVideo@3d0109bb] output={null}]]]>
              </value>
            </param>
          </params>
          <reporter-output>
          </reporter-output>
        </test-method> <!-- restart -->
      </class> <!-- iiitd.nrl.evalapp.YouTubeTests_PlayVideo -->
    </test> <!-- YtpTest -->
  </suite> <!-- YtpSuite -->
  <suite started-at="2021-04-27T18:37:49Z" name="GnSuite" finished-at="2021-04-27T18:38:22Z" duration-ms="33564">
    <groups>
    </groups>
    <test started-at="2021-04-27T18:37:49Z" name="GnTest" finished-at="2021-04-27T18:38:22Z" duration-ms="33564">
      <class name="iiitd.nrl.evalapp.TrakBytesUpload">
        <test-method is-config="true" signature="launchCap()[pri:0, instance:iiitd.nrl.evalapp.TrakBytesUpload@34de7d85]" started-at="2021-04-28T00:08:09Z" name="launchCap" finished-at="2021-04-28T00:08:18Z" duration-ms="8664" status="PASS">
          <reporter-output>
          </reporter-output>
        </test-method> <!-- launchCap -->
        <test-method signature="copyTrakBytes()[pri:0, instance:iiitd.nrl.evalapp.TrakBytesUpload@34de7d85]" started-at="2021-04-28T00:08:18Z" name="copyTrakBytes" finished-at="2021-04-28T00:08:22Z" duration-ms="3881" status="PASS">
          <reporter-output>
          </reporter-output>
        </test-method> <!-- copyTrakBytes -->
        <test-method is-config="true" signature="restart(org.testng.ITestResult)[pri:0, instance:iiitd.nrl.evalapp.TrakBytesUpload@34de7d85]" started-at="2021-04-28T00:08:22Z" name="restart" finished-at="2021-04-28T00:08:22Z" duration-ms="555" status="PASS">
          <params>
            <param index="0">
              <value>
                <![CDATA[[TestResult name=copyTrakBytes status=SUCCESS method=TrakBytesUpload.copyTrakBytes()[pri:0, instance:iiitd.nrl.evalapp.TrakBytesUpload@34de7d85] output={null}]]]>
              </value>
            </param>
          </params>
          <reporter-output>
          </reporter-output>
        </test-method> <!-- restart -->
      </class> <!-- iiitd.nrl.evalapp.TrakBytesUpload -->
      <class name="iiitd.nrl.evalapp.GooglenewsTests">
        <test-method is-config="true" signature="launchCap()[pri:0, instance:iiitd.nrl.evalapp.GooglenewsTests@5aeaa10d]" started-at="2021-04-28T00:07:49Z" name="launchCap" finished-at="2021-04-28T00:07:58Z" duration-ms="9071" status="PASS">
          <reporter-output>
          </reporter-output>
        </test-method> <!-- launchCap -->
        <test-method signature="searchTest()[pri:0, instance:iiitd.nrl.evalapp.GooglenewsTests@5aeaa10d]" started-at="2021-04-28T00:07:58Z" name="searchTest" finished-at="2021-04-28T00:08:08Z" duration-ms="10396" status="PASS">
          <reporter-output>
          </reporter-output>
        </test-method> <!-- searchTest -->
        <test-method is-config="true" signature="restart(org.testng.ITestResult)[pri:0, instance:iiitd.nrl.evalapp.GooglenewsTests@5aeaa10d]" started-at="2021-04-28T00:08:08Z" name="restart" finished-at="2021-04-28T00:08:09Z" duration-ms="995" status="PASS">
          <params>
            <param index="0">
              <value>
                <![CDATA[[TestResult name=searchTest status=SUCCESS method=GooglenewsTests.searchTest()[pri:0, instance:iiitd.nrl.evalapp.GooglenewsTests@5aeaa10d] output={null}]]]>
              </value>
            </param>
          </params>
          <reporter-output>
          </reporter-output>
        </test-method> <!-- restart -->
        <test-method is-config="true" signature="update()[pri:0, instance:iiitd.nrl.evalapp.GooglenewsTests@5aeaa10d]" started-at="2021-04-28T00:08:09Z" name="update" finished-at="2021-04-28T00:08:09Z" duration-ms="1" status="PASS">
          <reporter-output>
          </reporter-output>
        </test-method> <!-- update -->
      </class> <!-- iiitd.nrl.evalapp.GooglenewsTests -->
    </test> <!-- GnTest -->
  </suite> <!-- GnSuite -->
  <suite started-at="2021-04-27T18:30:10Z" name="HsSuite" finished-at="2021-04-27T18:30:41Z" duration-ms="30579">
    <groups>
    </groups>
    <test started-at="2021-04-27T18:30:10Z" name="HsTest" finished-at="2021-04-27T18:30:41Z" duration-ms="30579">
      <class name="iiitd.nrl.evalapp.TrakBytesUpload">
        <test-method is-config="true" signature="launchCap()[pri:0, instance:iiitd.nrl.evalapp.TrakBytesUpload@3bcd24a1]" started-at="2021-04-28T00:00:28Z" name="launchCap" finished-at="2021-04-28T00:00:37Z" duration-ms="8698" status="PASS">
          <reporter-output>
          </reporter-output>
        </test-method> <!-- launchCap -->
        <test-method signature="copyTrakBytes()[pri:0, instance:iiitd.nrl.evalapp.TrakBytesUpload@3bcd24a1]" started-at="2021-04-28T00:00:37Z" name="copyTrakBytes" finished-at="2021-04-28T00:00:40Z" duration-ms="3956" status="PASS">
          <reporter-output>
          </reporter-output>
        </test-method> <!-- copyTrakBytes -->
        <test-method is-config="true" signature="restart(org.testng.ITestResult)[pri:0, instance:iiitd.nrl.evalapp.TrakBytesUpload@3bcd24a1]" started-at="2021-04-28T00:00:40Z" name="restart" finished-at="2021-04-28T00:00:41Z" duration-ms="576" status="PASS">
          <params>
            <param index="0">
              <value>
                <![CDATA[[TestResult name=copyTrakBytes status=SUCCESS method=TrakBytesUpload.copyTrakBytes()[pri:0, instance:iiitd.nrl.evalapp.TrakBytesUpload@3bcd24a1] output={null}]]]>
              </value>
            </param>
          </params>
          <reporter-output>
          </reporter-output>
        </test-method> <!-- restart -->
      </class> <!-- iiitd.nrl.evalapp.TrakBytesUpload -->
      <class name="iiitd.nrl.evalapp.HotstarTests_search">
        <test-method is-config="true" signature="launchCap()[pri:0, instance:iiitd.nrl.evalapp.HotstarTests_search@22ab8c76]" started-at="2021-04-28T00:00:10Z" name="launchCap" finished-at="2021-04-28T00:00:19Z" duration-ms="8901" status="PASS">
          <reporter-output>
          </reporter-output>
        </test-method> <!-- launchCap -->
        <test-method signature="searchTest()[pri:0, instance:iiitd.nrl.evalapp.HotstarTests_search@22ab8c76]" started-at="2021-04-28T00:00:19Z" name="searchTest" finished-at="2021-04-28T00:00:27Z" duration-ms="7400" status="FAIL">
          <exception class="org.openqa.selenium.StaleElementReferenceException">
            <message>
              <![CDATA[Cached elements 'By.clazz: android.widget.ImageView' do not exist in DOM anymore
For documentation on this error, please visit: https://www.seleniumhq.org/exceptions/stale_element_reference.html
Build info: version: '3.141.59', revision: 'e82be7d358', time: '2018-11-14T08:17:03'
System info: host: 'DESKTOP-L1GP92O', ip: '192.168.0.101', os.name: 'Windows 10', os.arch: 'amd64', os.version: '10.0', java.version: '11.0.10'
Driver info: io.appium.java_client.android.AndroidDriver
Capabilities {appActivity: in.startv.hotstar.rocky.lau..., appPackage: in.startv.hotstar, autoAcceptAlerts: true, autoGrantPermissions: true, databaseEnabled: false, desired: {appActivity: in.startv.hotstar.rocky.lau..., appPackage: in.startv.hotstar, autoAcceptAlerts: true, autoGrantPermissions: true, fullReset: false, noReset: true, platformName: android, uiautomator2ServerInstallTimeout: 60000}, deviceApiLevel: 30, deviceManufacturer: Google, deviceModel: Pixel 3a, deviceName: 95TAY0VNB4, deviceScreenDensity: 440, deviceScreenSize: 1080x2220, deviceUDID: 95TAY0VNB4, fullReset: false, javascriptEnabled: true, locationContextEnabled: false, networkConnectionEnabled: true, noReset: true, pixelRatio: 2.75, platform: LINUX, platformName: Android, platformVersion: 11, statBarHeight: 66, takesScreenshot: true, uiautomator2ServerInstallTimeout: 60000, viewportRect: {height: 2022, left: 0, top: 66, width: 1080}, warnings: {}, webStorageEnabled: false}
Session ID: 3409b79f-4cfe-445b-9e7b-46d4ed042de0]]>
            </message>
            <full-stacktrace>
              <![CDATA[org.openqa.selenium.StaleElementReferenceException: Cached elements 'By.clazz: android.widget.ImageView' do not exist in DOM anymore
For documentation on this error, please visit: https://www.seleniumhq.org/exceptions/stale_element_reference.html
Build info: version: '3.141.59', revision: 'e82be7d358', time: '2018-11-14T08:17:03'
System info: host: 'DESKTOP-L1GP92O', ip: '192.168.0.101', os.name: 'Windows 10', os.arch: 'amd64', os.version: '10.0', java.version: '11.0.10'
Driver info: io.appium.java_client.android.AndroidDriver
Capabilities {appActivity: in.startv.hotstar.rocky.lau..., appPackage: in.startv.hotstar, autoAcceptAlerts: true, autoGrantPermissions: true, databaseEnabled: false, desired: {appActivity: in.startv.hotstar.rocky.lau..., appPackage: in.startv.hotstar, autoAcceptAlerts: true, autoGrantPermissions: true, fullReset: false, noReset: true, platformName: android, uiautomator2ServerInstallTimeout: 60000}, deviceApiLevel: 30, deviceManufacturer: Google, deviceModel: Pixel 3a, deviceName: 95TAY0VNB4, deviceScreenDensity: 440, deviceScreenSize: 1080x2220, deviceUDID: 95TAY0VNB4, fullReset: false, javascriptEnabled: true, locationContextEnabled: false, networkConnectionEnabled: true, noReset: true, pixelRatio: 2.75, platform: LINUX, platformName: Android, platformVersion: 11, statBarHeight: 66, takesScreenshot: true, uiautomator2ServerInstallTimeout: 60000, viewportRect: {height: 2022, left: 0, top: 66, width: 1080}, warnings: {}, webStorageEnabled: false}
Session ID: 3409b79f-4cfe-445b-9e7b-46d4ed042de0
	at java.base/jdk.internal.reflect.NativeConstructorAccessorImpl.newInstance0(Native Method)
	at java.base/jdk.internal.reflect.NativeConstructorAccessorImpl.newInstance(NativeConstructorAccessorImpl.java:62)
	at java.base/jdk.internal.reflect.DelegatingConstructorAccessorImpl.newInstance(DelegatingConstructorAccessorImpl.java:45)
	at java.base/java.lang.reflect.Constructor.newInstance(Constructor.java:490)
	at org.openqa.selenium.remote.http.W3CHttpResponseCodec.createException(W3CHttpResponseCodec.java:187)
	at org.openqa.selenium.remote.http.W3CHttpResponseCodec.decode(W3CHttpResponseCodec.java:122)
	at org.openqa.selenium.remote.http.W3CHttpResponseCodec.decode(W3CHttpResponseCodec.java:49)
	at org.openqa.selenium.remote.HttpCommandExecutor.execute(HttpCommandExecutor.java:158)
	at io.appium.java_client.remote.AppiumCommandExecutor.execute(AppiumCommandExecutor.java:239)
	at org.openqa.selenium.remote.RemoteWebDriver.execute(RemoteWebDriver.java:552)
	at io.appium.java_client.DefaultGenericMobileDriver.execute(DefaultGenericMobileDriver.java:41)
	at io.appium.java_client.AppiumDriver.execute(AppiumDriver.java:1)
	at io.appium.java_client.android.AndroidDriver.execute(AndroidDriver.java:1)
	at org.openqa.selenium.remote.RemoteWebElement.execute(RemoteWebElement.java:285)
	at io.appium.java_client.DefaultGenericMobileElement.execute(DefaultGenericMobileElement.java:45)
	at io.appium.java_client.MobileElement.execute(MobileElement.java:1)
	at io.appium.java_client.android.AndroidElement.execute(AndroidElement.java:1)
	at org.openqa.selenium.remote.RemoteWebElement.click(RemoteWebElement.java:84)
	at iiitd.nrl.evalapp.HotstarTests_search.searchTest(HotstarTests_search.java:112)
	at java.base/jdk.internal.reflect.NativeMethodAccessorImpl.invoke0(Native Method)
	at java.base/jdk.internal.reflect.NativeMethodAccessorImpl.invoke(NativeMethodAccessorImpl.java:62)
	at java.base/jdk.internal.reflect.DelegatingMethodAccessorImpl.invoke(DelegatingMethodAccessorImpl.java:43)
	at java.base/java.lang.reflect.Method.invoke(Method.java:566)
	at org.testng.internal.MethodInvocationHelper.invokeMethod(MethodInvocationHelper.java:104)
	at org.testng.internal.Invoker.invokeMethod(Invoker.java:645)
	at org.testng.internal.Invoker.invokeTestMethod(Invoker.java:851)
	at org.testng.internal.Invoker.invokeTestMethods(Invoker.java:1177)
	at org.testng.internal.TestMethodWorker.invokeTestMethods(TestMethodWorker.java:129)
	at org.testng.internal.TestMethodWorker.run(TestMethodWorker.java:112)
	at org.testng.TestRunner.privateRun(TestRunner.java:756)
	at org.testng.TestRunner.run(TestRunner.java:610)
	at org.testng.SuiteRunner.runTest(SuiteRunner.java:387)
	at org.testng.SuiteRunner.runSequentially(SuiteRunner.java:382)
	at org.testng.SuiteRunner.privateRun(SuiteRunner.java:340)
	at org.testng.SuiteRunner.run(SuiteRunner.java:289)
	at org.testng.SuiteRunnerWorker.runSuite(SuiteRunnerWorker.java:52)
	at org.testng.SuiteRunnerWorker.run(SuiteRunnerWorker.java:86)
	at org.testng.TestNG.runSuitesSequentially(TestNG.java:1293)
	at org.testng.TestNG.runSuitesLocally(TestNG.java:1218)
	at org.testng.TestNG.runSuites(TestNG.java:1133)
	at org.testng.TestNG.run(TestNG.java:1104)
	at iiitd.nrl.evalapp.MainAppLauncher$1$1$1.run(MainAppLauncher.java:75)
	at java.base/java.lang.Thread.run(Thread.java:834)
]]>
            </full-stacktrace>
          </exception> <!-- org.openqa.selenium.StaleElementReferenceException -->
          <reporter-output>
          </reporter-output>
        </test-method> <!-- searchTest -->
        <test-method is-config="true" signature="restart(org.testng.ITestResult)[pri:0, instance:iiitd.nrl.evalapp.HotstarTests_search@22ab8c76]" started-at="2021-04-28T00:00:27Z" name="restart" finished-at="2021-04-28T00:00:28Z" duration-ms="1046" status="PASS">
          <params>
            <param index="0">
              <value>
                <![CDATA[[TestResult name=searchTest status=FAILURE method=HotstarTests_search.searchTest()[pri:0, instance:iiitd.nrl.evalapp.HotstarTests_search@22ab8c76] output={null}]]]>
              </value>
            </param>
          </params>
          <reporter-output>
          </reporter-output>
        </test-method> <!-- restart -->
      </class> <!-- iiitd.nrl.evalapp.HotstarTests_search -->
    </test> <!-- HsTest -->
  </suite> <!-- HsSuite -->
  <suite started-at="2021-04-27T18:32:18Z" name="LsSuite" finished-at="2021-04-27T18:32:53Z" duration-ms="35695">
    <groups>
    </groups>
    <test started-at="2021-04-27T18:32:18Z" name="LsTest" finished-at="2021-04-27T18:32:53Z" duration-ms="35695">
      <class name="iiitd.nrl.evalapp.LinkedInTests_search">
        <test-method is-config="true" signature="launchCap()[pri:0, instance:iiitd.nrl.evalapp.LinkedInTests_search@59d9d813]" started-at="2021-04-28T00:02:18Z" name="launchCap" finished-at="2021-04-28T00:02:26Z" duration-ms="8953" status="PASS">
          <reporter-output>
          </reporter-output>
        </test-method> <!-- launchCap -->
        <test-method signature="searchPerson()[pri:0, instance:iiitd.nrl.evalapp.LinkedInTests_search@59d9d813]" started-at="2021-04-28T00:02:26Z" name="searchPerson" finished-at="2021-04-28T00:02:39Z" duration-ms="12638" status="PASS">
          <reporter-output>
          </reporter-output>
        </test-method> <!-- searchPerson -->
        <test-method is-config="true" signature="restart(org.testng.ITestResult)[pri:0, instance:iiitd.nrl.evalapp.LinkedInTests_search@59d9d813]" started-at="2021-04-28T00:02:39Z" name="restart" finished-at="2021-04-28T00:02:40Z" duration-ms="1067" status="PASS">
          <params>
            <param index="0">
              <value>
                <![CDATA[[TestResult name=searchPerson status=SUCCESS method=LinkedInTests_search.searchPerson()[pri:0, instance:iiitd.nrl.evalapp.LinkedInTests_search@59d9d813] output={null}]]]>
              </value>
            </param>
          </params>
          <reporter-output>
          </reporter-output>
        </test-method> <!-- restart -->
      </class> <!-- iiitd.nrl.evalapp.LinkedInTests_search -->
      <class name="iiitd.nrl.evalapp.TrakBytesUpload">
        <test-method is-config="true" signature="launchCap()[pri:0, instance:iiitd.nrl.evalapp.TrakBytesUpload@4fa4f518]" started-at="2021-04-28T00:02:40Z" name="launchCap" finished-at="2021-04-28T00:02:49Z" duration-ms="8455" status="PASS">
          <reporter-output>
          </reporter-output>
        </test-method> <!-- launchCap -->
        <test-method signature="copyTrakBytes()[pri:0, instance:iiitd.nrl.evalapp.TrakBytesUpload@4fa4f518]" started-at="2021-04-28T00:02:49Z" name="copyTrakBytes" finished-at="2021-04-28T00:02:53Z" duration-ms="3953" status="PASS">
          <reporter-output>
          </reporter-output>
        </test-method> <!-- copyTrakBytes -->
        <test-method is-config="true" signature="restart(org.testng.ITestResult)[pri:0, instance:iiitd.nrl.evalapp.TrakBytesUpload@4fa4f518]" started-at="2021-04-28T00:02:53Z" name="restart" finished-at="2021-04-28T00:02:53Z" duration-ms="624" status="PASS">
          <params>
            <param index="0">
              <value>
                <![CDATA[[TestResult name=copyTrakBytes status=SUCCESS method=TrakBytesUpload.copyTrakBytes()[pri:0, instance:iiitd.nrl.evalapp.TrakBytesUpload@4fa4f518] output={null}]]]>
              </value>
            </param>
          </params>
          <reporter-output>
          </reporter-output>
        </test-method> <!-- restart -->
      </class> <!-- iiitd.nrl.evalapp.TrakBytesUpload -->
    </test> <!-- LsTest -->
  </suite> <!-- LsSuite -->
  <suite started-at="2021-04-27T18:31:45Z" name="LcSuite" finished-at="2021-04-27T18:32:17Z" duration-ms="32256">
    <groups>
    </groups>
    <test started-at="2021-04-27T18:31:45Z" name="LcTest" finished-at="2021-04-27T18:32:17Z" duration-ms="32256">
      <class name="iiitd.nrl.evalapp.TrakBytesUpload">
        <test-method is-config="true" signature="launchCap()[pri:0, instance:iiitd.nrl.evalapp.TrakBytesUpload@68b0fd8f]" started-at="2021-04-28T00:02:04Z" name="launchCap" finished-at="2021-04-28T00:02:13Z" duration-ms="8569" status="PASS">
          <reporter-output>
          </reporter-output>
        </test-method> <!-- launchCap -->
        <test-method signature="copyTrakBytes()[pri:0, instance:iiitd.nrl.evalapp.TrakBytesUpload@68b0fd8f]" started-at="2021-04-28T00:02:13Z" name="copyTrakBytes" finished-at="2021-04-28T00:02:17Z" duration-ms="3933" status="PASS">
          <reporter-output>
          </reporter-output>
        </test-method> <!-- copyTrakBytes -->
        <test-method is-config="true" signature="restart(org.testng.ITestResult)[pri:0, instance:iiitd.nrl.evalapp.TrakBytesUpload@68b0fd8f]" started-at="2021-04-28T00:02:17Z" name="restart" finished-at="2021-04-28T00:02:17Z" duration-ms="621" status="PASS">
          <params>
            <param index="0">
              <value>
                <![CDATA[[TestResult name=copyTrakBytes status=SUCCESS method=TrakBytesUpload.copyTrakBytes()[pri:0, instance:iiitd.nrl.evalapp.TrakBytesUpload@68b0fd8f] output={null}]]]>
              </value>
            </param>
          </params>
          <reporter-output>
          </reporter-output>
        </test-method> <!-- restart -->
      </class> <!-- iiitd.nrl.evalapp.TrakBytesUpload -->
      <class name="iiitd.nrl.evalapp.LinkedInTests_myConnections">
        <test-method is-config="true" signature="launchCap()[pri:0, instance:iiitd.nrl.evalapp.LinkedInTests_myConnections@1fa17a97]" started-at="2021-04-28T00:01:45Z" name="launchCap" finished-at="2021-04-28T00:01:55Z" duration-ms="10154" status="PASS">
          <reporter-output>
          </reporter-output>
        </test-method> <!-- launchCap -->
        <test-method signature="myConnections()[pri:0, instance:iiitd.nrl.evalapp.LinkedInTests_myConnections@1fa17a97]" started-at="2021-04-28T00:01:55Z" name="myConnections" finished-at="2021-04-28T00:02:03Z" duration-ms="7843" status="PASS">
          <reporter-output>
          </reporter-output>
        </test-method> <!-- myConnections -->
        <test-method is-config="true" signature="restart(org.testng.ITestResult)[pri:0, instance:iiitd.nrl.evalapp.LinkedInTests_myConnections@1fa17a97]" started-at="2021-04-28T00:02:03Z" name="restart" finished-at="2021-04-28T00:02:04Z" duration-ms="1133" status="PASS">
          <params>
            <param index="0">
              <value>
                <![CDATA[[TestResult name=myConnections status=SUCCESS method=LinkedInTests_myConnections.myConnections()[pri:0, instance:iiitd.nrl.evalapp.LinkedInTests_myConnections@1fa17a97] output={null}]]]>
              </value>
            </param>
          </params>
          <reporter-output>
          </reporter-output>
        </test-method> <!-- restart -->
      </class> <!-- iiitd.nrl.evalapp.LinkedInTests_myConnections -->
    </test> <!-- LcTest -->
  </suite> <!-- LcSuite -->
  <suite started-at="2021-04-27T18:34:58Z" name="AmSuite" finished-at="2021-04-27T18:36:13Z" duration-ms="75030">
    <groups>
    </groups>
    <test started-at="2021-04-27T18:34:58Z" name="AmTest" finished-at="2021-04-27T18:36:13Z" duration-ms="75030">
      <class name="iiitd.nrl.evalapp.TrakBytesUpload">
        <test-method is-config="true" signature="launchCap()[pri:0, instance:iiitd.nrl.evalapp.TrakBytesUpload@49e8dea8]" started-at="2021-04-28T00:06:00Z" name="launchCap" finished-at="2021-04-28T00:06:08Z" duration-ms="8569" status="PASS">
          <reporter-output>
          </reporter-output>
        </test-method> <!-- launchCap -->
        <test-method signature="copyTrakBytes()[pri:0, instance:iiitd.nrl.evalapp.TrakBytesUpload@49e8dea8]" started-at="2021-04-28T00:06:08Z" name="copyTrakBytes" finished-at="2021-04-28T00:06:12Z" duration-ms="3896" status="PASS">
          <reporter-output>
          </reporter-output>
        </test-method> <!-- copyTrakBytes -->
        <test-method is-config="true" signature="restart(org.testng.ITestResult)[pri:0, instance:iiitd.nrl.evalapp.TrakBytesUpload@49e8dea8]" started-at="2021-04-28T00:06:12Z" name="restart" finished-at="2021-04-28T00:06:13Z" duration-ms="604" status="PASS">
          <params>
            <param index="0">
              <value>
                <![CDATA[[TestResult name=copyTrakBytes status=SUCCESS method=TrakBytesUpload.copyTrakBytes()[pri:0, instance:iiitd.nrl.evalapp.TrakBytesUpload@49e8dea8] output={null}]]]>
              </value>
            </param>
          </params>
          <reporter-output>
          </reporter-output>
        </test-method> <!-- restart -->
      </class> <!-- iiitd.nrl.evalapp.TrakBytesUpload -->
      <class name="iiitd.nrl.evalapp.AmazonTests">
        <test-method is-config="true" signature="launchCap()[pri:0, instance:iiitd.nrl.evalapp.AmazonTests@7cc51c05]" started-at="2021-04-28T00:04:58Z" name="launchCap" finished-at="2021-04-28T00:05:07Z" duration-ms="9500" status="PASS">
          <reporter-output>
          </reporter-output>
        </test-method> <!-- launchCap -->
        <test-method signature="searchProduct()[pri:0, instance:iiitd.nrl.evalapp.AmazonTests@7cc51c05]" started-at="2021-04-28T00:05:07Z" name="searchProduct" finished-at="2021-04-28T00:05:59Z" duration-ms="51373" status="PASS">
          <reporter-output>
          </reporter-output>
        </test-method> <!-- searchProduct -->
        <test-method is-config="true" signature="restart(org.testng.ITestResult)[pri:0, instance:iiitd.nrl.evalapp.AmazonTests@7cc51c05]" started-at="2021-04-28T00:05:59Z" name="restart" finished-at="2021-04-28T00:06:00Z" duration-ms="1084" status="PASS">
          <params>
            <param index="0">
              <value>
                <![CDATA[[TestResult name=searchProduct status=SUCCESS method=AmazonTests.searchProduct()[pri:0, instance:iiitd.nrl.evalapp.AmazonTests@7cc51c05] output={null}]]]>
              </value>
            </param>
          </params>
          <reporter-output>
          </reporter-output>
        </test-method> <!-- restart -->
        <test-method is-config="true" signature="update()[pri:0, instance:iiitd.nrl.evalapp.AmazonTests@7cc51c05]" started-at="2021-04-28T00:06:00Z" name="update" finished-at="2021-04-28T00:06:00Z" duration-ms="0" status="PASS">
          <reporter-output>
          </reporter-output>
        </test-method> <!-- update -->
      </class> <!-- iiitd.nrl.evalapp.AmazonTests -->
    </test> <!-- AmTest -->
  </suite> <!-- AmSuite -->
  <suite started-at="2021-04-27T18:37:13Z" name="GmSuite" finished-at="2021-04-27T18:37:49Z" duration-ms="35882">
    <groups>
    </groups>
    <test started-at="2021-04-27T18:37:13Z" name="GmTest" finished-at="2021-04-27T18:37:49Z" duration-ms="35882">
      <class name="iiitd.nrl.evalapp.TrakBytesUpload">
        <test-method is-config="true" signature="launchCap()[pri:0, instance:iiitd.nrl.evalapp.TrakBytesUpload@670501f]" started-at="2021-04-28T00:07:36Z" name="launchCap" finished-at="2021-04-28T00:07:44Z" duration-ms="7931" status="PASS">
          <reporter-output>
          </reporter-output>
        </test-method> <!-- launchCap -->
        <test-method signature="copyTrakBytes()[pri:0, instance:iiitd.nrl.evalapp.TrakBytesUpload@670501f]" started-at="2021-04-28T00:07:44Z" name="copyTrakBytes" finished-at="2021-04-28T00:07:48Z" duration-ms="4255" status="PASS">
          <reporter-output>
          </reporter-output>
        </test-method> <!-- copyTrakBytes -->
        <test-method is-config="true" signature="restart(org.testng.ITestResult)[pri:0, instance:iiitd.nrl.evalapp.TrakBytesUpload@670501f]" started-at="2021-04-28T00:07:48Z" name="restart" finished-at="2021-04-28T00:07:49Z" duration-ms="698" status="PASS">
          <params>
            <param index="0">
              <value>
                <![CDATA[[TestResult name=copyTrakBytes status=SUCCESS method=TrakBytesUpload.copyTrakBytes()[pri:0, instance:iiitd.nrl.evalapp.TrakBytesUpload@670501f] output={null}]]]>
              </value>
            </param>
          </params>
          <reporter-output>
          </reporter-output>
        </test-method> <!-- restart -->
      </class> <!-- iiitd.nrl.evalapp.TrakBytesUpload -->
      <class name="iiitd.nrl.evalapp.GoogleMapsTest">
        <test-method is-config="true" signature="launchCap()[pri:0, instance:iiitd.nrl.evalapp.GoogleMapsTest@3893f7ba]" started-at="2021-04-28T00:07:13Z" name="launchCap" finished-at="2021-04-28T00:07:22Z" duration-ms="9230" status="PASS">
          <reporter-output>
          </reporter-output>
        </test-method> <!-- launchCap -->
        <test-method signature="searchPlace()[pri:0, instance:iiitd.nrl.evalapp.GoogleMapsTest@3893f7ba]" started-at="2021-04-28T00:07:22Z" name="searchPlace" finished-at="2021-04-28T00:07:35Z" duration-ms="12805" status="PASS">
          <reporter-output>
          </reporter-output>
        </test-method> <!-- searchPlace -->
        <test-method is-config="true" signature="restart(org.testng.ITestResult)[pri:0, instance:iiitd.nrl.evalapp.GoogleMapsTest@3893f7ba]" started-at="2021-04-28T00:07:35Z" name="restart" finished-at="2021-04-28T00:07:36Z" duration-ms="960" status="PASS">
          <params>
            <param index="0">
              <value>
                <![CDATA[[TestResult name=searchPlace status=SUCCESS method=GoogleMapsTest.searchPlace()[pri:0, instance:iiitd.nrl.evalapp.GoogleMapsTest@3893f7ba] output={null}]]]>
              </value>
            </param>
          </params>
          <reporter-output>
          </reporter-output>
        </test-method> <!-- restart -->
      </class> <!-- iiitd.nrl.evalapp.GoogleMapsTest -->
    </test> <!-- GmTest -->
  </suite> <!-- GmSuite -->
  <suite started-at="2021-04-27T18:33:35Z" name="FsSuite" finished-at="2021-04-27T18:34:11Z" duration-ms="35860">
    <groups>
    </groups>
    <test started-at="2021-04-27T18:33:35Z" name="FsTest" finished-at="2021-04-27T18:34:11Z" duration-ms="35860">
      <class name="iiitd.nrl.evalapp.TrakBytesUpload">
        <test-method is-config="true" signature="launchCap()[pri:0, instance:iiitd.nrl.evalapp.TrakBytesUpload@2ee3ecad]" started-at="2021-04-28T00:03:58Z" name="launchCap" finished-at="2021-04-28T00:04:07Z" duration-ms="8787" status="PASS">
          <reporter-output>
          </reporter-output>
        </test-method> <!-- launchCap -->
        <test-method signature="copyTrakBytes()[pri:0, instance:iiitd.nrl.evalapp.TrakBytesUpload@2ee3ecad]" started-at="2021-04-28T00:04:07Z" name="copyTrakBytes" finished-at="2021-04-28T00:04:10Z" duration-ms="3907" status="PASS">
          <reporter-output>
          </reporter-output>
        </test-method> <!-- copyTrakBytes -->
        <test-method is-config="true" signature="restart(org.testng.ITestResult)[pri:0, instance:iiitd.nrl.evalapp.TrakBytesUpload@2ee3ecad]" started-at="2021-04-28T00:04:10Z" name="restart" finished-at="2021-04-28T00:04:11Z" duration-ms="604" status="PASS">
          <params>
            <param index="0">
              <value>
                <![CDATA[[TestResult name=copyTrakBytes status=SUCCESS method=TrakBytesUpload.copyTrakBytes()[pri:0, instance:iiitd.nrl.evalapp.TrakBytesUpload@2ee3ecad] output={null}]]]>
              </value>
            </param>
          </params>
          <reporter-output>
          </reporter-output>
        </test-method> <!-- restart -->
      </class> <!-- iiitd.nrl.evalapp.TrakBytesUpload -->
      <class name="iiitd.nrl.evalapp.FacebookTests_search">
        <test-method is-config="true" signature="launchCap()[pri:0, instance:iiitd.nrl.evalapp.FacebookTests_search@1f02bba9]" started-at="2021-04-28T00:03:35Z" name="launchCap" finished-at="2021-04-28T00:03:44Z" duration-ms="9223" status="PASS">
          <reporter-output>
          </reporter-output>
        </test-method> <!-- launchCap -->
        <test-method signature="searchPerson()[pri:0, instance:iiitd.nrl.evalapp.FacebookTests_search@1f02bba9]" started-at="2021-04-28T00:03:44Z" name="searchPerson" finished-at="2021-04-28T00:03:57Z" duration-ms="12251" status="PASS">
          <reporter-output>
          </reporter-output>
        </test-method> <!-- searchPerson -->
        <test-method is-config="true" signature="restart(org.testng.ITestResult)[pri:0, instance:iiitd.nrl.evalapp.FacebookTests_search@1f02bba9]" started-at="2021-04-28T00:03:57Z" name="restart" finished-at="2021-04-28T00:03:58Z" duration-ms="1085" status="PASS">
          <params>
            <param index="0">
              <value>
                <![CDATA[[TestResult name=searchPerson status=SUCCESS method=FacebookTests_search.searchPerson()[pri:0, instance:iiitd.nrl.evalapp.FacebookTests_search@1f02bba9] output={null}]]]>
              </value>
            </param>
          </params>
          <reporter-output>
          </reporter-output>
        </test-method> <!-- restart -->
      </class> <!-- iiitd.nrl.evalapp.FacebookTests_search -->
    </test> <!-- FsTest -->
  </suite> <!-- FsSuite -->
  <suite started-at="2021-04-27T18:36:13Z" name="TgSuite" finished-at="2021-04-27T18:36:43Z" duration-ms="30180">
    <groups>
    </groups>
    <test started-at="2021-04-27T18:36:13Z" name="TgTest" finished-at="2021-04-27T18:36:43Z" duration-ms="30180">
      <class name="iiitd.nrl.evalapp.TelegramTests">
        <test-method is-config="true" signature="launchCap()[pri:0, instance:iiitd.nrl.evalapp.TelegramTests@6f24eda3]" started-at="2021-04-28T00:06:13Z" name="launchCap" finished-at="2021-04-28T00:06:22Z" duration-ms="8962" status="PASS">
          <reporter-output>
          </reporter-output>
        </test-method> <!-- launchCap -->
        <test-method signature="sendMessage()[pri:0, instance:iiitd.nrl.evalapp.TelegramTests@6f24eda3]" started-at="2021-04-28T00:06:22Z" name="sendMessage" finished-at="2021-04-28T00:06:29Z" duration-ms="7273" status="PASS">
          <reporter-output>
          </reporter-output>
        </test-method> <!-- sendMessage -->
        <test-method is-config="true" signature="restart(org.testng.ITestResult)[pri:0, instance:iiitd.nrl.evalapp.TelegramTests@6f24eda3]" started-at="2021-04-28T00:06:29Z" name="restart" finished-at="2021-04-28T00:06:30Z" duration-ms="946" status="PASS">
          <params>
            <param index="0">
              <value>
                <![CDATA[[TestResult name=sendMessage status=SUCCESS method=TelegramTests.sendMessage()[pri:0, instance:iiitd.nrl.evalapp.TelegramTests@6f24eda3] output={null}]]]>
              </value>
            </param>
          </params>
          <reporter-output>
          </reporter-output>
        </test-method> <!-- restart -->
      </class> <!-- iiitd.nrl.evalapp.TelegramTests -->
      <class name="iiitd.nrl.evalapp.TrakBytesUpload">
        <test-method is-config="true" signature="launchCap()[pri:0, instance:iiitd.nrl.evalapp.TrakBytesUpload@4ae0f659]" started-at="2021-04-28T00:06:30Z" name="launchCap" finished-at="2021-04-28T00:06:38Z" duration-ms="8412" status="PASS">
          <reporter-output>
          </reporter-output>
        </test-method> <!-- launchCap -->
        <test-method signature="copyTrakBytes()[pri:0, instance:iiitd.nrl.evalapp.TrakBytesUpload@4ae0f659]" started-at="2021-04-28T00:06:38Z" name="copyTrakBytes" finished-at="2021-04-28T00:06:42Z" duration-ms="3920" status="PASS">
          <reporter-output>
          </reporter-output>
        </test-method> <!-- copyTrakBytes -->
        <test-method is-config="true" signature="restart(org.testng.ITestResult)[pri:0, instance:iiitd.nrl.evalapp.TrakBytesUpload@4ae0f659]" started-at="2021-04-28T00:06:42Z" name="restart" finished-at="2021-04-28T00:06:43Z" duration-ms="665" status="PASS">
          <params>
            <param index="0">
              <value>
                <![CDATA[[TestResult name=copyTrakBytes status=SUCCESS method=TrakBytesUpload.copyTrakBytes()[pri:0, instance:iiitd.nrl.evalapp.TrakBytesUpload@4ae0f659] output={null}]]]>
              </value>
            </param>
          </params>
          <reporter-output>
          </reporter-output>
        </test-method> <!-- restart -->
      </class> <!-- iiitd.nrl.evalapp.TrakBytesUpload -->
    </test> <!-- TgTest -->
  </suite> <!-- TgSuite -->
  <suite started-at="2021-04-27T18:31:13Z" name="LpSuite" finished-at="2021-04-27T18:31:45Z" duration-ms="32473">
    <groups>
    </groups>
    <test started-at="2021-04-27T18:31:13Z" name="LpTest" finished-at="2021-04-27T18:31:45Z" duration-ms="32473">
      <class name="iiitd.nrl.evalapp.TrakBytesUpload">
        <test-method is-config="true" signature="launchCap()[pri:0, instance:iiitd.nrl.evalapp.TrakBytesUpload@1718c18a]" started-at="2021-04-28T00:01:32Z" name="launchCap" finished-at="2021-04-28T00:01:41Z" duration-ms="8495" status="PASS">
          <reporter-output>
          </reporter-output>
        </test-method> <!-- launchCap -->
        <test-method signature="copyTrakBytes()[pri:0, instance:iiitd.nrl.evalapp.TrakBytesUpload@1718c18a]" started-at="2021-04-28T00:01:41Z" name="copyTrakBytes" finished-at="2021-04-28T00:01:45Z" duration-ms="3965" status="PASS">
          <reporter-output>
          </reporter-output>
        </test-method> <!-- copyTrakBytes -->
        <test-method is-config="true" signature="restart(org.testng.ITestResult)[pri:0, instance:iiitd.nrl.evalapp.TrakBytesUpload@1718c18a]" started-at="2021-04-28T00:01:45Z" name="restart" finished-at="2021-04-28T00:01:45Z" duration-ms="677" status="PASS">
          <params>
            <param index="0">
              <value>
                <![CDATA[[TestResult name=copyTrakBytes status=SUCCESS method=TrakBytesUpload.copyTrakBytes()[pri:0, instance:iiitd.nrl.evalapp.TrakBytesUpload@1718c18a] output={null}]]]>
              </value>
            </param>
          </params>
          <reporter-output>
          </reporter-output>
        </test-method> <!-- restart -->
      </class> <!-- iiitd.nrl.evalapp.TrakBytesUpload -->
      <class name="iiitd.nrl.evalapp.LinkedInTests_profile">
        <test-method is-config="true" signature="launchCap()[pri:0, instance:iiitd.nrl.evalapp.LinkedInTests_profile@2938726e]" started-at="2021-04-28T00:01:13Z" name="launchCap" finished-at="2021-04-28T00:01:23Z" duration-ms="9952" status="PASS">
          <reporter-output>
          </reporter-output>
        </test-method> <!-- launchCap -->
        <test-method signature="viewProfile()[pri:0, instance:iiitd.nrl.evalapp.LinkedInTests_profile@2938726e]" started-at="2021-04-28T00:01:23Z" name="viewProfile" finished-at="2021-04-28T00:01:31Z" duration-ms="8203" status="PASS">
          <reporter-output>
          </reporter-output>
        </test-method> <!-- viewProfile -->
        <test-method is-config="true" signature="restart(org.testng.ITestResult)[pri:0, instance:iiitd.nrl.evalapp.LinkedInTests_profile@2938726e]" started-at="2021-04-28T00:01:31Z" name="restart" finished-at="2021-04-28T00:01:32Z" duration-ms="1178" status="PASS">
          <params>
            <param index="0">
              <value>
                <![CDATA[[TestResult name=viewProfile status=SUCCESS method=LinkedInTests_profile.viewProfile()[pri:0, instance:iiitd.nrl.evalapp.LinkedInTests_profile@2938726e] output={null}]]]>
              </value>
            </param>
          </params>
          <reporter-output>
          </reporter-output>
        </test-method> <!-- restart -->
      </class> <!-- iiitd.nrl.evalapp.LinkedInTests_profile -->
    </test> <!-- LpTest -->
  </suite> <!-- LpSuite -->
  <suite started-at="2021-04-27T18:32:53Z" name="FpSuite" finished-at="2021-04-27T18:33:35Z" duration-ms="41924">
    <groups>
    </groups>
    <test started-at="2021-04-27T18:32:53Z" name="FpTest" finished-at="2021-04-27T18:33:35Z" duration-ms="41924">
      <class name="iiitd.nrl.evalapp.TrakBytesUpload">
        <test-method is-config="true" signature="launchCap()[pri:0, instance:iiitd.nrl.evalapp.TrakBytesUpload@1e519ad9]" started-at="2021-04-28T00:03:22Z" name="launchCap" finished-at="2021-04-28T00:03:31Z" duration-ms="8580" status="PASS">
          <reporter-output>
          </reporter-output>
        </test-method> <!-- launchCap -->
        <test-method signature="copyTrakBytes()[pri:0, instance:iiitd.nrl.evalapp.TrakBytesUpload@1e519ad9]" started-at="2021-04-28T00:03:31Z" name="copyTrakBytes" finished-at="2021-04-28T00:03:34Z" duration-ms="3945" status="PASS">
          <reporter-output>
          </reporter-output>
        </test-method> <!-- copyTrakBytes -->
        <test-method is-config="true" signature="restart(org.testng.ITestResult)[pri:0, instance:iiitd.nrl.evalapp.TrakBytesUpload@1e519ad9]" started-at="2021-04-28T00:03:34Z" name="restart" finished-at="2021-04-28T00:03:35Z" duration-ms="665" status="PASS">
          <params>
            <param index="0">
              <value>
                <![CDATA[[TestResult name=copyTrakBytes status=SUCCESS method=TrakBytesUpload.copyTrakBytes()[pri:0, instance:iiitd.nrl.evalapp.TrakBytesUpload@1e519ad9] output={null}]]]>
              </value>
            </param>
          </params>
          <reporter-output>
          </reporter-output>
        </test-method> <!-- restart -->
      </class> <!-- iiitd.nrl.evalapp.TrakBytesUpload -->
      <class name="iiitd.nrl.evalapp.FacebookTests_post">
        <test-method is-config="true" signature="launchCap()[pri:0, instance:iiitd.nrl.evalapp.FacebookTests_post@72e61394]" started-at="2021-04-28T00:02:53Z" name="launchCap" finished-at="2021-04-28T00:03:03Z" duration-ms="9484" status="PASS">
          <reporter-output>
          </reporter-output>
        </test-method> <!-- launchCap -->
        <test-method signature="postGroup()[pri:0, instance:iiitd.nrl.evalapp.FacebookTests_post@72e61394]" started-at="2021-04-28T00:03:03Z" name="postGroup" finished-at="2021-04-28T00:03:21Z" duration-ms="18306" status="PASS">
          <reporter-output>
          </reporter-output>
        </test-method> <!-- postGroup -->
        <test-method is-config="true" signature="restart(org.testng.ITestResult)[pri:0, instance:iiitd.nrl.evalapp.FacebookTests_post@72e61394]" started-at="2021-04-28T00:03:21Z" name="restart" finished-at="2021-04-28T00:03:22Z" duration-ms="941" status="PASS">
          <params>
            <param index="0">
              <value>
                <![CDATA[[TestResult name=postGroup status=SUCCESS method=FacebookTests_post.postGroup()[pri:0, instance:iiitd.nrl.evalapp.FacebookTests_post@72e61394] output={null}]]]>
              </value>
            </param>
          </params>
          <reporter-output>
          </reporter-output>
        </test-method> <!-- restart -->
        <test-method is-config="true" signature="update()[pri:0, instance:iiitd.nrl.evalapp.FacebookTests_post@72e61394]" started-at="2021-04-28T00:03:22Z" name="update" finished-at="2021-04-28T00:03:22Z" duration-ms="1" status="PASS">
          <reporter-output>
          </reporter-output>
        </test-method> <!-- update -->
      </class> <!-- iiitd.nrl.evalapp.FacebookTests_post -->
    </test> <!-- FpTest -->
  </suite> <!-- FpSuite -->
  <suite started-at="2021-04-27T18:34:11Z" name="FlSuite" finished-at="2021-04-27T18:34:58Z" duration-ms="46737">
    <groups>
    </groups>
    <test started-at="2021-04-27T18:34:11Z" name="FlTest" finished-at="2021-04-27T18:34:58Z" duration-ms="46737">
      <class name="iiitd.nrl.evalapp.TrakBytesUpload">
        <test-method is-config="true" signature="launchCap()[pri:0, instance:iiitd.nrl.evalapp.TrakBytesUpload@5d459d94]" started-at="2021-04-28T00:04:45Z" name="launchCap" finished-at="2021-04-28T00:04:53Z" duration-ms="8628" status="PASS">
          <reporter-output>
          </reporter-output>
        </test-method> <!-- launchCap -->
        <test-method signature="copyTrakBytes()[pri:0, instance:iiitd.nrl.evalapp.TrakBytesUpload@5d459d94]" started-at="2021-04-28T00:04:53Z" name="copyTrakBytes" finished-at="2021-04-28T00:04:57Z" duration-ms="3920" status="PASS">
          <reporter-output>
          </reporter-output>
        </test-method> <!-- copyTrakBytes -->
        <test-method is-config="true" signature="restart(org.testng.ITestResult)[pri:0, instance:iiitd.nrl.evalapp.TrakBytesUpload@5d459d94]" started-at="2021-04-28T00:04:57Z" name="restart" finished-at="2021-04-28T00:04:58Z" duration-ms="695" status="PASS">
          <params>
            <param index="0">
              <value>
                <![CDATA[[TestResult name=copyTrakBytes status=SUCCESS method=TrakBytesUpload.copyTrakBytes()[pri:0, instance:iiitd.nrl.evalapp.TrakBytesUpload@5d459d94] output={null}]]]>
              </value>
            </param>
          </params>
          <reporter-output>
          </reporter-output>
        </test-method> <!-- restart -->
      </class> <!-- iiitd.nrl.evalapp.TrakBytesUpload -->
      <class name="iiitd.nrl.evalapp.FlipkartTests">
        <test-method is-config="true" signature="launchCap()[pri:0, instance:iiitd.nrl.evalapp.FlipkartTests@2d6cbc9b]" started-at="2021-04-28T00:04:11Z" name="launchCap" finished-at="2021-04-28T00:04:20Z" duration-ms="9115" status="PASS">
          <reporter-output>
          </reporter-output>
        </test-method> <!-- launchCap -->
        <test-method signature="getProduct()[pri:0, instance:iiitd.nrl.evalapp.FlipkartTests@2d6cbc9b]" started-at="2021-04-28T00:04:20Z" name="getProduct" finished-at="2021-04-28T00:04:44Z" duration-ms="23438" status="PASS">
          <reporter-output>
          </reporter-output>
        </test-method> <!-- getProduct -->
        <test-method is-config="true" signature="restart(org.testng.ITestResult)[pri:0, instance:iiitd.nrl.evalapp.FlipkartTests@2d6cbc9b]" started-at="2021-04-28T00:04:44Z" name="restart" finished-at="2021-04-28T00:04:45Z" duration-ms="936" status="PASS">
          <params>
            <param index="0">
              <value>
                <![CDATA[[TestResult name=getProduct status=SUCCESS method=FlipkartTests.getProduct()[pri:0, instance:iiitd.nrl.evalapp.FlipkartTests@2d6cbc9b] output={null}]]]>
              </value>
            </param>
          </params>
          <reporter-output>
          </reporter-output>
        </test-method> <!-- restart -->
      </class> <!-- iiitd.nrl.evalapp.FlipkartTests -->
    </test> <!-- FlTest -->
  </suite> <!-- FlSuite -->
  <suite started-at="2021-04-27T18:30:41Z" name="HtSuite" finished-at="2021-04-27T18:31:13Z" duration-ms="31681">
    <groups>
    </groups>
    <test started-at="2021-04-27T18:30:41Z" name="HtTest" finished-at="2021-04-27T18:31:13Z" duration-ms="31681">
      <class name="iiitd.nrl.evalapp.TrakBytesUpload">
        <test-method is-config="true" signature="launchCap()[pri:0, instance:iiitd.nrl.evalapp.TrakBytesUpload@50e6dd9f]" started-at="2021-04-28T00:01:00Z" name="launchCap" finished-at="2021-04-28T00:01:08Z" duration-ms="8328" status="PASS">
          <reporter-output>
          </reporter-output>
        </test-method> <!-- launchCap -->
        <test-method signature="copyTrakBytes()[pri:0, instance:iiitd.nrl.evalapp.TrakBytesUpload@50e6dd9f]" started-at="2021-04-28T00:01:08Z" name="copyTrakBytes" finished-at="2021-04-28T00:01:12Z" duration-ms="3974" status="PASS">
          <reporter-output>
          </reporter-output>
        </test-method> <!-- copyTrakBytes -->
        <test-method is-config="true" signature="restart(org.testng.ITestResult)[pri:0, instance:iiitd.nrl.evalapp.TrakBytesUpload@50e6dd9f]" started-at="2021-04-28T00:01:12Z" name="restart" finished-at="2021-04-28T00:01:13Z" duration-ms="739" status="PASS">
          <params>
            <param index="0">
              <value>
                <![CDATA[[TestResult name=copyTrakBytes status=SUCCESS method=TrakBytesUpload.copyTrakBytes()[pri:0, instance:iiitd.nrl.evalapp.TrakBytesUpload@50e6dd9f] output={null}]]]>
              </value>
            </param>
          </params>
          <reporter-output>
          </reporter-output>
        </test-method> <!-- restart -->
      </class> <!-- iiitd.nrl.evalapp.TrakBytesUpload -->
      <class name="iiitd.nrl.evalapp.HotstarTests_trending">
        <test-method is-config="true" signature="launchCap()[pri:0, instance:iiitd.nrl.evalapp.HotstarTests_trending@1be7789d]" started-at="2021-04-28T00:00:41Z" name="launchCap" finished-at="2021-04-28T00:00:50Z" duration-ms="9428" status="PASS">
          <reporter-output>
          </reporter-output>
        </test-method> <!-- launchCap -->
        <test-method signature="trendingTest()[pri:0, instance:iiitd.nrl.evalapp.HotstarTests_trending@1be7789d]" started-at="2021-04-28T00:00:50Z" name="trendingTest" finished-at="2021-04-28T00:00:59Z" duration-ms="8248" status="PASS">
          <reporter-output>
          </reporter-output>
        </test-method> <!-- trendingTest -->
        <test-method is-config="true" signature="restart(org.testng.ITestResult)[pri:0, instance:iiitd.nrl.evalapp.HotstarTests_trending@1be7789d]" started-at="2021-04-28T00:00:59Z" name="restart" finished-at="2021-04-28T00:01:00Z" duration-ms="962" status="PASS">
          <params>
            <param index="0">
              <value>
                <![CDATA[[TestResult name=trendingTest status=SUCCESS method=HotstarTests_trending.trendingTest()[pri:0, instance:iiitd.nrl.evalapp.HotstarTests_trending@1be7789d] output={null}]]]>
              </value>
            </param>
          </params>
          <reporter-output>
          </reporter-output>
        </test-method> <!-- restart -->
      </class> <!-- iiitd.nrl.evalapp.HotstarTests_trending -->
    </test> <!-- HtTest -->
  </suite> <!-- HtSuite -->
  <suite started-at="2021-04-27T18:29:06Z" name="YtsSuite (0)" finished-at="2021-04-27T18:29:39Z" duration-ms="33071">
    <groups>
    </groups>
    <test started-at="2021-04-27T18:29:06Z" name="YtsTest" finished-at="2021-04-27T18:29:39Z" duration-ms="33071">
      <class name="iiitd.nrl.evalapp.TrakBytesUpload">
        <test-method is-config="true" signature="launchCap()[pri:0, instance:iiitd.nrl.evalapp.TrakBytesUpload@bb1450]" started-at="2021-04-27T23:59:26Z" name="launchCap" finished-at="2021-04-27T23:59:34Z" duration-ms="8690" status="PASS">
          <reporter-output>
          </reporter-output>
        </test-method> <!-- launchCap -->
        <test-method signature="copyTrakBytes()[pri:0, instance:iiitd.nrl.evalapp.TrakBytesUpload@bb1450]" started-at="2021-04-27T23:59:34Z" name="copyTrakBytes" finished-at="2021-04-27T23:59:38Z" duration-ms="3966" status="PASS">
          <reporter-output>
          </reporter-output>
        </test-method> <!-- copyTrakBytes -->
        <test-method is-config="true" signature="restart(org.testng.ITestResult)[pri:0, instance:iiitd.nrl.evalapp.TrakBytesUpload@bb1450]" started-at="2021-04-27T23:59:38Z" name="restart" finished-at="2021-04-27T23:59:39Z" duration-ms="676" status="PASS">
          <params>
            <param index="0">
              <value>
                <![CDATA[[TestResult name=copyTrakBytes status=SUCCESS method=TrakBytesUpload.copyTrakBytes()[pri:0, instance:iiitd.nrl.evalapp.TrakBytesUpload@bb1450] output={null}]]]>
              </value>
            </param>
          </params>
          <reporter-output>
          </reporter-output>
        </test-method> <!-- restart -->
      </class> <!-- iiitd.nrl.evalapp.TrakBytesUpload -->
      <class name="iiitd.nrl.evalapp.YouTubeTests_SearchChannel">
        <test-method is-config="true" signature="launchCap()[pri:0, instance:iiitd.nrl.evalapp.YouTubeTests_SearchChannel@7a1b4e44]" started-at="2021-04-27T23:59:06Z" name="launchCap" finished-at="2021-04-27T23:59:15Z" duration-ms="9396" status="PASS">
          <reporter-output>
          </reporter-output>
        </test-method> <!-- launchCap -->
        <test-method signature="channelTest()[pri:0, instance:iiitd.nrl.evalapp.YouTubeTests_SearchChannel@7a1b4e44]" started-at="2021-04-27T23:59:15Z" name="channelTest" finished-at="2021-04-27T23:59:25Z" duration-ms="9229" status="PASS">
          <reporter-output>
          </reporter-output>
        </test-method> <!-- channelTest -->
        <test-method is-config="true" signature="restart(org.testng.ITestResult)[pri:0, instance:iiitd.nrl.evalapp.YouTubeTests_SearchChannel@7a1b4e44]" started-at="2021-04-27T23:59:25Z" name="restart" finished-at="2021-04-27T23:59:26Z" duration-ms="1111" status="PASS">
          <params>
            <param index="0">
              <value>
                <![CDATA[[TestResult name=channelTest status=SUCCESS method=YouTubeTests_SearchChannel.channelTest()[pri:0, instance:iiitd.nrl.evalapp.YouTubeTests_SearchChannel@7a1b4e44] output={null}]]]>
              </value>
            </param>
          </params>
          <reporter-output>
          </reporter-output>
        </test-method> <!-- restart -->
      </class> <!-- iiitd.nrl.evalapp.YouTubeTests_SearchChannel -->
    </test> <!-- YtsTest -->
  </suite> <!-- YtsSuite (0) -->
  <suite started-at="2021-04-27T18:36:43Z" name="WhSuite" finished-at="2021-04-27T18:37:13Z" duration-ms="29825">
    <groups>
    </groups>
    <test started-at="2021-04-27T18:36:43Z" name="WhTest" finished-at="2021-04-27T18:37:13Z" duration-ms="29825">
      <class name="iiitd.nrl.evalapp.TrakBytesUpload">
        <test-method is-config="true" signature="launchCap()[pri:0, instance:iiitd.nrl.evalapp.TrakBytesUpload@21e4dd9c]" started-at="2021-04-28T00:07:00Z" name="launchCap" finished-at="2021-04-28T00:07:08Z" duration-ms="8459" status="PASS">
          <reporter-output>
          </reporter-output>
        </test-method> <!-- launchCap -->
        <test-method signature="copyTrakBytes()[pri:0, instance:iiitd.nrl.evalapp.TrakBytesUpload@21e4dd9c]" started-at="2021-04-28T00:07:08Z" name="copyTrakBytes" finished-at="2021-04-28T00:07:12Z" duration-ms="3908" status="PASS">
          <reporter-output>
          </reporter-output>
        </test-method> <!-- copyTrakBytes -->
        <test-method is-config="true" signature="restart(org.testng.ITestResult)[pri:0, instance:iiitd.nrl.evalapp.TrakBytesUpload@21e4dd9c]" started-at="2021-04-28T00:07:12Z" name="restart" finished-at="2021-04-28T00:07:13Z" duration-ms="767" status="PASS">
          <params>
            <param index="0">
              <value>
                <![CDATA[[TestResult name=copyTrakBytes status=SUCCESS method=TrakBytesUpload.copyTrakBytes()[pri:0, instance:iiitd.nrl.evalapp.TrakBytesUpload@21e4dd9c] output={null}]]]>
              </value>
            </param>
          </params>
          <reporter-output>
          </reporter-output>
        </test-method> <!-- restart -->
      </class> <!-- iiitd.nrl.evalapp.TrakBytesUpload -->
      <class name="iiitd.nrl.evalapp.WhatsappTests">
        <test-method is-config="true" signature="launchCap()[pri:0, instance:iiitd.nrl.evalapp.WhatsappTests@3088b84f]" started-at="2021-04-28T00:06:43Z" name="launchCap" finished-at="2021-04-28T00:06:52Z" duration-ms="8880" status="PASS">
          <reporter-output>
          </reporter-output>
        </test-method> <!-- launchCap -->
        <test-method signature="sendMessage()[pri:0, instance:iiitd.nrl.evalapp.WhatsappTests@3088b84f]" started-at="2021-04-28T00:06:52Z" name="sendMessage" finished-at="2021-04-28T00:06:59Z" duration-ms="6811" status="PASS">
          <reporter-output>
          </reporter-output>
        </test-method> <!-- sendMessage -->
        <test-method is-config="true" signature="restart(org.testng.ITestResult)[pri:0, instance:iiitd.nrl.evalapp.WhatsappTests@3088b84f]" started-at="2021-04-28T00:06:59Z" name="restart" finished-at="2021-04-28T00:07:00Z" duration-ms="998" status="PASS">
          <params>
            <param index="0">
              <value>
                <![CDATA[[TestResult name=sendMessage status=SUCCESS method=WhatsappTests.sendMessage()[pri:0, instance:iiitd.nrl.evalapp.WhatsappTests@3088b84f] output={null}]]]>
              </value>
            </param>
          </params>
          <reporter-output>
          </reporter-output>
        </test-method> <!-- restart -->
      </class> <!-- iiitd.nrl.evalapp.WhatsappTests -->
    </test> <!-- WhTest -->
  </suite> <!-- WhSuite -->
  <suite started-at="2021-04-27T18:38:56Z" name="PtSuite" finished-at="2021-04-27T18:39:34Z" duration-ms="38091">
    <groups>
    </groups>
    <test started-at="2021-04-27T18:38:56Z" name="PtTest" finished-at="2021-04-27T18:39:34Z" duration-ms="38091">
      <class name="iiitd.nrl.evalapp.TrakBytesUpload">
        <test-method is-config="true" signature="launchCap()[pri:0, instance:iiitd.nrl.evalapp.TrakBytesUpload@81c36b5]" started-at="2021-04-28T00:09:22Z" name="launchCap" finished-at="2021-04-28T00:09:30Z" duration-ms="7627" status="PASS">
          <reporter-output>
          </reporter-output>
        </test-method> <!-- launchCap -->
        <test-method signature="copyTrakBytes()[pri:0, instance:iiitd.nrl.evalapp.TrakBytesUpload@81c36b5]" started-at="2021-04-28T00:09:30Z" name="copyTrakBytes" finished-at="2021-04-28T00:09:34Z" duration-ms="3903" status="PASS">
          <reporter-output>
          </reporter-output>
        </test-method> <!-- copyTrakBytes -->
        <test-method is-config="true" signature="restart(org.testng.ITestResult)[pri:0, instance:iiitd.nrl.evalapp.TrakBytesUpload@81c36b5]" started-at="2021-04-28T00:09:34Z" name="restart" finished-at="2021-04-28T00:09:34Z" duration-ms="519" status="PASS">
          <params>
            <param index="0">
              <value>
                <![CDATA[[TestResult name=copyTrakBytes status=SUCCESS method=TrakBytesUpload.copyTrakBytes()[pri:0, instance:iiitd.nrl.evalapp.TrakBytesUpload@81c36b5] output={null}]]]>
              </value>
            </param>
          </params>
          <reporter-output>
          </reporter-output>
        </test-method> <!-- restart -->
      </class> <!-- iiitd.nrl.evalapp.TrakBytesUpload -->
      <class name="iiitd.nrl.evalapp.PaytmTests">
        <test-method is-config="true" signature="launchCap()[pri:0, instance:iiitd.nrl.evalapp.PaytmTests@6d29af84]" started-at="2021-04-28T00:08:56Z" name="launchCap" finished-at="2021-04-28T00:09:06Z" duration-ms="9961" status="PASS">
          <reporter-output>
          </reporter-output>
        </test-method> <!-- launchCap -->
        <test-method signature="sendMoneyFromWallet()[pri:0, instance:iiitd.nrl.evalapp.PaytmTests@6d29af84]" started-at="2021-04-28T00:09:06Z" name="sendMoneyFromWallet" finished-at="2021-04-28T00:09:22Z" duration-ms="15295" status="FAIL">
          <exception class="org.openqa.selenium.TimeoutException">
            <message>
              <![CDATA[Expected condition failed: waiting for visibility of element located by By.id: net.one97.paytm:id/image_container_1 (tried for 15 second(s) with 500 milliseconds interval)]]>
            </message>
            <full-stacktrace>
              <![CDATA[org.openqa.selenium.TimeoutException: Expected condition failed: waiting for visibility of element located by By.id: net.one97.paytm:id/image_container_1 (tried for 15 second(s) with 500 milliseconds interval)
	at org.openqa.selenium.support.ui.WebDriverWait.timeoutException(WebDriverWait.java:95)
	at org.openqa.selenium.support.ui.FluentWait.until(FluentWait.java:272)
	at iiitd.nrl.evalapp.PaytmTests.sendMoneyFromWallet(PaytmTests.java:90)
	at java.base/jdk.internal.reflect.NativeMethodAccessorImpl.invoke0(Native Method)
	at java.base/jdk.internal.reflect.NativeMethodAccessorImpl.invoke(NativeMethodAccessorImpl.java:62)
	at java.base/jdk.internal.reflect.DelegatingMethodAccessorImpl.invoke(DelegatingMethodAccessorImpl.java:43)
	at java.base/java.lang.reflect.Method.invoke(Method.java:566)
	at org.testng.internal.MethodInvocationHelper.invokeMethod(MethodInvocationHelper.java:104)
	at org.testng.internal.Invoker.invokeMethod(Invoker.java:645)
	at org.testng.internal.Invoker.invokeTestMethod(Invoker.java:851)
	at org.testng.internal.Invoker.invokeTestMethods(Invoker.java:1177)
	at org.testng.internal.TestMethodWorker.invokeTestMethods(TestMethodWorker.java:129)
	at org.testng.internal.TestMethodWorker.run(TestMethodWorker.java:112)
	at org.testng.TestRunner.privateRun(TestRunner.java:756)
	at org.testng.TestRunner.run(TestRunner.java:610)
	at org.testng.SuiteRunner.runTest(SuiteRunner.java:387)
	at org.testng.SuiteRunner.runSequentially(SuiteRunner.java:382)
	at org.testng.SuiteRunner.privateRun(SuiteRunner.java:340)
	at org.testng.SuiteRunner.run(SuiteRunner.java:289)
	at org.testng.SuiteRunnerWorker.runSuite(SuiteRunnerWorker.java:52)
	at org.testng.SuiteRunnerWorker.run(SuiteRunnerWorker.java:86)
	at org.testng.TestNG.runSuitesSequentially(TestNG.java:1293)
	at org.testng.TestNG.runSuitesLocally(TestNG.java:1218)
	at org.testng.TestNG.runSuites(TestNG.java:1133)
	at org.testng.TestNG.run(TestNG.java:1104)
	at iiitd.nrl.evalapp.MainAppLauncher$1$1$1.run(MainAppLauncher.java:75)
	at java.base/java.lang.Thread.run(Thread.java:834)
Caused by: org.openqa.selenium.NoSuchElementException: An element could not be located on the page using the given search parameters.
For documentation on this error, please visit: https://www.seleniumhq.org/exceptions/no_such_element.html
Build info: version: '3.141.59', revision: 'e82be7d358', time: '2018-11-14T08:17:03'
System info: host: 'DESKTOP-L1GP92O', ip: '192.168.0.101', os.name: 'Windows 10', os.arch: 'amd64', os.version: '10.0', java.version: '11.0.10'
Driver info: io.appium.java_client.android.AndroidDriver
Capabilities {appActivity: net.one97.paytm.landingpage..., appPackage: net.one97.paytm, autoAcceptAlerts: true, autoGrantPermissions: true, databaseEnabled: false, desired: {appActivity: net.one97.paytm.landingpage..., appPackage: net.one97.paytm, autoAcceptAlerts: true, autoGrantPermissions: true, fullReset: false, noReset: true, platformName: android, uiautomator2ServerInstallTimeout: 60000}, deviceApiLevel: 30, deviceManufacturer: Google, deviceModel: Pixel 3a, deviceName: 95TAY0VNB4, deviceScreenDensity: 440, deviceScreenSize: 1080x2220, deviceUDID: 95TAY0VNB4, fullReset: false, javascriptEnabled: true, locationContextEnabled: false, networkConnectionEnabled: true, noReset: true, pixelRatio: 2.75, platform: LINUX, platformName: Android, platformVersion: 11, statBarHeight: 66, takesScreenshot: true, uiautomator2ServerInstallTimeout: 60000, viewportRect: {height: 2022, left: 0, top: 66, width: 1080}, warnings: {}, webStorageEnabled: false}
Session ID: de0d6fa9-07ba-48ff-a1a3-c09e7ae28645
*** Element info: {Using=id, value=net.one97.paytm:id/image_container_1}
	at jdk.internal.reflect.GeneratedConstructorAccessor20.newInstance(Unknown Source)
	at java.base/jdk.internal.reflect.DelegatingConstructorAccessorImpl.newInstance(DelegatingConstructorAccessorImpl.java:45)
	at java.base/java.lang.reflect.Constructor.newInstance(Constructor.java:490)
	at org.openqa.selenium.remote.http.W3CHttpResponseCodec.createException(W3CHttpResponseCodec.java:187)
	at org.openqa.selenium.remote.http.W3CHttpResponseCodec.decode(W3CHttpResponseCodec.java:122)
	at org.openqa.selenium.remote.http.W3CHttpResponseCodec.decode(W3CHttpResponseCodec.java:49)
	at org.openqa.selenium.remote.HttpCommandExecutor.execute(HttpCommandExecutor.java:158)
	at io.appium.java_client.remote.AppiumCommandExecutor.execute(AppiumCommandExecutor.java:239)
	at org.openqa.selenium.remote.RemoteWebDriver.execute(RemoteWebDriver.java:552)
	at io.appium.java_client.DefaultGenericMobileDriver.execute(DefaultGenericMobileDriver.java:41)
	at io.appium.java_client.AppiumDriver.execute(AppiumDriver.java:1)
	at io.appium.java_client.android.AndroidDriver.execute(AndroidDriver.java:1)
	at org.openqa.selenium.remote.RemoteWebDriver.findElement(RemoteWebDriver.java:323)
	at io.appium.java_client.DefaultGenericMobileDriver.findElement(DefaultGenericMobileDriver.java:61)
	at io.appium.java_client.AppiumDriver.findElement(AppiumDriver.java:1)
	at io.appium.java_client.android.AndroidDriver.findElement(AndroidDriver.java:1)
	at org.openqa.selenium.remote.RemoteWebDriver.findElementById(RemoteWebDriver.java:372)
	at io.appium.java_client.DefaultGenericMobileDriver.findElementById(DefaultGenericMobileDriver.java:69)
	at io.appium.java_client.AppiumDriver.findElementById(AppiumDriver.java:1)
	at io.appium.java_client.android.AndroidDriver.findElementById(AndroidDriver.java:1)
	at org.openqa.selenium.By$ById.findElement(By.java:188)
	at org.openqa.selenium.remote.RemoteWebDriver.findElement(RemoteWebDriver.java:315)
	at io.appium.java_client.DefaultGenericMobileDriver.findElement(DefaultGenericMobileDriver.java:57)
	at io.appium.java_client.AppiumDriver.findElement(AppiumDriver.java:1)
	at io.appium.java_client.android.AndroidDriver.findElement(AndroidDriver.java:1)
	at org.openqa.selenium.support.ui.ExpectedConditions$7.apply(ExpectedConditions.java:205)
	at org.openqa.selenium.support.ui.ExpectedConditions$7.apply(ExpectedConditions.java:201)
	at org.openqa.selenium.support.ui.FluentWait.until(FluentWait.java:249)
	... 25 more
]]>
            </full-stacktrace>
          </exception> <!-- org.openqa.selenium.TimeoutException -->
          <reporter-output>
          </reporter-output>
        </test-method> <!-- sendMoneyFromWallet -->
        <test-method is-config="true" signature="restart(org.testng.ITestResult)[pri:0, instance:iiitd.nrl.evalapp.PaytmTests@6d29af84]" started-at="2021-04-28T00:09:22Z" name="restart" finished-at="2021-04-28T00:09:22Z" duration-ms="783" status="PASS">
          <params>
            <param index="0">
              <value>
                <![CDATA[[TestResult name=sendMoneyFromWallet status=FAILURE method=PaytmTests.sendMoneyFromWallet()[pri:0, instance:iiitd.nrl.evalapp.PaytmTests@6d29af84] output={null}]]]>
              </value>
            </param>
          </params>
          <reporter-output>
          </reporter-output>
        </test-method> <!-- restart -->
      </class> <!-- iiitd.nrl.evalapp.PaytmTests -->
    </test> <!-- PtTest -->
  </suite> <!-- PtSuite -->
  <suite started-at="2021-04-27T18:38:22Z" name="DhSuite" finished-at="2021-04-27T18:38:56Z" duration-ms="34085">
    <groups>
    </groups>
    <test started-at="2021-04-27T18:38:22Z" name="DhTest" finished-at="2021-04-27T18:38:56Z" duration-ms="34085">
      <class name="iiitd.nrl.evalapp.DailyhuntTests">
        <test-method is-config="true" signature="launchCap()[pri:0, instance:iiitd.nrl.evalapp.DailyhuntTests@72f8085e]" started-at="2021-04-28T00:08:22Z" name="launchCap" finished-at="2021-04-28T00:08:33Z" duration-ms="10623" status="PASS">
          <reporter-output>
          </reporter-output>
        </test-method> <!-- launchCap -->
        <test-method signature="searchNews()[pri:0, instance:iiitd.nrl.evalapp.DailyhuntTests@72f8085e]" started-at="2021-04-28T00:08:33Z" name="searchNews" finished-at="2021-04-28T00:08:43Z" duration-ms="9659" status="PASS">
          <reporter-output>
          </reporter-output>
        </test-method> <!-- searchNews -->
        <test-method is-config="true" signature="restart(org.testng.ITestResult)[pri:0, instance:iiitd.nrl.evalapp.DailyhuntTests@72f8085e]" started-at="2021-04-28T00:08:43Z" name="restart" finished-at="2021-04-28T00:08:44Z" duration-ms="1080" status="PASS">
          <params>
            <param index="0">
              <value>
                <![CDATA[[TestResult name=searchNews status=SUCCESS method=DailyhuntTests.searchNews()[pri:0, instance:iiitd.nrl.evalapp.DailyhuntTests@72f8085e] output={null}]]]>
              </value>
            </param>
          </params>
          <reporter-output>
          </reporter-output>
        </test-method> <!-- restart -->
      </class> <!-- iiitd.nrl.evalapp.DailyhuntTests -->
      <class name="iiitd.nrl.evalapp.TrakBytesUpload">
        <test-method is-config="true" signature="launchCap()[pri:0, instance:iiitd.nrl.evalapp.TrakBytesUpload@40ee78da]" started-at="2021-04-28T00:08:44Z" name="launchCap" finished-at="2021-04-28T00:08:52Z" duration-ms="8333" status="PASS">
          <reporter-output>
          </reporter-output>
        </test-method> <!-- launchCap -->
        <test-method signature="copyTrakBytes()[pri:0, instance:iiitd.nrl.evalapp.TrakBytesUpload@40ee78da]" started-at="2021-04-28T00:08:52Z" name="copyTrakBytes" finished-at="2021-04-28T00:08:56Z" duration-ms="3839" status="PASS">
          <reporter-output>
          </reporter-output>
        </test-method> <!-- copyTrakBytes -->
        <test-method is-config="true" signature="restart(org.testng.ITestResult)[pri:0, instance:iiitd.nrl.evalapp.TrakBytesUpload@40ee78da]" started-at="2021-04-28T00:08:56Z" name="restart" finished-at="2021-04-28T00:08:56Z" duration-ms="548" status="PASS">
          <params>
            <param index="0">
              <value>
                <![CDATA[[TestResult name=copyTrakBytes status=SUCCESS method=TrakBytesUpload.copyTrakBytes()[pri:0, instance:iiitd.nrl.evalapp.TrakBytesUpload@40ee78da] output={null}]]]>
              </value>
            </param>
          </params>
          <reporter-output>
          </reporter-output>
        </test-method> <!-- restart -->
      </class> <!-- iiitd.nrl.evalapp.TrakBytesUpload -->
    </test> <!-- DhTest -->
  </suite> <!-- DhSuite -->
</testng-results>
