<?xml version="1.0" encoding="UTF-8"?>
<testng-results ignored="0" total="2" passed="2" failed="0" skipped="0">
  <reporter-output>
  </reporter-output>
  <suite started-at="2021-08-27T15:02:01Z" name="PingSuite" finished-at="2021-08-27T15:02:01Z" duration-ms="2">
    <groups>
    </groups>
    <test started-at="2021-08-27T15:02:01Z" name="PingTest" finished-at="2021-08-27T15:02:01Z" duration-ms="2">
      <class name="iiitd.nrl.evalapp.PingUpload">
        <test-method is-config="true" signature="launchCap()[pri:0, instance:iiitd.nrl.evalapp.PingUpload@4a668b6e]" started-at="2021-08-27T20:32:01Z" name="launchCap" finished-at="2021-08-27T20:32:01Z" duration-ms="1" status="PASS">
          <reporter-output>
          </reporter-output>
        </test-method> <!-- launchCap -->
        <test-method signature="dummyTest()[pri:0, instance:iiitd.nrl.evalapp.PingUpload@4a668b6e]" started-at="2021-08-27T20:32:01Z" name="dummyTest" finished-at="2021-08-27T20:32:01Z" duration-ms="0" status="PASS">
          <reporter-output>
          </reporter-output>
        </test-method> <!-- dummyTest -->
      </class> <!-- iiitd.nrl.evalapp.PingUpload -->
    </test> <!-- PingTest -->
  </suite> <!-- PingSuite -->
  <suite started-at="2021-08-27T15:01:19Z" name="Amazon_Test1Suite" finished-at="2021-08-27T15:02:01Z" duration-ms="42643">
    <groups>
    </groups>
    <test started-at="2021-08-27T15:01:19Z" name="Amazon_Test1Test" finished-at="2021-08-27T15:02:01Z" duration-ms="42643">
      <class name="iiitd.nrl.evalapp.Amazon_Search">
        <test-method is-config="true" signature="launchCap()[pri:0, instance:iiitd.nrl.evalapp.Amazon_Search@60015ef5]" started-at="2021-08-27T20:31:19Z" name="launchCap" finished-at="2021-08-27T20:31:36Z" duration-ms="17559" status="PASS">
          <reporter-output>
          </reporter-output>
        </test-method> <!-- launchCap -->
        <test-method signature="searchProduct()[pri:0, instance:iiitd.nrl.evalapp.Amazon_Search@60015ef5]" started-at="2021-08-27T20:31:36Z" name="searchProduct" finished-at="2021-08-27T20:31:54Z" duration-ms="17362" status="PASS">
          <reporter-output>
          </reporter-output>
        </test-method> <!-- searchProduct -->
        <test-method is-config="true" signature="restart(org.testng.ITestResult)[pri:0, instance:iiitd.nrl.evalapp.Amazon_Search@60015ef5]" started-at="2021-08-27T20:31:54Z" name="restart" finished-at="2021-08-27T20:32:01Z" duration-ms="7626" status="PASS">
          <params>
            <param index="0">
              <value>
                <![CDATA[[TestResult name=searchProduct status=SUCCESS method=Amazon_Search.searchProduct()[pri:0, instance:iiitd.nrl.evalapp.Amazon_Search@60015ef5] output={null}]]]>
              </value>
            </param>
          </params>
          <reporter-output>
          </reporter-output>
        </test-method> <!-- restart -->
        <test-method is-config="true" signature="update()[pri:0, instance:iiitd.nrl.evalapp.Amazon_Search@60015ef5]" started-at="2021-08-27T20:32:01Z" name="update" finished-at="2021-08-27T20:32:01Z" duration-ms="0" status="PASS">
          <reporter-output>
          </reporter-output>
        </test-method> <!-- update -->
      </class> <!-- iiitd.nrl.evalapp.Amazon_Search -->
    </test> <!-- Amazon_Test1Test -->
  </suite> <!-- Amazon_Test1Suite -->
</testng-results>
