<?xml version="1.0" encoding="UTF-8"?>
<testng-results ignored="0" total="5" passed="5" failed="0" skipped="0">
  <reporter-output>
  </reporter-output>
  <suite started-at="2021-08-27T10:13:34Z" name="PingSuite" finished-at="2021-08-27T10:13:34Z" duration-ms="2">
    <groups>
    </groups>
    <test started-at="2021-08-27T10:13:34Z" name="PingTest" finished-at="2021-08-27T10:13:34Z" duration-ms="2">
      <class name="iiitd.nrl.evalapp.PingUpload">
        <test-method is-config="true" signature="launchCap()[pri:0, instance:iiitd.nrl.evalapp.PingUpload@53aad5d5]" started-at="2021-08-27T15:43:34Z" name="launchCap" finished-at="2021-08-27T15:43:34Z" duration-ms="1" status="PASS">
          <reporter-output>
          </reporter-output>
        </test-method> <!-- launchCap -->
        <test-method signature="dummyTest()[pri:0, instance:iiitd.nrl.evalapp.PingUpload@53aad5d5]" started-at="2021-08-27T15:43:34Z" name="dummyTest" finished-at="2021-08-27T15:43:34Z" duration-ms="1" status="PASS">
          <reporter-output>
          </reporter-output>
        </test-method> <!-- dummyTest -->
      </class> <!-- iiitd.nrl.evalapp.PingUpload -->
    </test> <!-- PingTest -->
  </suite> <!-- PingSuite -->
  <suite started-at="2021-08-27T10:11:50Z" name="Flipkart_TestSuite" finished-at="2021-08-27T10:12:40Z" duration-ms="50389">
    <groups>
    </groups>
    <test started-at="2021-08-27T10:11:50Z" name="Flipkart_TestTest" finished-at="2021-08-27T10:12:40Z" duration-ms="50389">
      <class name="iiitd.nrl.evalapp.TrakBytesData">
        <test-method is-config="true" signature="launchCap()[pri:0, instance:iiitd.nrl.evalapp.TrakBytesData@672872e1]" started-at="2021-08-27T15:41:50Z" name="launchCap" finished-at="2021-08-27T15:42:05Z" duration-ms="14982" status="PASS">
          <reporter-output>
          </reporter-output>
        </test-method> <!-- launchCap -->
        <test-method signature="copyTrakBytes()[pri:0, instance:iiitd.nrl.evalapp.TrakBytesData@672872e1]" started-at="2021-08-27T15:42:05Z" name="copyTrakBytes" finished-at="2021-08-27T15:42:09Z" duration-ms="3798" status="PASS">
          <reporter-output>
          </reporter-output>
        </test-method> <!-- copyTrakBytes -->
        <test-method is-config="true" signature="restart(org.testng.ITestResult)[pri:0, instance:iiitd.nrl.evalapp.TrakBytesData@672872e1]" started-at="2021-08-27T15:42:09Z" name="restart" finished-at="2021-08-27T15:42:09Z" duration-ms="1" status="PASS">
          <params>
            <param index="0">
              <value>
                <![CDATA[[TestResult name=copyTrakBytes status=SUCCESS method=TrakBytesData.copyTrakBytes()[pri:0, instance:iiitd.nrl.evalapp.TrakBytesData@672872e1] output={null}]]]>
              </value>
            </param>
          </params>
          <reporter-output>
          </reporter-output>
        </test-method> <!-- restart -->
      </class> <!-- iiitd.nrl.evalapp.TrakBytesData -->
      <class name="iiitd.nrl.evalapp.Flipkart_action1">
        <test-method is-config="true" signature="launchCap()[pri:0, instance:iiitd.nrl.evalapp.Flipkart_action1@32910148]" started-at="2021-08-27T15:42:09Z" name="launchCap" finished-at="2021-08-27T15:42:23Z" duration-ms="14072" status="PASS">
          <reporter-output>
          </reporter-output>
        </test-method> <!-- launchCap -->
        <test-method signature="getProduct()[pri:0, instance:iiitd.nrl.evalapp.Flipkart_action1@32910148]" started-at="2021-08-27T15:42:23Z" name="getProduct" finished-at="2021-08-27T15:42:33Z" duration-ms="10291" status="PASS">
          <reporter-output>
          </reporter-output>
        </test-method> <!-- getProduct -->
        <test-method is-config="true" signature="restart(org.testng.ITestResult)[pri:0, instance:iiitd.nrl.evalapp.Flipkart_action1@32910148]" started-at="2021-08-27T15:42:33Z" name="restart" finished-at="2021-08-27T15:42:40Z" duration-ms="7211" status="PASS">
          <params>
            <param index="0">
              <value>
                <![CDATA[[TestResult name=getProduct status=SUCCESS method=Flipkart_action1.getProduct()[pri:0, instance:iiitd.nrl.evalapp.Flipkart_action1@32910148] output={null}]]]>
              </value>
            </param>
          </params>
          <reporter-output>
          </reporter-output>
        </test-method> <!-- restart -->
      </class> <!-- iiitd.nrl.evalapp.Flipkart_action1 -->
    </test> <!-- Flipkart_TestTest -->
  </suite> <!-- Flipkart_TestSuite -->
  <suite started-at="2021-08-27T10:12:41Z" name="Flipkart_TestSuite (0)" finished-at="2021-08-27T10:13:34Z" duration-ms="53303">
    <groups>
    </groups>
    <test started-at="2021-08-27T10:12:41Z" name="Flipkart_TestTest" finished-at="2021-08-27T10:13:34Z" duration-ms="53303">
      <class name="iiitd.nrl.evalapp.TrakBytesData">
        <test-method is-config="true" signature="launchCap()[pri:0, instance:iiitd.nrl.evalapp.TrakBytesData@671a5887]" started-at="2021-08-27T15:42:41Z" name="launchCap" finished-at="2021-08-27T15:42:52Z" duration-ms="11407" status="PASS">
          <reporter-output>
          </reporter-output>
        </test-method> <!-- launchCap -->
        <test-method signature="copyTrakBytes()[pri:0, instance:iiitd.nrl.evalapp.TrakBytesData@671a5887]" started-at="2021-08-27T15:42:52Z" name="copyTrakBytes" finished-at="2021-08-27T15:42:56Z" duration-ms="3884" status="PASS">
          <reporter-output>
          </reporter-output>
        </test-method> <!-- copyTrakBytes -->
        <test-method is-config="true" signature="restart(org.testng.ITestResult)[pri:0, instance:iiitd.nrl.evalapp.TrakBytesData@671a5887]" started-at="2021-08-27T15:42:56Z" name="restart" finished-at="2021-08-27T15:42:56Z" duration-ms="0" status="PASS">
          <params>
            <param index="0">
              <value>
                <![CDATA[[TestResult name=copyTrakBytes status=SUCCESS method=TrakBytesData.copyTrakBytes()[pri:0, instance:iiitd.nrl.evalapp.TrakBytesData@671a5887] output={null}]]]>
              </value>
            </param>
          </params>
          <reporter-output>
          </reporter-output>
        </test-method> <!-- restart -->
      </class> <!-- iiitd.nrl.evalapp.TrakBytesData -->
      <class name="iiitd.nrl.evalapp.Flipkart_action2">
        <test-method is-config="true" signature="launchCap()[pri:0, instance:iiitd.nrl.evalapp.Flipkart_action2@5552768b]" started-at="2021-08-27T15:42:56Z" name="launchCap" finished-at="2021-08-27T15:43:09Z" duration-ms="13650" status="PASS">
          <reporter-output>
          </reporter-output>
        </test-method> <!-- launchCap -->
        <test-method signature="getProduct()[pri:0, instance:iiitd.nrl.evalapp.Flipkart_action2@5552768b]" started-at="2021-08-27T15:43:09Z" name="getProduct" finished-at="2021-08-27T15:43:28Z" duration-ms="18241" status="PASS">
          <reporter-output>
          </reporter-output>
        </test-method> <!-- getProduct -->
        <test-method is-config="true" signature="restart(org.testng.ITestResult)[pri:0, instance:iiitd.nrl.evalapp.Flipkart_action2@5552768b]" started-at="2021-08-27T15:43:28Z" name="restart" finished-at="2021-08-27T15:43:34Z" duration-ms="6118" status="PASS">
          <params>
            <param index="0">
              <value>
                <![CDATA[[TestResult name=getProduct status=SUCCESS method=Flipkart_action2.getProduct()[pri:0, instance:iiitd.nrl.evalapp.Flipkart_action2@5552768b] output={null}]]]>
              </value>
            </param>
          </params>
          <reporter-output>
          </reporter-output>
        </test-method> <!-- restart -->
      </class> <!-- iiitd.nrl.evalapp.Flipkart_action2 -->
    </test> <!-- Flipkart_TestTest -->
  </suite> <!-- Flipkart_TestSuite (0) -->
</testng-results>
