<?xml version="1.0" encoding="UTF-8"?>
<testng-results ignored="0" total="1" passed="1" failed="0" skipped="0">
  <reporter-output>
  </reporter-output>
  <suite started-at="2020-11-26T19:21:40Z" name="AppSuite" finished-at="2020-11-26T19:22:34Z" duration-ms="54259">
    <groups>
    </groups>
    <test started-at="2020-11-26T19:21:40Z" name="AppiumTests" finished-at="2020-11-26T19:22:34Z" duration-ms="54259">
      <class name="iiitd.nrl.evalapp.AmazonTests">
        <test-method is-config="true" signature="launchCap()[pri:0, instance:iiitd.nrl.evalapp.AmazonTests@22ad57eb]" started-at="2020-11-27T00:51:40Z" name="launchCap" finished-at="2020-11-27T00:51:56Z" duration-ms="15892" status="PASS">
          <reporter-output>
          </reporter-output>
        </test-method> <!-- launchCap -->
        <test-method signature="searchProduct()[pri:0, instance:iiitd.nrl.evalapp.AmazonTests@22ad57eb]" started-at="2020-11-27T00:51:56Z" name="searchProduct" finished-at="2020-11-27T00:52:34Z" duration-ms="37654" status="PASS">
          <reporter-output>
          </reporter-output>
        </test-method> <!-- searchProduct -->
        <test-method is-config="true" signature="restart(org.testng.ITestResult)[pri:0, instance:iiitd.nrl.evalapp.AmazonTests@22ad57eb]" started-at="2020-11-27T00:52:34Z" name="restart" finished-at="2020-11-27T00:52:34Z" duration-ms="707" status="PASS">
          <params>
            <param index="0">
              <value>
                <![CDATA[[TestResult name=searchProduct status=SUCCESS method=AmazonTests.searchProduct()[pri:0, instance:iiitd.nrl.evalapp.AmazonTests@22ad57eb] output={null}]]]>
              </value>
            </param>
          </params>
          <reporter-output>
          </reporter-output>
        </test-method> <!-- restart -->
        <test-method is-config="true" signature="update()[pri:0, instance:iiitd.nrl.evalapp.AmazonTests@22ad57eb]" started-at="2020-11-27T00:52:34Z" name="update" finished-at="2020-11-27T00:52:34Z" duration-ms="0" status="PASS">
          <reporter-output>
          </reporter-output>
        </test-method> <!-- update -->
      </class> <!-- iiitd.nrl.evalapp.AmazonTests -->
    </test> <!-- AppiumTests -->
  </suite> <!-- AppSuite -->
</testng-results>
