<?xml version="1.0" encoding="UTF-8"?>
<!-- Generated by org.testng.reporters.JUnitXMLReporter -->
<testsuite ignored="0" hostname="DESKTOP-FU6EMRP" failures="0" tests="3" name="GoogleMapsTest" time="148.015" errors="0" timestamp="06 Sep 2021 14:22:31 GMT">
  <testcase classname="iiitd.nrl.evalapp.TrakBytesData" name="copyTrakBytes" time="3.856"/>
  <testcase classname="iiitd.nrl.evalapp.GoogleMapsTest" name="searchPlace" time="94.755"/>
  <testcase classname="iiitd.nrl.evalapp.TrakBytesUpload" name="copyTrakBytes" time="3.903"/>
</testsuite> <!-- GoogleMapsTest -->
