<?xml version="1.0" encoding="UTF-8"?>
<!-- Generated by org.testng.reporters.JUnitXMLReporter -->
<testsuite ignored="0" hostname="DESKTOP-FU6EMRP" failures="0" tests="3" name="GoogleMapsTest" time="63.757" errors="0" timestamp="23 Aug 2021 08:20:04 GMT">
  <testcase classname="iiitd.nrl.evalapp.TrakBytesData" name="copyTrakBytes" time="3.885"/>
  <testcase classname="iiitd.nrl.evalapp.GoogleMapsTest" name="searchPlace" time="13.034"/>
  <testcase classname="iiitd.nrl.evalapp.TrakBytesUpload" name="copyTrakBytes" time="3.868"/>
</testsuite> <!-- GoogleMapsTest -->
