<?xml version="1.0" encoding="UTF-8"?>
<!-- Generated by org.testng.reporters.JUnitXMLReporter -->
<testsuite ignored="0" hostname="DESKTOP-FU6EMRP" failures="0" tests="3" name="LinkedInTests_searchTest" time="74.403" errors="0" timestamp="14 Nov 2021 15:25:35 GMT">
  <testcase classname="iiitd.nrl.evalapp.TrakBytesData" name="copyTrakBytes" time="3.863"/>
  <testcase classname="iiitd.nrl.evalapp.LinkedInTests_search" name="searchPerson" time="21.438"/>
  <testcase classname="iiitd.nrl.evalapp.TrakBytesUpload" name="copyTrakBytes" time="3.82"/>
</testsuite> <!-- LinkedInTests_searchTest -->
