<?xml version="1.0" encoding="UTF-8"?>
<!-- Generated by org.testng.reporters.JUnitXMLReporter -->
<testsuite ignored="0" hostname="DESKTOP-FU6EMRP" failures="0" tests="3" name="Flipkart_TestTest" time="94.015" errors="0" timestamp="23 Aug 2021 08:19:01 GMT">
  <testcase classname="iiitd.nrl.evalapp.TrakBytesData" name="copyTrakBytes" time="4.153"/>
  <testcase classname="iiitd.nrl.evalapp.FlipkartTests" name="getProduct" time="46.697"/>
  <testcase classname="iiitd.nrl.evalapp.TrakBytesUpload" name="copyTrakBytes" time="3.89"/>
</testsuite> <!-- Flipkart_TestTest -->
