<?xml version="1.0" encoding="UTF-8"?>
<!-- Generated by org.testng.reporters.JUnitXMLReporter -->
<testsuite ignored="0" hostname="DESKTOP-FU6EMRP" failures="0" tests="3" name="Youtube_SearchTest" time="85.181" errors="0" timestamp="27 Aug 2021 12:22:36 GMT">
  <testcase classname="iiitd.nrl.evalapp.TrakBytesData" name="@BeforeMethod launchCap" time="0.0">
    <failure type="java.lang.NullPointerException">
      <![CDATA[java.lang.NullPointerException
	at iiitd.nrl.evalapp.MyDatabase.addTestResult(MyDatabase.java:138)
	at iiitd.nrl.evalapp.TrakBytesData.launchCap(TrakBytesData.java:55)
	at iiitd.nrl.evalapp.MainLauncher.main(MainLauncher.java:324)
... Removed 23 stack frames]]>
    </failure>
  </testcase> <!-- @BeforeMethod launchCap -->
  <testcase classname="iiitd.nrl.evalapp.TrakBytesData" name="@AfterMethod restart" time="0.0">
    <skipped/>
  </testcase> <!-- @AfterMethod restart -->
  <testcase classname="iiitd.nrl.evalapp.TrakBytesData" name="copyTrakBytes" time="0.0">
    <skipped/>
  </testcase> <!-- copyTrakBytes -->
  <testcase classname="iiitd.nrl.evalapp.YouTubeTest_SearchChannel" name="channelTest" time="14.468"/>
  <testcase classname="iiitd.nrl.evalapp.TrakBytesUpload" name="copyTrakBytes" time="3.904"/>
</testsuite> <!-- Youtube_SearchTest -->
