<?xml version="1.0" encoding="UTF-8"?>
<!-- Generated by org.testng.reporters.JUnitXMLReporter -->
<testsuite ignored="0" hostname="DESKTOP-FU6EMRP" failures="0" tests="3" name="WhatsappTestsTest" time="64.401" errors="0" timestamp="27 Aug 2021 12:21:11 GMT">
  <testcase classname="iiitd.nrl.evalapp.TrakBytesData" name="copyTrakBytes" time="3.907"/>
  <testcase classname="iiitd.nrl.evalapp.WhatsappTests" name="sendMessage" time="9.0"/>
  <testcase classname="iiitd.nrl.evalapp.TrakBytesUpload" name="copyTrakBytes" time="3.898"/>
</testsuite> <!-- WhatsappTestsTest -->
