<?xml version="1.0" encoding="UTF-8"?>
<!-- Generated by org.testng.reporters.JUnitXMLReporter -->
<testsuite ignored="0" hostname="DESKTOP-FU6EMRP" failures="0" tests="3" name="WhatsappTestsTest" time="56.033" errors="0" timestamp="14 Nov 2021 15:27:30 GMT">
  <testcase classname="iiitd.nrl.evalapp.TrakBytesData" name="copyTrakBytes" time="3.979"/>
  <testcase classname="iiitd.nrl.evalapp.WhatsappTests" name="sendMessage" time="8.499"/>
  <testcase classname="iiitd.nrl.evalapp.TrakBytesUpload" name="copyTrakBytes" time="3.907"/>
</testsuite> <!-- WhatsappTestsTest -->
